#
# There is insufficient memory for the Java Runtime Environment to continue.
# Native memory allocation (mmap) failed to map 206569472 bytes for G1 virtual space
# Possible reasons:
#   The system is out of physical RAM or swap space
#   The process is running with CompressedOops enabled, and the Java Heap may be blocking the growth of the native heap
# Possible solutions:
#   Reduce memory load on the system
#   Increase physical memory or swap space
#   Check if swap backing store is full
#   Decrease Java heap size (-Xmx/-Xms)
#   Decrease number of Java threads
#   Decrease Java thread stack sizes (-Xss)
#   Set larger code cache with -XX:ReservedCodeCacheSize=
#   JVM is running with Unscaled Compressed Oops mode in which the Java heap is
#     placed in the first 4GB address space. The Java Heap base address is the
#     maximum limit for the native heap growth. Please use -XX:HeapBaseMinAddress
#     to set the Java Heap base and to place the Java Heap above 4GB virtual address.
# This output file may be truncated or incomplete.
#
#  Out of Memory Error (os_windows.cpp:3528), pid=11668, tid=3524
#
# JRE version: Java(TM) SE Runtime Environment (20.0.1+9) (build 20.0.1+9-29)
# Java VM: Java HotSpot(TM) 64-Bit Server VM (20.0.1+9-29, mixed mode, sharing, tiered, compressed oops, compressed class ptrs, g1 gc, windows-amd64)
# No core dump will be written. Minidumps are not enabled by default on client versions of Windows
#

---------------  S U M M A R Y ------------

Command Line: -javaagent:C:\Program Files\JetBrains\IntelliJ IDEA Community Edition 2024.2.2\lib\idea_rt.jar=54624:C:\Program Files\JetBrains\IntelliJ IDEA Community Edition 2024.2.2\bin -Dfile.encoding=UTF-8 -Dsun.stdout.encoding=UTF-8 -Dsun.stderr.encoding=UTF-8 capital.valar.supertrend.application.ValarTrade

Host: Intel(R) Core(TM) i3-7100U CPU @ 2.40GHz, 4 cores, 3G,  Windows 10 , 64 bit Build 19041 (10.0.19041.4842)
Time: Wed Sep 25 17:18:50 2024 India Standard Time elapsed time: 5.714981 seconds (0d 0h 0m 5s)

---------------  T H R E A D  ---------------

Current thread (0x0000017ba4f75100):  VMThread "VM Thread" [stack: 0x0000000a1d200000,0x0000000a1d300000] [id=3524]

Stack: [0x0000000a1d200000,0x0000000a1d300000]
Native frames: (J=compiled Java code, j=interpreted, Vv=VM code, C=native code)
V  [jvm.dll+0x6bb95a]
V  [jvm.dll+0x8485fa]
V  [jvm.dll+0x84a1f5]
V  [jvm.dll+0x84a8f3]
V  [jvm.dll+0x280b0f]
V  [jvm.dll+0x6b86e9]
V  [jvm.dll+0x6ad2da]
V  [jvm.dll+0x35adf5]
V  [jvm.dll+0x363016]
V  [jvm.dll+0x3b3b3e]
V  [jvm.dll+0x3b3dc5]
V  [jvm.dll+0x32b50a]
V  [jvm.dll+0x32b5b7]
V  [jvm.dll+0x373942]
V  [jvm.dll+0x372140]
V  [jvm.dll+0x32ac51]
V  [jvm.dll+0x371836]
V  [jvm.dll+0x85023e]
V  [jvm.dll+0x851351]
V  [jvm.dll+0x851859]
V  [jvm.dll+0x851ad3]
V  [jvm.dll+0x7f4b56]
V  [jvm.dll+0x6ba5cb]
C  [ucrtbase.dll+0x21bb2]
C  [KERNEL32.DLL+0x17374]
C  [ntdll.dll+0x4cc91]

VM_Operation (0x0000000a1ccfd7f0): G1CollectForAllocation, mode: safepoint, requested by thread 0x0000017b8a4c4160


---------------  P R O C E S S  ---------------

Threads class SMR info:
_java_thread_list=0x0000017ba953a9e0, length=12, elements={
0x0000017b8a4c4160, 0x0000017ba4f94570, 0x0000017ba4f95370, 0x0000017ba4f9a050,
0x0000017ba4f9ada0, 0x0000017ba4f9c6f0, 0x0000017ba4f9d030, 0x0000017ba4f9dca0,
0x0000017ba500b420, 0x0000017ba4f6c690, 0x0000017ba958e380, 0x0000017ba955d680
}

Java Threads: ( => current thread )
  0x0000017b8a4c4160 JavaThread "main" [_thread_blocked, id=10400, stack(0x0000000a1cc00000,0x0000000a1cd00000)]
  0x0000017ba4f94570 JavaThread "Reference Handler" daemon [_thread_blocked, id=16196, stack(0x0000000a1d300000,0x0000000a1d400000)]
  0x0000017ba4f95370 JavaThread "Finalizer" daemon [_thread_blocked, id=14164, stack(0x0000000a1d400000,0x0000000a1d500000)]
  0x0000017ba4f9a050 JavaThread "Signal Dispatcher" daemon [_thread_blocked, id=14532, stack(0x0000000a1d500000,0x0000000a1d600000)]
  0x0000017ba4f9ada0 JavaThread "Attach Listener" daemon [_thread_blocked, id=13624, stack(0x0000000a1d600000,0x0000000a1d700000)]
  0x0000017ba4f9c6f0 JavaThread "Service Thread" daemon [_thread_blocked, id=7224, stack(0x0000000a1d700000,0x0000000a1d800000)]
  0x0000017ba4f9d030 JavaThread "Monitor Deflation Thread" daemon [_thread_blocked, id=7596, stack(0x0000000a1d800000,0x0000000a1d900000)]
  0x0000017ba4f9dca0 JavaThread "C2 CompilerThread0" daemon [_thread_blocked, id=7748, stack(0x0000000a1d900000,0x0000000a1da00000)]
  0x0000017ba500b420 JavaThread "C1 CompilerThread0" daemon [_thread_blocked, id=2252, stack(0x0000000a1da00000,0x0000000a1db00000)]
  0x0000017ba4f6c690 JavaThread "Common-Cleaner" daemon [_thread_blocked, id=5080, stack(0x0000000a1db00000,0x0000000a1dc00000)]
  0x0000017ba958e380 JavaThread "Monitor Ctrl-Break" daemon [_thread_in_native, id=260, stack(0x0000000a1dc00000,0x0000000a1dd00000)]
  0x0000017ba955d680 JavaThread "Notification Thread" daemon [_thread_blocked, id=10928, stack(0x0000000a1dd00000,0x0000000a1de00000)]

Other Threads:
=>0x0000017ba4f75100 VMThread "VM Thread" [stack: 0x0000000a1d200000,0x0000000a1d300000] [id=3524]
  0x0000017ba955e3e0 WatcherThread "VM Periodic Task Thread" [stack: 0x0000000a1de00000,0x0000000a1df00000] [id=9788]
  0x0000017b8a5015b0 WorkerThread "GC Thread#0" [stack: 0x0000000a1cd00000,0x0000000a1ce00000] [id=7800]
  0x0000017ba96a5e90 WorkerThread "GC Thread#1" [stack: 0x0000000a1df00000,0x0000000a1e000000] [id=2212]
  0x0000017ba96b5300 WorkerThread "GC Thread#2" [stack: 0x0000000a1e000000,0x0000000a1e100000] [id=6664]
  0x0000017ba96b55d0 WorkerThread "GC Thread#3" [stack: 0x0000000a1e100000,0x0000000a1e200000] [id=11544]
  0x0000017b8a50a3a0 ConcurrentGCThread "G1 Main Marker" [stack: 0x0000000a1ce00000,0x0000000a1cf00000] [id=12240]
  0x0000017b8a50b570 WorkerThread "G1 Conc#0" [stack: 0x0000000a1cf00000,0x0000000a1d000000] [id=12612]
  0x0000017b8a562ea0 ConcurrentGCThread "G1 Refine#0" [stack: 0x0000000a1d000000,0x0000000a1d100000] [id=11164]
  0x0000017b8a563940 ConcurrentGCThread "G1 Service" [stack: 0x0000000a1d100000,0x0000000a1d200000] [id=8180]

Threads with active compile tasks:

VM state: at safepoint (normal execution)

VM Mutex/Monitor currently owned by a thread:  ([mutex/lock_event])
[0x0000017b8a4be8a0] Threads_lock - owner thread: 0x0000017ba4f75100
[0x0000017b8a4bf3e0] Heap_lock - owner thread: 0x0000017b8a4c4160

Heap address: 0x00000000c1600000, size: 1002 MB, Compressed Oops mode: 32-bit

CDS archive(s) mapped at: [0x0000000800000000-0x0000000800c60000-0x0000000800c60000), size 12976128, SharedBaseAddress: 0x0000000800000000, ArchiveRelocationMode: 0.
Compressed class space mapped at: 0x0000000801000000-0x0000000841000000, reserved size: 1073741824
Narrow klass base: 0x0000000800000000, Narrow klass shift: 0, Narrow klass range: 0x100000000

GC Precious Log:
 CardTable entry size: 512
 Card Set container configuration: InlinePtr #cards 5 size 8 Array Of Cards #cards 12 size 40 Howl #buckets 4 coarsen threshold 1843 Howl Bitmap #cards 512 size 80 coarsen threshold 460 Card regions per heap region 1 cards per card region 2048
 CPUs: 4 total, 4 available
 Memory: 4007M
 Large Page Support: Disabled
 NUMA Support: Disabled
 Compressed Oops: Enabled (32-bit)
 Heap Region Size: 1M
 Heap Min Capacity: 8M
 Heap Initial Capacity: 64M
 Heap Max Capacity: 1002M
 Pre-touch: Disabled
 Parallel Workers: 4
 Concurrent Workers: 1
 Concurrent Refinement Workers: 4
 Periodic GC: Disabled

Heap:
 garbage-first heap   total 230400K, used 172544K [0x00000000c1600000, 0x0000000100000000)
  region size 1024K, 4 young (4096K), 4 survivors (4096K)
 Metaspace       used 1795K, committed 1984K, reserved 1114112K
  class space    used 149K, committed 256K, reserved 1048576K

Heap Regions: E=young(eden), S=young(survivor), O=old, HS=humongous(starts), HC=humongous(continues), CS=collection set, F=free, OA=open archive, CA=closed archive, TAMS=top-at-mark-start, PB=parsable bottom
|   0|0x00000000c1600000, 0x00000000c1700000, 0x00000000c1700000|100%| O|  |TAMS 0x00000000c1600000| PB 0x00000000c1600000| Untracked 
|   1|0x00000000c1700000, 0x00000000c1800000, 0x00000000c1800000|100%| O|  |TAMS 0x00000000c1700000| PB 0x00000000c1700000| Untracked 
|   2|0x00000000c1800000, 0x00000000c1900000, 0x00000000c1900000|100%| O|  |TAMS 0x00000000c1800000| PB 0x00000000c1800000| Untracked 
|   3|0x00000000c1900000, 0x00000000c1a00000, 0x00000000c1a00000|100%| O|  |TAMS 0x00000000c1900000| PB 0x00000000c1900000| Untracked 
|   4|0x00000000c1a00000, 0x00000000c1b00000, 0x00000000c1b00000|100%| O|  |TAMS 0x00000000c1a00000| PB 0x00000000c1a00000| Untracked 
|   5|0x00000000c1b00000, 0x00000000c1c00000, 0x00000000c1c00000|100%| O|  |TAMS 0x00000000c1b00000| PB 0x00000000c1b00000| Untracked 
|   6|0x00000000c1c00000, 0x00000000c1d00000, 0x00000000c1d00000|100%| O|  |TAMS 0x00000000c1c00000| PB 0x00000000c1c00000| Untracked 
|   7|0x00000000c1d00000, 0x00000000c1e00000, 0x00000000c1e00000|100%| O|  |TAMS 0x00000000c1d00000| PB 0x00000000c1d00000| Untracked 
|   8|0x00000000c1e00000, 0x00000000c1f00000, 0x00000000c1f00000|100%| O|  |TAMS 0x00000000c1e00000| PB 0x00000000c1e00000| Untracked 
|   9|0x00000000c1f00000, 0x00000000c2000000, 0x00000000c2000000|100%| O|  |TAMS 0x00000000c1f00000| PB 0x00000000c1f00000| Untracked 
|  10|0x00000000c2000000, 0x00000000c2100000, 0x00000000c2100000|100%| O|  |TAMS 0x00000000c2000000| PB 0x00000000c2000000| Untracked 
|  11|0x00000000c2100000, 0x00000000c2200000, 0x00000000c2200000|100%| O|  |TAMS 0x00000000c2100000| PB 0x00000000c2100000| Untracked 
|  12|0x00000000c2200000, 0x00000000c2300000, 0x00000000c2300000|100%| O|  |TAMS 0x00000000c2200000| PB 0x00000000c2200000| Untracked 
|  13|0x00000000c2300000, 0x00000000c2400000, 0x00000000c2400000|100%| O|  |TAMS 0x00000000c2300000| PB 0x00000000c2300000| Untracked 
|  14|0x00000000c2400000, 0x00000000c2500000, 0x00000000c2500000|100%| O|  |TAMS 0x00000000c2400000| PB 0x00000000c2400000| Untracked 
|  15|0x00000000c2500000, 0x00000000c2600000, 0x00000000c2600000|100%| O|  |TAMS 0x00000000c2500000| PB 0x00000000c2500000| Untracked 
|  16|0x00000000c2600000, 0x00000000c2700000, 0x00000000c2700000|100%| O|  |TAMS 0x00000000c2600000| PB 0x00000000c2600000| Untracked 
|  17|0x00000000c2700000, 0x00000000c2800000, 0x00000000c2800000|100%|HS|  |TAMS 0x00000000c2700000| PB 0x00000000c2700000| Complete 
|  18|0x00000000c2800000, 0x00000000c2900000, 0x00000000c2900000|100%|HC|  |TAMS 0x00000000c2800000| PB 0x00000000c2800000| Complete 
|  19|0x00000000c2900000, 0x00000000c2a00000, 0x00000000c2a00000|100%| O|  |TAMS 0x00000000c2900000| PB 0x00000000c2900000| Untracked 
|  20|0x00000000c2a00000, 0x00000000c2b00000, 0x00000000c2b00000|100%| O|  |TAMS 0x00000000c2a00000| PB 0x00000000c2a00000| Untracked 
|  21|0x00000000c2b00000, 0x00000000c2c00000, 0x00000000c2c00000|100%| O|  |TAMS 0x00000000c2b00000| PB 0x00000000c2b00000| Untracked 
|  22|0x00000000c2c00000, 0x00000000c2d00000, 0x00000000c2d00000|100%| O|  |TAMS 0x00000000c2c00000| PB 0x00000000c2c00000| Untracked 
|  23|0x00000000c2d00000, 0x00000000c2e00000, 0x00000000c2e00000|100%| O|  |TAMS 0x00000000c2d00000| PB 0x00000000c2d00000| Untracked 
|  24|0x00000000c2e00000, 0x00000000c2f00000, 0x00000000c2f00000|100%| O|  |TAMS 0x00000000c2e00000| PB 0x00000000c2e00000| Untracked 
|  25|0x00000000c2f00000, 0x00000000c3000000, 0x00000000c3000000|100%| O|  |TAMS 0x00000000c2f00000| PB 0x00000000c2f00000| Untracked 
|  26|0x00000000c3000000, 0x00000000c3100000, 0x00000000c3100000|100%| O|  |TAMS 0x00000000c3000000| PB 0x00000000c3000000| Untracked 
|  27|0x00000000c3100000, 0x00000000c3200000, 0x00000000c3200000|100%| O|  |TAMS 0x00000000c3100000| PB 0x00000000c3100000| Untracked 
|  28|0x00000000c3200000, 0x00000000c3300000, 0x00000000c3300000|100%| O|  |TAMS 0x00000000c3200000| PB 0x00000000c3200000| Untracked 
|  29|0x00000000c3300000, 0x00000000c3400000, 0x00000000c3400000|100%| O|  |TAMS 0x00000000c3300000| PB 0x00000000c3300000| Untracked 
|  30|0x00000000c3400000, 0x00000000c3500000, 0x00000000c3500000|100%| O|  |TAMS 0x00000000c3400000| PB 0x00000000c3400000| Untracked 
|  31|0x00000000c3500000, 0x00000000c3600000, 0x00000000c3600000|100%| O|  |TAMS 0x00000000c3500000| PB 0x00000000c3500000| Untracked 
|  32|0x00000000c3600000, 0x00000000c3700000, 0x00000000c3700000|100%| O|  |TAMS 0x00000000c3600000| PB 0x00000000c3600000| Untracked 
|  33|0x00000000c3700000, 0x00000000c3800000, 0x00000000c3800000|100%| O|  |TAMS 0x00000000c3700000| PB 0x00000000c3700000| Untracked 
|  34|0x00000000c3800000, 0x00000000c3900000, 0x00000000c3900000|100%| O|  |TAMS 0x00000000c3800000| PB 0x00000000c3800000| Untracked 
|  35|0x00000000c3900000, 0x00000000c3a00000, 0x00000000c3a00000|100%| O|  |TAMS 0x00000000c3900000| PB 0x00000000c3900000| Untracked 
|  36|0x00000000c3a00000, 0x00000000c3b00000, 0x00000000c3b00000|100%| O|  |TAMS 0x00000000c3a00000| PB 0x00000000c3a00000| Untracked 
|  37|0x00000000c3b00000, 0x00000000c3c00000, 0x00000000c3c00000|100%| O|  |TAMS 0x00000000c3b00000| PB 0x00000000c3b00000| Untracked 
|  38|0x00000000c3c00000, 0x00000000c3d00000, 0x00000000c3d00000|100%|HS|  |TAMS 0x00000000c3c00000| PB 0x00000000c3c00000| Complete 
|  39|0x00000000c3d00000, 0x00000000c3e00000, 0x00000000c3e00000|100%|HC|  |TAMS 0x00000000c3d00000| PB 0x00000000c3d00000| Complete 
|  40|0x00000000c3e00000, 0x00000000c3f00000, 0x00000000c3f00000|100%|HC|  |TAMS 0x00000000c3e00000| PB 0x00000000c3e00000| Complete 
|  41|0x00000000c3f00000, 0x00000000c4000000, 0x00000000c4000000|100%| O|  |TAMS 0x00000000c3f00000| PB 0x00000000c3f00000| Untracked 
|  42|0x00000000c4000000, 0x00000000c4100000, 0x00000000c4100000|100%| O|  |TAMS 0x00000000c4000000| PB 0x00000000c4000000| Untracked 
|  43|0x00000000c4100000, 0x00000000c4200000, 0x00000000c4200000|100%| O|  |TAMS 0x00000000c4100000| PB 0x00000000c4100000| Untracked 
|  44|0x00000000c4200000, 0x00000000c4300000, 0x00000000c4300000|100%| O|  |TAMS 0x00000000c4200000| PB 0x00000000c4200000| Untracked 
|  45|0x00000000c4300000, 0x00000000c4400000, 0x00000000c4400000|100%| O|  |TAMS 0x00000000c4300000| PB 0x00000000c4300000| Complete 
|  46|0x00000000c4400000, 0x00000000c4500000, 0x00000000c4500000|100%| O|  |TAMS 0x00000000c4400000| PB 0x00000000c4400000| Untracked 
|  47|0x00000000c4500000, 0x00000000c4600000, 0x00000000c4600000|100%| O|  |TAMS 0x00000000c4500000| PB 0x00000000c4500000| Untracked 
|  48|0x00000000c4600000, 0x00000000c4700000, 0x00000000c4700000|100%| O|  |TAMS 0x00000000c4600000| PB 0x00000000c4600000| Untracked 
|  49|0x00000000c4700000, 0x00000000c4800000, 0x00000000c4800000|100%| O|  |TAMS 0x00000000c4700000| PB 0x00000000c4700000| Untracked 
|  50|0x00000000c4800000, 0x00000000c4900000, 0x00000000c4900000|100%| O|  |TAMS 0x00000000c4800000| PB 0x00000000c4800000| Untracked 
|  51|0x00000000c4900000, 0x00000000c4a00000, 0x00000000c4a00000|100%| O|  |TAMS 0x00000000c4900000| PB 0x00000000c4900000| Untracked 
|  52|0x00000000c4a00000, 0x00000000c4b00000, 0x00000000c4b00000|100%| O|  |TAMS 0x00000000c4a00000| PB 0x00000000c4a00000| Untracked 
|  53|0x00000000c4b00000, 0x00000000c4c00000, 0x00000000c4c00000|100%| O|  |TAMS 0x00000000c4b00000| PB 0x00000000c4b00000| Untracked 
|  54|0x00000000c4c00000, 0x00000000c4d00000, 0x00000000c4d00000|100%| O|  |TAMS 0x00000000c4c00000| PB 0x00000000c4c00000| Untracked 
|  55|0x00000000c4d00000, 0x00000000c4e00000, 0x00000000c4e00000|100%| O|  |TAMS 0x00000000c4d00000| PB 0x00000000c4d00000| Untracked 
|  56|0x00000000c4e00000, 0x00000000c4f00000, 0x00000000c4f00000|100%| O|  |TAMS 0x00000000c4e00000| PB 0x00000000c4e00000| Untracked 
|  57|0x00000000c4f00000, 0x00000000c5000000, 0x00000000c5000000|100%| O|  |TAMS 0x00000000c4f00000| PB 0x00000000c4f00000| Untracked 
|  58|0x00000000c5000000, 0x00000000c5100000, 0x00000000c5100000|100%| O|  |TAMS 0x00000000c5000000| PB 0x00000000c5000000| Untracked 
|  59|0x00000000c5100000, 0x00000000c5200000, 0x00000000c5200000|100%| O|  |TAMS 0x00000000c5100000| PB 0x00000000c5100000| Untracked 
|  60|0x00000000c5200000, 0x00000000c5300000, 0x00000000c5300000|100%| O|  |TAMS 0x00000000c5200000| PB 0x00000000c5200000| Untracked 
|  61|0x00000000c5300000, 0x00000000c5400000, 0x00000000c5400000|100%| O|  |TAMS 0x00000000c5300000| PB 0x00000000c5300000| Untracked 
|  62|0x00000000c5400000, 0x00000000c5500000, 0x00000000c5500000|100%| O|  |TAMS 0x00000000c5400000| PB 0x00000000c5400000| Untracked 
|  63|0x00000000c5500000, 0x00000000c5600000, 0x00000000c5600000|100%| O|  |TAMS 0x00000000c5500000| PB 0x00000000c5500000| Untracked 
|  64|0x00000000c5600000, 0x00000000c5700000, 0x00000000c5700000|100%|HS|  |TAMS 0x00000000c5600000| PB 0x00000000c5600000| Complete 
|  65|0x00000000c5700000, 0x00000000c5800000, 0x00000000c5800000|100%| O|  |TAMS 0x00000000c5700000| PB 0x00000000c5700000| Untracked 
|  66|0x00000000c5800000, 0x00000000c5900000, 0x00000000c5900000|100%| O|  |TAMS 0x00000000c5800000| PB 0x00000000c5800000| Untracked 
|  67|0x00000000c5900000, 0x00000000c5a00000, 0x00000000c5a00000|100%| O|  |TAMS 0x00000000c5900000| PB 0x00000000c5900000| Untracked 
|  68|0x00000000c5a00000, 0x00000000c5b00000, 0x00000000c5b00000|100%| O|  |TAMS 0x00000000c5a00000| PB 0x00000000c5a00000| Untracked 
|  69|0x00000000c5b00000, 0x00000000c5c00000, 0x00000000c5c00000|100%| O|  |TAMS 0x00000000c5b00000| PB 0x00000000c5b00000| Untracked 
|  70|0x00000000c5c00000, 0x00000000c5d00000, 0x00000000c5d00000|100%| O|  |TAMS 0x00000000c5c00000| PB 0x00000000c5c00000| Untracked 
|  71|0x00000000c5d00000, 0x00000000c5e00000, 0x00000000c5e00000|100%| O|  |TAMS 0x00000000c5d00000| PB 0x00000000c5d00000| Untracked 
|  72|0x00000000c5e00000, 0x00000000c5f00000, 0x00000000c5f00000|100%| O|  |TAMS 0x00000000c5e00000| PB 0x00000000c5e00000| Untracked 
|  73|0x00000000c5f00000, 0x00000000c6000000, 0x00000000c6000000|100%| O|  |TAMS 0x00000000c5f00000| PB 0x00000000c5f00000| Untracked 
|  74|0x00000000c6000000, 0x00000000c6100000, 0x00000000c6100000|100%| O|  |TAMS 0x00000000c6000000| PB 0x00000000c6000000| Untracked 
|  75|0x00000000c6100000, 0x00000000c6200000, 0x00000000c6200000|100%| O|  |TAMS 0x00000000c6100000| PB 0x00000000c6100000| Untracked 
|  76|0x00000000c6200000, 0x00000000c6300000, 0x00000000c6300000|100%| O|  |TAMS 0x00000000c6200000| PB 0x00000000c6200000| Untracked 
|  77|0x00000000c6300000, 0x00000000c6400000, 0x00000000c6400000|100%| O|  |TAMS 0x00000000c6300000| PB 0x00000000c6300000| Untracked 
|  78|0x00000000c6400000, 0x00000000c6500000, 0x00000000c6500000|100%| O|  |TAMS 0x00000000c6400000| PB 0x00000000c6400000| Untracked 
|  79|0x00000000c6500000, 0x00000000c6500000, 0x00000000c6600000|  0%| F|  |TAMS 0x00000000c6500000| PB 0x00000000c6500000| Untracked 
|  80|0x00000000c6600000, 0x00000000c6700000, 0x00000000c6700000|100%| O|  |TAMS 0x00000000c6600000| PB 0x00000000c6600000| Untracked 
|  81|0x00000000c6700000, 0x00000000c6800000, 0x00000000c6800000|100%|HS|  |TAMS 0x00000000c6700000| PB 0x00000000c6700000| Complete 
|  82|0x00000000c6800000, 0x00000000c6900000, 0x00000000c6900000|100%|HC|  |TAMS 0x00000000c6800000| PB 0x00000000c6800000| Complete 
|  83|0x00000000c6900000, 0x00000000c6a00000, 0x00000000c6a00000|100%|HC|  |TAMS 0x00000000c6900000| PB 0x00000000c6900000| Complete 
|  84|0x00000000c6a00000, 0x00000000c6b00000, 0x00000000c6b00000|100%|HC|  |TAMS 0x00000000c6a00000| PB 0x00000000c6a00000| Complete 
|  85|0x00000000c6b00000, 0x00000000c6c00000, 0x00000000c6c00000|100%|HC|  |TAMS 0x00000000c6b00000| PB 0x00000000c6b00000| Complete 
|  86|0x00000000c6c00000, 0x00000000c6d00000, 0x00000000c6d00000|100%| O|  |TAMS 0x00000000c6c00000| PB 0x00000000c6c00000| Untracked 
|  87|0x00000000c6d00000, 0x00000000c6e00000, 0x00000000c6e00000|100%| O|  |TAMS 0x00000000c6d00000| PB 0x00000000c6d00000| Untracked 
|  88|0x00000000c6e00000, 0x00000000c6f00000, 0x00000000c6f00000|100%| O|  |TAMS 0x00000000c6e00000| PB 0x00000000c6e00000| Untracked 
|  89|0x00000000c6f00000, 0x00000000c7000000, 0x00000000c7000000|100%| O|  |TAMS 0x00000000c6f00000| PB 0x00000000c6f00000| Untracked 
|  90|0x00000000c7000000, 0x00000000c7100000, 0x00000000c7100000|100%| O|  |TAMS 0x00000000c7000000| PB 0x00000000c7000000| Untracked 
|  91|0x00000000c7100000, 0x00000000c7200000, 0x00000000c7200000|100%| O|  |TAMS 0x00000000c7100000| PB 0x00000000c7100000| Untracked 
|  92|0x00000000c7200000, 0x00000000c7300000, 0x00000000c7300000|100%| O|  |TAMS 0x00000000c7200000| PB 0x00000000c7200000| Untracked 
|  93|0x00000000c7300000, 0x00000000c7400000, 0x00000000c7400000|100%| O|  |TAMS 0x00000000c7300000| PB 0x00000000c7300000| Untracked 
|  94|0x00000000c7400000, 0x00000000c7500000, 0x00000000c7500000|100%| O|  |TAMS 0x00000000c7400000| PB 0x00000000c7400000| Untracked 
|  95|0x00000000c7500000, 0x00000000c7600000, 0x00000000c7600000|100%| O|  |TAMS 0x00000000c7500000| PB 0x00000000c7500000| Untracked 
|  96|0x00000000c7600000, 0x00000000c7700000, 0x00000000c7700000|100%| O|  |TAMS 0x00000000c7600000| PB 0x00000000c7600000| Untracked 
|  97|0x00000000c7700000, 0x00000000c7800000, 0x00000000c7800000|100%| O|  |TAMS 0x00000000c7700000| PB 0x00000000c7700000| Untracked 
|  98|0x00000000c7800000, 0x00000000c7900000, 0x00000000c7900000|100%| O|  |TAMS 0x00000000c7800000| PB 0x00000000c7800000| Untracked 
|  99|0x00000000c7900000, 0x00000000c7a00000, 0x00000000c7a00000|100%| O|  |TAMS 0x00000000c7900000| PB 0x00000000c7900000| Untracked 
| 100|0x00000000c7a00000, 0x00000000c7b00000, 0x00000000c7b00000|100%| O|  |TAMS 0x00000000c7a00000| PB 0x00000000c7a00000| Untracked 
| 101|0x00000000c7b00000, 0x00000000c7c00000, 0x00000000c7c00000|100%| O|  |TAMS 0x00000000c7b00000| PB 0x00000000c7b00000| Untracked 
| 102|0x00000000c7c00000, 0x00000000c7d00000, 0x00000000c7d00000|100%| O|  |TAMS 0x00000000c7c00000| PB 0x00000000c7c00000| Untracked 
| 103|0x00000000c7d00000, 0x00000000c7e00000, 0x00000000c7e00000|100%| O|  |TAMS 0x00000000c7d00000| PB 0x00000000c7d00000| Untracked 
| 104|0x00000000c7e00000, 0x00000000c7f00000, 0x00000000c7f00000|100%| O|  |TAMS 0x00000000c7e00000| PB 0x00000000c7e00000| Untracked 
| 105|0x00000000c7f00000, 0x00000000c8000000, 0x00000000c8000000|100%| O|  |TAMS 0x00000000c7f00000| PB 0x00000000c7f00000| Untracked 
| 106|0x00000000c8000000, 0x00000000c8100000, 0x00000000c8100000|100%| O|  |TAMS 0x00000000c8000000| PB 0x00000000c8000000| Untracked 
| 107|0x00000000c8100000, 0x00000000c8200000, 0x00000000c8200000|100%| O|  |TAMS 0x00000000c8100000| PB 0x00000000c8100000| Untracked 
| 108|0x00000000c8200000, 0x00000000c8300000, 0x00000000c8300000|100%| O|  |TAMS 0x00000000c8200000| PB 0x00000000c8200000| Untracked 
| 109|0x00000000c8300000, 0x00000000c8400000, 0x00000000c8400000|100%|HS|  |TAMS 0x00000000c8300000| PB 0x00000000c8300000| Complete 
| 110|0x00000000c8400000, 0x00000000c8500000, 0x00000000c8500000|100%| O|  |TAMS 0x00000000c8400000| PB 0x00000000c8400000| Untracked 
| 111|0x00000000c8500000, 0x00000000c8600000, 0x00000000c8600000|100%| O|  |TAMS 0x00000000c8500000| PB 0x00000000c8500000| Untracked 
| 112|0x00000000c8600000, 0x00000000c8700000, 0x00000000c8700000|100%| O|  |TAMS 0x00000000c8600000| PB 0x00000000c8600000| Untracked 
| 113|0x00000000c8700000, 0x00000000c8800000, 0x00000000c8800000|100%| O|  |TAMS 0x00000000c8700000| PB 0x00000000c8700000| Untracked 
| 114|0x00000000c8800000, 0x00000000c8900000, 0x00000000c8900000|100%| O|  |TAMS 0x00000000c8800000| PB 0x00000000c8800000| Untracked 
| 115|0x00000000c8900000, 0x00000000c8a00000, 0x00000000c8a00000|100%| O|  |TAMS 0x00000000c8900000| PB 0x00000000c8900000| Untracked 
| 116|0x00000000c8a00000, 0x00000000c8b00000, 0x00000000c8b00000|100%| O|  |TAMS 0x00000000c8a00000| PB 0x00000000c8a00000| Untracked 
| 117|0x00000000c8b00000, 0x00000000c8c00000, 0x00000000c8c00000|100%| O|  |TAMS 0x00000000c8b00000| PB 0x00000000c8b00000| Untracked 
| 118|0x00000000c8c00000, 0x00000000c8d00000, 0x00000000c8d00000|100%| O|  |TAMS 0x00000000c8c00000| PB 0x00000000c8c00000| Untracked 
| 119|0x00000000c8d00000, 0x00000000c8e00000, 0x00000000c8e00000|100%| O|  |TAMS 0x00000000c8d00000| PB 0x00000000c8d00000| Untracked 
| 120|0x00000000c8e00000, 0x00000000c8f00000, 0x00000000c8f00000|100%| O|  |TAMS 0x00000000c8e00000| PB 0x00000000c8e00000| Untracked 
| 121|0x00000000c8f00000, 0x00000000c9000000, 0x00000000c9000000|100%| O|  |TAMS 0x00000000c8f00000| PB 0x00000000c8f00000| Untracked 
| 122|0x00000000c9000000, 0x00000000c9100000, 0x00000000c9100000|100%| O|  |TAMS 0x00000000c9000000| PB 0x00000000c9000000| Untracked 
| 123|0x00000000c9100000, 0x00000000c9200000, 0x00000000c9200000|100%| O|  |TAMS 0x00000000c9100000| PB 0x00000000c9100000| Untracked 
| 124|0x00000000c9200000, 0x00000000c9300000, 0x00000000c9300000|100%| O|  |TAMS 0x00000000c9200000| PB 0x00000000c9200000| Untracked 
| 125|0x00000000c9300000, 0x00000000c9400000, 0x00000000c9400000|100%| O|  |TAMS 0x00000000c9300000| PB 0x00000000c9300000| Untracked 
| 126|0x00000000c9400000, 0x00000000c9500000, 0x00000000c9500000|100%| O|  |TAMS 0x00000000c9400000| PB 0x00000000c9400000| Untracked 
| 127|0x00000000c9500000, 0x00000000c9600000, 0x00000000c9600000|100%| O|  |TAMS 0x00000000c9500000| PB 0x00000000c9500000| Untracked 
| 128|0x00000000c9600000, 0x00000000c9700000, 0x00000000c9700000|100%| O|  |TAMS 0x00000000c9600000| PB 0x00000000c9600000| Untracked 
| 129|0x00000000c9700000, 0x00000000c9800000, 0x00000000c9800000|100%| O|  |TAMS 0x00000000c9700000| PB 0x00000000c9700000| Untracked 
| 130|0x00000000c9800000, 0x00000000c9900000, 0x00000000c9900000|100%| O|  |TAMS 0x00000000c9800000| PB 0x00000000c9800000| Untracked 
| 131|0x00000000c9900000, 0x00000000c9a00000, 0x00000000c9a00000|100%| O|  |TAMS 0x00000000c9900000| PB 0x00000000c9900000| Untracked 
| 132|0x00000000c9a00000, 0x00000000c9b00000, 0x00000000c9b00000|100%| O|  |TAMS 0x00000000c9a00000| PB 0x00000000c9a00000| Untracked 
| 133|0x00000000c9b00000, 0x00000000c9c00000, 0x00000000c9c00000|100%| O|  |TAMS 0x00000000c9b00000| PB 0x00000000c9b00000| Untracked 
| 134|0x00000000c9c00000, 0x00000000c9d00000, 0x00000000c9d00000|100%| O|  |TAMS 0x00000000c9c00000| PB 0x00000000c9c00000| Untracked 
| 135|0x00000000c9d00000, 0x00000000c9e00000, 0x00000000c9e00000|100%| O|  |TAMS 0x00000000c9d00000| PB 0x00000000c9d00000| Untracked 
| 136|0x00000000c9e00000, 0x00000000c9f00000, 0x00000000c9f00000|100%| O|  |TAMS 0x00000000c9e00000| PB 0x00000000c9e00000| Untracked 
| 137|0x00000000c9f00000, 0x00000000ca000000, 0x00000000ca000000|100%| O|  |TAMS 0x00000000c9f00000| PB 0x00000000c9f00000| Untracked 
| 138|0x00000000ca000000, 0x00000000ca100000, 0x00000000ca100000|100%| O|  |TAMS 0x00000000ca000000| PB 0x00000000ca000000| Untracked 
| 139|0x00000000ca100000, 0x00000000ca200000, 0x00000000ca200000|100%|HS|  |TAMS 0x00000000ca100000| PB 0x00000000ca100000| Complete 
| 140|0x00000000ca200000, 0x00000000ca300000, 0x00000000ca300000|100%|HC|  |TAMS 0x00000000ca200000| PB 0x00000000ca200000| Complete 
| 141|0x00000000ca300000, 0x00000000ca400000, 0x00000000ca400000|100%|HC|  |TAMS 0x00000000ca300000| PB 0x00000000ca300000| Complete 
| 142|0x00000000ca400000, 0x00000000ca500000, 0x00000000ca500000|100%|HC|  |TAMS 0x00000000ca400000| PB 0x00000000ca400000| Complete 
| 143|0x00000000ca500000, 0x00000000ca600000, 0x00000000ca600000|100%| O|  |TAMS 0x00000000ca500000| PB 0x00000000ca500000| Untracked 
| 144|0x00000000ca600000, 0x00000000ca700000, 0x00000000ca700000|100%| O|  |TAMS 0x00000000ca600000| PB 0x00000000ca600000| Untracked 
| 145|0x00000000ca700000, 0x00000000ca800000, 0x00000000ca800000|100%| O|  |TAMS 0x00000000ca700000| PB 0x00000000ca700000| Untracked 
| 146|0x00000000ca800000, 0x00000000ca900000, 0x00000000ca900000|100%| O|  |TAMS 0x00000000ca800000| PB 0x00000000ca800000| Untracked 
| 147|0x00000000ca900000, 0x00000000caa00000, 0x00000000caa00000|100%| O|  |TAMS 0x00000000ca900000| PB 0x00000000ca900000| Untracked 
| 148|0x00000000caa00000, 0x00000000cab00000, 0x00000000cab00000|100%| O|  |TAMS 0x00000000caa00000| PB 0x00000000caa00000| Untracked 
| 149|0x00000000cab00000, 0x00000000cac00000, 0x00000000cac00000|100%| O|  |TAMS 0x00000000cab00000| PB 0x00000000cab00000| Untracked 
| 150|0x00000000cac00000, 0x00000000cad00000, 0x00000000cad00000|100%| O|  |TAMS 0x00000000cac00000| PB 0x00000000cac00000| Untracked 
| 151|0x00000000cad00000, 0x00000000cae00000, 0x00000000cae00000|100%| O|  |TAMS 0x00000000cad00000| PB 0x00000000cad00000| Untracked 
| 152|0x00000000cae00000, 0x00000000caf00000, 0x00000000caf00000|100%| O|  |TAMS 0x00000000cae00000| PB 0x00000000cae00000| Untracked 
| 153|0x00000000caf00000, 0x00000000cb000000, 0x00000000cb000000|100%| O|  |TAMS 0x00000000caf00000| PB 0x00000000caf00000| Untracked 
| 154|0x00000000cb000000, 0x00000000cb100000, 0x00000000cb100000|100%| O|  |TAMS 0x00000000cb000000| PB 0x00000000cb000000| Untracked 
| 155|0x00000000cb100000, 0x00000000cb200000, 0x00000000cb200000|100%| O|  |TAMS 0x00000000cb100000| PB 0x00000000cb100000| Untracked 
| 156|0x00000000cb200000, 0x00000000cb300000, 0x00000000cb300000|100%| O|  |TAMS 0x00000000cb200000| PB 0x00000000cb200000| Untracked 
| 157|0x00000000cb300000, 0x00000000cb400000, 0x00000000cb400000|100%| O|  |TAMS 0x00000000cb300000| PB 0x00000000cb300000| Untracked 
| 158|0x00000000cb400000, 0x00000000cb500000, 0x00000000cb500000|100%| O|  |TAMS 0x00000000cb400000| PB 0x00000000cb400000| Untracked 
| 159|0x00000000cb500000, 0x00000000cb600000, 0x00000000cb600000|100%| O|  |TAMS 0x00000000cb500000| PB 0x00000000cb500000| Untracked 
| 160|0x00000000cb600000, 0x00000000cb700000, 0x00000000cb700000|100%| O|  |TAMS 0x00000000cb600000| PB 0x00000000cb600000| Untracked 
| 161|0x00000000cb700000, 0x00000000cb800000, 0x00000000cb800000|100%| O|  |TAMS 0x00000000cb700000| PB 0x00000000cb700000| Untracked 
| 162|0x00000000cb800000, 0x00000000cb900000, 0x00000000cb900000|100%| O|  |TAMS 0x00000000cb800000| PB 0x00000000cb800000| Untracked 
| 163|0x00000000cb900000, 0x00000000cba00000, 0x00000000cba00000|100%| O|  |TAMS 0x00000000cb900000| PB 0x00000000cb900000| Untracked 
| 164|0x00000000cba00000, 0x00000000cbb00000, 0x00000000cbb00000|100%| O|  |TAMS 0x00000000cba00000| PB 0x00000000cba00000| Untracked 
| 165|0x00000000cbb00000, 0x00000000cbb80000, 0x00000000cbc00000| 50%| O|  |TAMS 0x00000000cbb00000| PB 0x00000000cbb00000| Untracked 
| 166|0x00000000cbc00000, 0x00000000cbc00000, 0x00000000cbd00000|  0%| F|  |TAMS 0x00000000cbc00000| PB 0x00000000cbc00000| Untracked 
| 167|0x00000000cbd00000, 0x00000000cbd00000, 0x00000000cbe00000|  0%| F|  |TAMS 0x00000000cbd00000| PB 0x00000000cbd00000| Untracked 
| 168|0x00000000cbe00000, 0x00000000cbe00000, 0x00000000cbf00000|  0%| F|  |TAMS 0x00000000cbe00000| PB 0x00000000cbe00000| Untracked 
| 169|0x00000000cbf00000, 0x00000000cbf00000, 0x00000000cc000000|  0%| F|  |TAMS 0x00000000cbf00000| PB 0x00000000cbf00000| Untracked 
| 170|0x00000000cc000000, 0x00000000cc000000, 0x00000000cc100000|  0%| F|  |TAMS 0x00000000cc000000| PB 0x00000000cc000000| Untracked 
| 171|0x00000000cc100000, 0x00000000cc100000, 0x00000000cc200000|  0%| F|  |TAMS 0x00000000cc100000| PB 0x00000000cc100000| Untracked 
| 172|0x00000000cc200000, 0x00000000cc200000, 0x00000000cc300000|  0%| F|  |TAMS 0x00000000cc200000| PB 0x00000000cc200000| Untracked 
| 173|0x00000000cc300000, 0x00000000cc300000, 0x00000000cc400000|  0%| F|  |TAMS 0x00000000cc300000| PB 0x00000000cc300000| Untracked 
| 174|0x00000000cc400000, 0x00000000cc400000, 0x00000000cc500000|  0%| F|  |TAMS 0x00000000cc400000| PB 0x00000000cc400000| Untracked 
| 175|0x00000000cc500000, 0x00000000cc500000, 0x00000000cc600000|  0%| F|  |TAMS 0x00000000cc500000| PB 0x00000000cc500000| Untracked 
| 176|0x00000000cc600000, 0x00000000cc600000, 0x00000000cc700000|  0%| F|  |TAMS 0x00000000cc600000| PB 0x00000000cc600000| Untracked 
| 177|0x00000000cc700000, 0x00000000cc700000, 0x00000000cc800000|  0%| F|  |TAMS 0x00000000cc700000| PB 0x00000000cc700000| Untracked 
| 178|0x00000000cc800000, 0x00000000cc800000, 0x00000000cc900000|  0%| F|  |TAMS 0x00000000cc800000| PB 0x00000000cc800000| Untracked 
| 179|0x00000000cc900000, 0x00000000cc900000, 0x00000000cca00000|  0%| F|  |TAMS 0x00000000cc900000| PB 0x00000000cc900000| Untracked 
| 180|0x00000000cca00000, 0x00000000cca00000, 0x00000000ccb00000|  0%| F|  |TAMS 0x00000000cca00000| PB 0x00000000cca00000| Untracked 
| 181|0x00000000ccb00000, 0x00000000ccb00000, 0x00000000ccc00000|  0%| F|  |TAMS 0x00000000ccb00000| PB 0x00000000ccb00000| Untracked 
| 182|0x00000000ccc00000, 0x00000000ccc00000, 0x00000000ccd00000|  0%| F|  |TAMS 0x00000000ccc00000| PB 0x00000000ccc00000| Untracked 
| 183|0x00000000ccd00000, 0x00000000ccd00000, 0x00000000cce00000|  0%| F|  |TAMS 0x00000000ccd00000| PB 0x00000000ccd00000| Untracked 
| 184|0x00000000cce00000, 0x00000000cce00000, 0x00000000ccf00000|  0%| F|  |TAMS 0x00000000cce00000| PB 0x00000000cce00000| Untracked 
| 185|0x00000000ccf00000, 0x00000000ccf00000, 0x00000000cd000000|  0%| F|  |TAMS 0x00000000ccf00000| PB 0x00000000ccf00000| Untracked 
| 186|0x00000000cd000000, 0x00000000cd000000, 0x00000000cd100000|  0%| F|  |TAMS 0x00000000cd000000| PB 0x00000000cd000000| Untracked 
| 187|0x00000000cd100000, 0x00000000cd100000, 0x00000000cd200000|  0%| F|  |TAMS 0x00000000cd100000| PB 0x00000000cd100000| Untracked 
| 188|0x00000000cd200000, 0x00000000cd200000, 0x00000000cd300000|  0%| F|  |TAMS 0x00000000cd200000| PB 0x00000000cd200000| Untracked 
| 189|0x00000000cd300000, 0x00000000cd300000, 0x00000000cd400000|  0%| F|  |TAMS 0x00000000cd300000| PB 0x00000000cd300000| Untracked 
| 190|0x00000000cd400000, 0x00000000cd400000, 0x00000000cd500000|  0%| F|  |TAMS 0x00000000cd400000| PB 0x00000000cd400000| Untracked 
| 191|0x00000000cd500000, 0x00000000cd500000, 0x00000000cd600000|  0%| F|  |TAMS 0x00000000cd500000| PB 0x00000000cd500000| Untracked 
| 192|0x00000000cd600000, 0x00000000cd600000, 0x00000000cd700000|  0%| F|  |TAMS 0x00000000cd600000| PB 0x00000000cd600000| Untracked 
| 193|0x00000000cd700000, 0x00000000cd700000, 0x00000000cd800000|  0%| F|  |TAMS 0x00000000cd700000| PB 0x00000000cd700000| Untracked 
| 194|0x00000000cd800000, 0x00000000cd800000, 0x00000000cd900000|  0%| F|  |TAMS 0x00000000cd800000| PB 0x00000000cd800000| Untracked 
| 195|0x00000000cd900000, 0x00000000cd900000, 0x00000000cda00000|  0%| F|  |TAMS 0x00000000cd900000| PB 0x00000000cd900000| Untracked 
| 196|0x00000000cda00000, 0x00000000cda00000, 0x00000000cdb00000|  0%| F|  |TAMS 0x00000000cda00000| PB 0x00000000cda00000| Untracked 
| 197|0x00000000cdb00000, 0x00000000cdb00000, 0x00000000cdc00000|  0%| F|  |TAMS 0x00000000cdb00000| PB 0x00000000cdb00000| Untracked 
| 198|0x00000000cdc00000, 0x00000000cdc00000, 0x00000000cdd00000|  0%| F|  |TAMS 0x00000000cdc00000| PB 0x00000000cdc00000| Untracked 
| 199|0x00000000cdd00000, 0x00000000cdd00000, 0x00000000cde00000|  0%| F|  |TAMS 0x00000000cdd00000| PB 0x00000000cdd00000| Untracked 
| 200|0x00000000cde00000, 0x00000000cdf00000, 0x00000000cdf00000|100%| S|CS|TAMS 0x00000000cde00000| PB 0x00000000cde00000| Complete 
| 201|0x00000000cdf00000, 0x00000000ce000000, 0x00000000ce000000|100%| S|CS|TAMS 0x00000000cdf00000| PB 0x00000000cdf00000| Complete 
| 202|0x00000000ce000000, 0x00000000ce100000, 0x00000000ce100000|100%| S|CS|TAMS 0x00000000ce000000| PB 0x00000000ce000000| Complete 
| 203|0x00000000ce100000, 0x00000000ce200000, 0x00000000ce200000|100%| S|CS|TAMS 0x00000000ce100000| PB 0x00000000ce100000| Complete 
| 204|0x00000000ce200000, 0x00000000ce200000, 0x00000000ce300000|  0%| F|  |TAMS 0x00000000ce200000| PB 0x00000000ce200000| Untracked 
| 205|0x00000000ce300000, 0x00000000ce300000, 0x00000000ce400000|  0%| F|  |TAMS 0x00000000ce300000| PB 0x00000000ce300000| Untracked 
| 206|0x00000000ce400000, 0x00000000ce400000, 0x00000000ce500000|  0%| F|  |TAMS 0x00000000ce400000| PB 0x00000000ce400000| Untracked 
| 207|0x00000000ce500000, 0x00000000ce500000, 0x00000000ce600000|  0%| F|  |TAMS 0x00000000ce500000| PB 0x00000000ce500000| Untracked 
| 208|0x00000000ce600000, 0x00000000ce600000, 0x00000000ce700000|  0%| F|  |TAMS 0x00000000ce600000| PB 0x00000000ce600000| Untracked 
| 209|0x00000000ce700000, 0x00000000ce700000, 0x00000000ce800000|  0%| F|  |TAMS 0x00000000ce700000| PB 0x00000000ce700000| Untracked 
| 210|0x00000000ce800000, 0x00000000ce800000, 0x00000000ce900000|  0%| F|  |TAMS 0x00000000ce800000| PB 0x00000000ce800000| Untracked 
| 211|0x00000000ce900000, 0x00000000ce900000, 0x00000000cea00000|  0%| F|  |TAMS 0x00000000ce900000| PB 0x00000000ce900000| Untracked 
| 212|0x00000000cea00000, 0x00000000cea00000, 0x00000000ceb00000|  0%| F|  |TAMS 0x00000000cea00000| PB 0x00000000cea00000| Untracked 
| 213|0x00000000ceb00000, 0x00000000ceb00000, 0x00000000cec00000|  0%| F|  |TAMS 0x00000000ceb00000| PB 0x00000000ceb00000| Untracked 
| 214|0x00000000cec00000, 0x00000000cec00000, 0x00000000ced00000|  0%| F|  |TAMS 0x00000000cec00000| PB 0x00000000cec00000| Untracked 
| 215|0x00000000ced00000, 0x00000000ced00000, 0x00000000cee00000|  0%| F|  |TAMS 0x00000000ced00000| PB 0x00000000ced00000| Untracked 
| 216|0x00000000cee00000, 0x00000000cee00000, 0x00000000cef00000|  0%| F|  |TAMS 0x00000000cee00000| PB 0x00000000cee00000| Untracked 
| 217|0x00000000cef00000, 0x00000000cef00000, 0x00000000cf000000|  0%| F|  |TAMS 0x00000000cef00000| PB 0x00000000cef00000| Untracked 
| 218|0x00000000cf000000, 0x00000000cf000000, 0x00000000cf100000|  0%| F|  |TAMS 0x00000000cf000000| PB 0x00000000cf000000| Untracked 
| 219|0x00000000cf100000, 0x00000000cf100000, 0x00000000cf200000|  0%| F|  |TAMS 0x00000000cf100000| PB 0x00000000cf100000| Untracked 
| 220|0x00000000cf200000, 0x00000000cf200000, 0x00000000cf300000|  0%| F|  |TAMS 0x00000000cf200000| PB 0x00000000cf200000| Untracked 
| 221|0x00000000cf300000, 0x00000000cf300000, 0x00000000cf400000|  0%| F|  |TAMS 0x00000000cf300000| PB 0x00000000cf300000| Untracked 
| 222|0x00000000cf400000, 0x00000000cf400000, 0x00000000cf500000|  0%| F|  |TAMS 0x00000000cf400000| PB 0x00000000cf400000| Untracked 
| 223|0x00000000cf500000, 0x00000000cf500000, 0x00000000cf600000|  0%| F|  |TAMS 0x00000000cf500000| PB 0x00000000cf500000| Untracked 
| 224|0x00000000cf600000, 0x00000000cf600000, 0x00000000cf700000|  0%| F|  |TAMS 0x00000000cf600000| PB 0x00000000cf600000| Untracked 

Card table byte_map: [0x0000017ba1770000,0x0000017ba1970000] _byte_map_base: 0x0000017ba1165000

Marking Bits: (CMBitMap*) 0x0000017b8a501be0
 Bits: [0x0000017ba1b70000, 0x0000017ba2b18000)

Polling page: 0x0000017b88370000

Metaspace:

Usage:
  Non-class:      1.61 MB used.
      Class:    149.30 KB used.
       Both:      1.75 MB used.

Virtual space:
  Non-class space:       64.00 MB reserved,       1.69 MB (  3%) committed,  1 nodes.
      Class space:        1.00 GB reserved,     256.00 KB ( <1%) committed,  1 nodes.
             Both:        1.06 GB reserved,       1.94 MB ( <1%) committed. 

Chunk freelists:
   Non-Class:  3.75 MB
       Class:  3.67 MB
        Both:  7.42 MB

MaxMetaspaceSize: unlimited
CompressedClassSpaceSize: 1.00 GB
Initial GC threshold: 21.00 MB
Current GC threshold: 21.00 MB
CDS: on
MetaspaceReclaimPolicy: balanced
 - commit_granule_bytes: 65536.
 - commit_granule_words: 8192.
 - virtual_space_node_default_size: 8388608.
 - enlarge_chunks_in_place: 1.
 - new_chunks_are_fully_committed: 0.
 - uncommit_free_chunks: 1.
 - use_allocation_guard: 0.


Internal statistics:

num_allocs_failed_limit: 0.
num_arena_births: 130.
num_arena_deaths: 0.
num_vsnodes_births: 2.
num_vsnodes_deaths: 0.
num_space_committed: 31.
num_space_uncommitted: 0.
num_chunks_returned_to_freelist: 0.
num_chunks_taken_from_freelist: 167.
num_chunk_merges: 0.
num_chunk_splits: 99.
num_chunks_enlarged: 43.
num_inconsistent_stats: 0.

CodeHeap 'non-profiled nmethods': size=120000Kb used=358Kb max_used=359Kb free=119641Kb
 bounds [0x0000017b9a040000, 0x0000017b9a2b0000, 0x0000017ba1570000]
CodeHeap 'profiled nmethods': size=120000Kb used=1098Kb max_used=1190Kb free=118901Kb
 bounds [0x0000017b92570000, 0x0000017b927e0000, 0x0000017b99aa0000]
CodeHeap 'non-nmethods': size=5760Kb used=1434Kb max_used=1467Kb free=4325Kb
 bounds [0x0000017b99aa0000, 0x0000017b99d10000, 0x0000017b9a040000]
 total_blobs=1227 nmethods=751 adapters=387
 compilation: enabled
              stopped_count=0, restarted_count=0
 full_count=0

Compilation events (20 events):
Event: 3.344 Thread 0x0000017ba4f9dca0  794       4       jdk.internal.misc.Unsafe::checkSize (32 bytes)
Event: 3.345 Thread 0x0000017ba4f9dca0 nmethod 794 0x0000017b9a08d590 code [0x0000017b9a08d700, 0x0000017b9a08d7b8]
Event: 3.345 Thread 0x0000017ba4f9dca0  795       4       java.nio.CharBuffer::<init> (24 bytes)
Event: 3.352 Thread 0x0000017ba4f9dca0 nmethod 795 0x0000017b9a08d890 code [0x0000017b9a08da00, 0x0000017b9a08ddc0]
Event: 3.352 Thread 0x0000017ba4f9dca0  796       4       jdk.internal.misc.Unsafe::copyMemory (33 bytes)
Event: 3.359 Thread 0x0000017ba4f9dca0 nmethod 796 0x0000017b9a08e090 code [0x0000017b9a08e200, 0x0000017b9a08e570]
Event: 3.382 Thread 0x0000017ba4f9dca0  797   !   4       java.nio.CharBuffer::wrap (21 bytes)
Event: 3.389 Thread 0x0000017ba4f9dca0 nmethod 797 0x0000017b9a08e910 code [0x0000017b9a08eaa0, 0x0000017b9a08ed50]
Event: 3.389 Thread 0x0000017ba4f9dca0  798   !   4       sun.nio.cs.StreamDecoder::readBytes (271 bytes)
Event: 3.510 Thread 0x0000017ba4f9dca0 nmethod 798 0x0000017b9a08f090 code [0x0000017b9a08f3e0, 0x0000017b9a092588]
Event: 3.511 Thread 0x0000017ba4f9dca0  799 % !   4       java.nio.file.Files::readAllLines @ 14 (76 bytes)
Event: 3.544 Thread 0x0000017ba4f9dca0 nmethod 799% 0x0000017b9a094d90 code [0x0000017b9a094fe0, 0x0000017b9a095b58]
Event: 3.548 Thread 0x0000017ba4f9dca0  800       4       java.nio.Buffer::session (20 bytes)
Event: 3.549 Thread 0x0000017ba4f9dca0 nmethod 800 0x0000017b9a096490 code [0x0000017b9a096600, 0x0000017b9a0966a8]
Event: 3.556 Thread 0x0000017ba4f9dca0  801   !   4       java.nio.file.Files::readAllLines (76 bytes)
Event: 3.706 Thread 0x0000017ba4f9dca0 nmethod 801 0x0000017b9a096790 code [0x0000017b9a096a80, 0x0000017b9a0982e8]
Event: 3.859 Thread 0x0000017ba4f9dca0  802   !   4       jdk.internal.misc.ScopedMemoryAccess::copyMemory (27 bytes)
Event: 3.866 Thread 0x0000017ba4f9dca0 nmethod 802 0x0000017b9a099210 code [0x0000017b9a0993a0, 0x0000017b9a099740]
Event: 3.887 Thread 0x0000017ba4f9dca0  803       4       java.util.concurrent.locks.AbstractQueuedSynchronizer::signalNext (34 bytes)
Event: 3.888 Thread 0x0000017ba4f9dca0 nmethod 803 0x0000017b9a099b90 code [0x0000017b9a099d20, 0x0000017b9a099df8]

GC Heap History (20 events):
Event: 1.056 GC heap after
{Heap after GC invocations=1 (full 0):
 garbage-first heap   total 65536K, used 10496K [0x00000000c1600000, 0x0000000100000000)
  region size 1024K, 2 young (2048K), 2 survivors (2048K)
 Metaspace       used 1354K, committed 1536K, reserved 1114112K
  class space    used 110K, committed 192K, reserved 1048576K
}
Event: 1.168 GC heap before
{Heap before GC invocations=1 (full 0):
 garbage-first heap   total 65536K, used 19712K [0x00000000c1600000, 0x0000000100000000)
  region size 1024K, 9 young (9216K), 2 survivors (2048K)
 Metaspace       used 1356K, committed 1536K, reserved 1114112K
  class space    used 110K, committed 192K, reserved 1048576K
}
Event: 1.186 GC heap after
{Heap after GC invocations=2 (full 0):
 garbage-first heap   total 65536K, used 18944K [0x00000000c1600000, 0x0000000100000000)
  region size 1024K, 2 young (2048K), 2 survivors (2048K)
 Metaspace       used 1356K, committed 1536K, reserved 1114112K
  class space    used 110K, committed 192K, reserved 1048576K
}
Event: 1.370 GC heap before
{Heap before GC invocations=2 (full 0):
 garbage-first heap   total 65536K, used 31232K [0x00000000c1600000, 0x0000000100000000)
  region size 1024K, 12 young (12288K), 2 survivors (2048K)
 Metaspace       used 1356K, committed 1536K, reserved 1114112K
  class space    used 110K, committed 192K, reserved 1048576K
}
Event: 1.397 GC heap after
{Heap after GC invocations=3 (full 0):
 garbage-first heap   total 65536K, used 31744K [0x00000000c1600000, 0x0000000100000000)
  region size 1024K, 2 young (2048K), 2 survivors (2048K)
 Metaspace       used 1356K, committed 1536K, reserved 1114112K
  class space    used 110K, committed 192K, reserved 1048576K
}
Event: 1.512 GC heap before
{Heap before GC invocations=3 (full 0):
 garbage-first heap   total 65536K, used 39936K [0x00000000c1600000, 0x0000000100000000)
  region size 1024K, 11 young (11264K), 2 survivors (2048K)
 Metaspace       used 1356K, committed 1536K, reserved 1114112K
  class space    used 110K, committed 192K, reserved 1048576K
}
Event: 1.531 GC heap after
{Heap after GC invocations=4 (full 0):
 garbage-first heap   total 65536K, used 40448K [0x00000000c1600000, 0x0000000100000000)
  region size 1024K, 2 young (2048K), 2 survivors (2048K)
 Metaspace       used 1356K, committed 1536K, reserved 1114112K
  class space    used 110K, committed 192K, reserved 1048576K
}
Event: 1.637 GC heap before
{Heap before GC invocations=5 (full 0):
 garbage-first heap   total 76800K, used 47616K [0x00000000c1600000, 0x0000000100000000)
  region size 1024K, 8 young (8192K), 2 survivors (2048K)
 Metaspace       used 1356K, committed 1536K, reserved 1114112K
  class space    used 110K, committed 192K, reserved 1048576K
}
Event: 1.660 GC heap after
{Heap after GC invocations=6 (full 0):
 garbage-first heap   total 76800K, used 48128K [0x00000000c1600000, 0x0000000100000000)
  region size 1024K, 1 young (1024K), 1 survivors (1024K)
 Metaspace       used 1356K, committed 1536K, reserved 1114112K
  class space    used 110K, committed 192K, reserved 1048576K
}
Event: 1.865 GC heap before
{Heap before GC invocations=6 (full 0):
 garbage-first heap   total 76800K, used 56320K [0x00000000c1600000, 0x0000000100000000)
  region size 1024K, 9 young (9216K), 1 survivors (1024K)
 Metaspace       used 1356K, committed 1536K, reserved 1114112K
  class space    used 110K, committed 192K, reserved 1048576K
}
Event: 1.891 GC heap after
{Heap after GC invocations=7 (full 0):
 garbage-first heap   total 230400K, used 55808K [0x00000000c1600000, 0x0000000100000000)
  region size 1024K, 2 young (2048K), 2 survivors (2048K)
 Metaspace       used 1356K, committed 1536K, reserved 1114112K
  class space    used 110K, committed 192K, reserved 1048576K
}
Event: 2.435 GC heap before
{Heap before GC invocations=7 (full 0):
 garbage-first heap   total 230400K, used 82432K [0x00000000c1600000, 0x0000000100000000)
  region size 1024K, 24 young (24576K), 2 survivors (2048K)
 Metaspace       used 1356K, committed 1536K, reserved 1114112K
  class space    used 110K, committed 192K, reserved 1048576K
}
Event: 2.492 GC heap after
{Heap after GC invocations=8 (full 0):
 garbage-first heap   total 230400K, used 83314K [0x00000000c1600000, 0x0000000100000000)
  region size 1024K, 3 young (3072K), 3 survivors (3072K)
 Metaspace       used 1356K, committed 1536K, reserved 1114112K
  class space    used 110K, committed 192K, reserved 1048576K
}
Event: 3.606 GC heap before
{Heap before GC invocations=8 (full 0):
 garbage-first heap   total 230400K, used 114034K [0x00000000c1600000, 0x0000000100000000)
  region size 1024K, 28 young (28672K), 3 survivors (3072K)
 Metaspace       used 1795K, committed 1984K, reserved 1114112K
  class space    used 149K, committed 256K, reserved 1048576K
}
Event: 3.666 GC heap after
{Heap after GC invocations=9 (full 0):
 garbage-first heap   total 230400K, used 112640K [0x00000000c1600000, 0x0000000100000000)
  region size 1024K, 4 young (4096K), 4 survivors (4096K)
 Metaspace       used 1795K, committed 1984K, reserved 1114112K
  class space    used 149K, committed 256K, reserved 1048576K
}
Event: 3.748 GC heap before
{Heap before GC invocations=9 (full 0):
 garbage-first heap   total 230400K, used 113664K [0x00000000c1600000, 0x0000000100000000)
  region size 1024K, 6 young (6144K), 4 survivors (4096K)
 Metaspace       used 1795K, committed 1984K, reserved 1114112K
  class space    used 149K, committed 256K, reserved 1048576K
}
Event: 3.755 GC heap after
{Heap after GC invocations=10 (full 0):
 garbage-first heap   total 230400K, used 115249K [0x00000000c1600000, 0x0000000100000000)
  region size 1024K, 4 young (4096K), 4 survivors (4096K)
 Metaspace       used 1795K, committed 1984K, reserved 1114112K
  class space    used 149K, committed 256K, reserved 1048576K
}
Event: 4.430 GC heap before
{Heap before GC invocations=11 (full 0):
 garbage-first heap   total 230400K, used 146993K [0x00000000c1600000, 0x0000000100000000)
  region size 1024K, 38 young (38912K), 4 survivors (4096K)
 Metaspace       used 1795K, committed 1984K, reserved 1114112K
  class space    used 149K, committed 256K, reserved 1048576K
}
Event: 4.811 GC heap after
{Heap after GC invocations=12 (full 0):
 garbage-first heap   total 230400K, used 146944K [0x00000000c1600000, 0x0000000100000000)
  region size 1024K, 5 young (5120K), 5 survivors (5120K)
 Metaspace       used 1795K, committed 1984K, reserved 1114112K
  class space    used 149K, committed 256K, reserved 1048576K
}
Event: 5.628 GC heap before
{Heap before GC invocations=12 (full 0):
 garbage-first heap   total 230400K, used 172544K [0x00000000c1600000, 0x0000000100000000)
  region size 1024K, 26 young (26624K), 5 survivors (5120K)
 Metaspace       used 1795K, committed 1984K, reserved 1114112K
  class space    used 149K, committed 256K, reserved 1048576K
}

Dll operation events (10 events):
Event: 0.034 Loaded shared library C:\Program Files\Java\jdk-20\bin\java.dll
Event: 0.088 Loaded shared library C:\Program Files\Java\jdk-20\bin\jsvml.dll
Event: 0.338 Loaded shared library C:\Program Files\Java\jdk-20\bin\zip.dll
Event: 0.350 Loaded shared library C:\Program Files\Java\jdk-20\bin\instrument.dll
Event: 0.368 Loaded shared library C:\Program Files\Java\jdk-20\bin\net.dll
Event: 0.383 Loaded shared library C:\Program Files\Java\jdk-20\bin\nio.dll
Event: 0.399 Loaded shared library C:\Program Files\Java\jdk-20\bin\zip.dll
Event: 0.456 Loaded shared library C:\Program Files\JetBrains\IntelliJ IDEA Community Edition 2024.2.2\bin\breakgen64.dll
Event: 0.489 Loaded shared library C:\Program Files\Java\jdk-20\bin\extnet.dll
Event: 0.535 Loaded shared library C:\Program Files\Java\jdk-20\bin\jimage.dll

Deoptimization events (20 events):
Event: 3.163 Thread 0x0000017b8a4c4160 DEOPT PACKING pc=0x0000017b9a0857dc sp=0x0000000a1ccfe760
Event: 3.163 Thread 0x0000017b8a4c4160 DEOPT UNPACKING pc=0x0000017b99b09d22 sp=0x0000000a1ccfe740 mode 2
Event: 3.176 Thread 0x0000017b8a4c4160 Uncommon trap: trap_request=0xffffff45 fr.pc=0x0000017b9a06ad3c relative=0x00000000000000bc
Event: 3.176 Thread 0x0000017b8a4c4160 Uncommon trap: reason=unstable_if action=reinterpret pc=0x0000017b9a06ad3c method=java.nio.Buffer.limit(I)Ljava/nio/Buffer; @ 42 c2
Event: 3.176 Thread 0x0000017b8a4c4160 DEOPT PACKING pc=0x0000017b9a06ad3c sp=0x0000000a1ccfde50
Event: 3.176 Thread 0x0000017b8a4c4160 DEOPT UNPACKING pc=0x0000017b99b09d22 sp=0x0000000a1ccfddd8 mode 2
Event: 3.233 Thread 0x0000017b8a4c4160 Uncommon trap: trap_request=0xffffffde fr.pc=0x0000017b9a08a264 relative=0x0000000000000904
Event: 3.233 Thread 0x0000017b8a4c4160 Uncommon trap: reason=class_check action=maybe_recompile pc=0x0000017b9a08a264 method=java.util.HashMap.putVal(ILjava/lang/Object;Ljava/lang/Object;ZZ)Ljava/lang/Object; @ 152 c2
Event: 3.233 Thread 0x0000017b8a4c4160 DEOPT PACKING pc=0x0000017b9a08a264 sp=0x0000000a1ccfa6e0
Event: 3.233 Thread 0x0000017b8a4c4160 DEOPT UNPACKING pc=0x0000017b99b09d22 sp=0x0000000a1ccfa618 mode 2
Event: 3.233 Thread 0x0000017b8a4c4160 Uncommon trap: trap_request=0xffffffde fr.pc=0x0000017b9a08a264 relative=0x0000000000000904
Event: 3.233 Thread 0x0000017b8a4c4160 Uncommon trap: reason=class_check action=maybe_recompile pc=0x0000017b9a08a264 method=java.util.HashMap.putVal(ILjava/lang/Object;Ljava/lang/Object;ZZ)Ljava/lang/Object; @ 152 c2
Event: 3.233 Thread 0x0000017b8a4c4160 DEOPT PACKING pc=0x0000017b9a08a264 sp=0x0000000a1ccfa6e0
Event: 3.233 Thread 0x0000017b8a4c4160 DEOPT UNPACKING pc=0x0000017b99b09d22 sp=0x0000000a1ccfa618 mode 2
Event: 3.240 Thread 0x0000017b8a4c4160 Uncommon trap: trap_request=0xffffff45 fr.pc=0x0000017b9a07a01c relative=0x000000000000251c
Event: 3.240 Thread 0x0000017b8a4c4160 Uncommon trap: reason=unstable_if action=reinterpret pc=0x0000017b9a07a01c method=java.nio.charset.CharsetDecoder.decode(Ljava/nio/ByteBuffer;Ljava/nio/CharBuffer;Z)Ljava/nio/charset/CoderResult; @ 15 c2
Event: 3.240 Thread 0x0000017b8a4c4160 DEOPT PACKING pc=0x0000017b9a07a01c sp=0x0000000a1ccfeb60
Event: 3.240 Thread 0x0000017b8a4c4160 DEOPT UNPACKING pc=0x0000017b99b09d22 sp=0x0000000a1ccfe900 mode 2
Event: 3.556 Thread 0x0000017b8a4c4160 DEOPT PACKING pc=0x0000017b92614e91 sp=0x0000000a1ccfedb0
Event: 3.556 Thread 0x0000017b8a4c4160 DEOPT UNPACKING pc=0x0000017b99b0a4c2 sp=0x0000000a1ccfe2c0 mode 0

Classes loaded (20 events):
Event: 3.168 Loading class sun/util/resources/LocaleData$LocaleDataResourceBundleProvider done
Event: 3.168 Loading class sun/util/resources/LocaleData$CommonResourceBundleProvider done
Event: 3.168 Loading class java/util/ArrayList$SubList$1
Event: 3.169 Loading class java/util/ArrayList$SubList$1 done
Event: 3.170 Loading class sun/text/resources/cldr/FormatData_en
Event: 3.172 Loading class sun/text/resources/cldr/FormatData_en done
Event: 3.172 Loading class sun/util/resources/Bundles$2
Event: 3.172 Loading class sun/util/resources/Bundles$2 done
Event: 3.173 Loading class java/lang/InstantiationException
Event: 3.174 Loading class java/lang/InstantiationException done
Event: 3.174 Loading class java/lang/IllegalAccessException
Event: 3.175 Loading class java/lang/IllegalAccessException done
Event: 3.331 Loading class java/lang/foreign/MemorySegment
Event: 3.332 Loading class java/lang/foreign/MemorySegment done
Event: 3.547 Loading class jdk/internal/foreign/MemorySessionImpl
Event: 3.547 Loading class java/lang/foreign/SegmentScope
Event: 3.547 Loading class java/lang/foreign/SegmentScope done
Event: 3.548 Loading class java/lang/foreign/SegmentAllocator
Event: 3.548 Loading class java/lang/foreign/SegmentAllocator done
Event: 3.548 Loading class jdk/internal/foreign/MemorySessionImpl done

Classes unloaded (0 events):
No events

Classes redefined (0 events):
No events

Internal exceptions (4 events):
Event: 0.416 Thread 0x0000017b8a4c4160 Exception <a 'java/lang/NoSuchMethodError'{0x00000000c5309cd0}: 'void java.lang.invoke.DirectMethodHandle$Holder.invokeStatic(java.lang.Object, java.lang.Object, java.lang.Object)'> (0x00000000c5309cd0) 
thrown [s\open\src\hotspot\share\interpreter\linkResolver.cpp, line 773]
Event: 0.436 Thread 0x0000017b8a4c4160 Exception <a 'java/lang/NoSuchMethodError'{0x00000000c53211d8}: 'java.lang.Object java.lang.invoke.Invokers$Holder.invokeExact_MT(java.lang.Object, java.lang.Object, java.lang.Object, java.lang.Object, java.lang.Object)'> (0x00000000c53211d8) 
thrown [s\open\src\hotspot\share\interpreter\linkResolver.cpp, line 773]
Event: 0.491 Thread 0x0000017ba958e380 Exception <a 'java/lang/NoSuchMethodError'{0x00000000c534a2c0}: 'void java.lang.invoke.DirectMethodHandle$Holder.invokeStatic(java.lang.Object, java.lang.Object)'> (0x00000000c534a2c0) 
thrown [s\open\src\hotspot\share\interpreter\linkResolver.cpp, line 773]
Event: 0.637 Thread 0x0000017b8a4c4160 Exception <a 'sun/nio/fs/WindowsException'{0x00000000c526e550}> (0x00000000c526e550) 
thrown [s\open\src\hotspot\share\prims\jni.cpp, line 519]

VM Operations (20 events):
Event: 1.637 Executing VM operation: G1PauseCleanup done
Event: 1.637 Executing VM operation: G1CollectForAllocation
Event: 1.660 Executing VM operation: G1CollectForAllocation done
Event: 1.864 Executing VM operation: G1CollectForAllocation
Event: 1.891 Executing VM operation: G1CollectForAllocation done
Event: 2.435 Executing VM operation: G1CollectForAllocation
Event: 2.492 Executing VM operation: G1CollectForAllocation done
Event: 3.158 Executing VM operation: HandshakeAllThreads
Event: 3.158 Executing VM operation: HandshakeAllThreads done
Event: 3.605 Executing VM operation: G1CollectForAllocation
Event: 3.666 Executing VM operation: G1CollectForAllocation done
Event: 3.748 Executing VM operation: G1TryInitiateConcMark
Event: 3.755 Executing VM operation: G1TryInitiateConcMark done
Event: 3.955 Executing VM operation: G1PauseRemark
Event: 3.956 Executing VM operation: G1PauseRemark done
Event: 4.055 Executing VM operation: G1PauseCleanup
Event: 4.055 Executing VM operation: G1PauseCleanup done
Event: 4.430 Executing VM operation: G1CollectForAllocation
Event: 4.811 Executing VM operation: G1CollectForAllocation done
Event: 5.627 Executing VM operation: G1CollectForAllocation

Events (20 events):
Event: 3.956 Thread 0x0000017ba4f75100 flushing nmethod 0x0000017b92586890
Event: 3.956 Thread 0x0000017ba4f75100 flushing nmethod 0x0000017b92585d90
Event: 3.956 Thread 0x0000017ba4f75100 flushing nmethod 0x0000017b92584590
Event: 3.956 Thread 0x0000017ba4f75100 flushing nmethod 0x0000017b9258c190
Event: 3.956 Thread 0x0000017ba4f75100 flushing nmethod 0x0000017b92598490
Event: 3.956 Thread 0x0000017ba4f75100 flushing nmethod 0x0000017b92597310
Event: 3.956 Thread 0x0000017ba4f75100 flushing nmethod 0x0000017b92588310
Event: 3.956 Thread 0x0000017ba4f75100 flushing nmethod 0x0000017b92580510
Event: 3.956 Thread 0x0000017ba4f75100 flushing nmethod 0x0000017b92570d10
Event: 3.956 Thread 0x0000017ba4f75100 flushing nmethod 0x0000017b92570710
Event: 3.956 Thread 0x0000017ba4f75100 flushing nmethod 0x0000017b92576b90
Event: 3.956 Thread 0x0000017ba4f75100 flushing nmethod 0x0000017b92570010
Event: 3.956 Thread 0x0000017ba4f75100 flushing nmethod 0x0000017b92576410
Event: 3.956 Thread 0x0000017ba4f75100 flushing nmethod 0x0000017b92574510
Event: 3.956 Thread 0x0000017ba4f75100 flushing nmethod 0x0000017b92579210
Event: 3.956 Thread 0x0000017ba4f75100 flushing nmethod 0x0000017b92578610
Event: 3.956 Thread 0x0000017ba4f75100 flushing nmethod 0x0000017b92578290
Event: 3.956 Thread 0x0000017ba4f75100 flushing nmethod 0x0000017b92572410
Event: 3.956 Thread 0x0000017ba4f75100 flushing nmethod 0x0000017b9a054d90
Event: 3.956 Thread 0x0000017ba4f75100 flushing nmethod 0x0000017b9a050e90


Dynamic libraries:
0x00007ff6b46f0000 - 0x00007ff6b4700000 	C:\Program Files\Java\jdk-20\bin\java.exe
0x00007ffd062f0000 - 0x00007ffd064e8000 	C:\Windows\SYSTEM32\ntdll.dll
0x00007ffd05870000 - 0x00007ffd05931000 	C:\Windows\System32\KERNEL32.DLL
0x00007ffd03dc0000 - 0x00007ffd040bd000 	C:\Windows\System32\KERNELBASE.dll
0x00007ffd00ad0000 - 0x00007ffd00b64000 	C:\Windows\SYSTEM32\apphelp.dll
0x00007ffd039d0000 - 0x00007ffd03ad0000 	C:\Windows\System32\ucrtbase.dll
0x00007ffcfaa30000 - 0x00007ffcfaa49000 	C:\Program Files\Java\jdk-20\bin\jli.dll
0x00007ffd057b0000 - 0x00007ffd05860000 	C:\Windows\System32\ADVAPI32.dll
0x00007ffd049b0000 - 0x00007ffd04a4e000 	C:\Windows\System32\msvcrt.dll
0x00007ffd046b0000 - 0x00007ffd04750000 	C:\Windows\System32\sechost.dll
0x00007ffcd3f90000 - 0x00007ffcd3fab000 	C:\Program Files\Java\jdk-20\bin\VCRUNTIME140.dll
0x00007ffd04b40000 - 0x00007ffd04c63000 	C:\Windows\System32\RPCRT4.dll
0x00007ffd03b40000 - 0x00007ffd03b67000 	C:\Windows\System32\bcrypt.dll
0x00007ffd04810000 - 0x00007ffd049ad000 	C:\Windows\System32\USER32.dll
0x00007ffce16a0000 - 0x00007ffce193a000 	C:\Windows\WinSxS\amd64_microsoft.windows.common-controls_6595b64144ccf1df_6.0.19041.4355_none_60b8b9eb71f62e16\COMCTL32.dll
0x00007ffd039a0000 - 0x00007ffd039c2000 	C:\Windows\System32\win32u.dll
0x00007ffd06280000 - 0x00007ffd062ab000 	C:\Windows\System32\GDI32.dll
0x00007ffd04170000 - 0x00007ffd04287000 	C:\Windows\System32\gdi32full.dll
0x00007ffd03b70000 - 0x00007ffd03c0d000 	C:\Windows\System32\msvcp_win.dll
0x00007ffcfdfe0000 - 0x00007ffcfdfea000 	C:\Windows\SYSTEM32\VERSION.dll
0x00007ffd04ab0000 - 0x00007ffd04adf000 	C:\Windows\System32\IMM32.DLL
0x00007ffcfcfa0000 - 0x00007ffcfcfac000 	C:\Program Files\Java\jdk-20\bin\vcruntime140_1.dll
0x00007ffcb1800000 - 0x00007ffcb188e000 	C:\Program Files\Java\jdk-20\bin\msvcp140.dll
0x00007ffc71710000 - 0x00007ffc723a7000 	C:\Program Files\Java\jdk-20\bin\server\jvm.dll
0x00007ffcf5590000 - 0x00007ffcf55b7000 	C:\Windows\SYSTEM32\WINMM.dll
0x00007ffcf1370000 - 0x00007ffcf1379000 	C:\Windows\SYSTEM32\WSOCK32.dll
0x00007ffd05940000 - 0x00007ffd059ab000 	C:\Windows\System32\WS2_32.dll
0x00007ffd021c0000 - 0x00007ffd021d2000 	C:\Windows\SYSTEM32\kernel.appcore.dll
0x00007ffcd0ee0000 - 0x00007ffcd0eea000 	C:\Program Files\Java\jdk-20\bin\jimage.dll
0x00007ffd015b0000 - 0x00007ffd01794000 	C:\Windows\SYSTEM32\DBGHELP.DLL
0x00007ffcfb630000 - 0x00007ffcfb664000 	C:\Windows\SYSTEM32\dbgcore.DLL
0x00007ffd04290000 - 0x00007ffd04312000 	C:\Windows\System32\bcryptPrimitives.dll
0x00007ffcfab20000 - 0x00007ffcfab2e000 	C:\Program Files\Java\jdk-20\bin\instrument.dll
0x00007ffcb17d0000 - 0x00007ffcb17f6000 	C:\Program Files\Java\jdk-20\bin\java.dll
0x00007ffcaf220000 - 0x00007ffcaf2f7000 	C:\Program Files\Java\jdk-20\bin\jsvml.dll
0x00007ffd04c70000 - 0x00007ffd053df000 	C:\Windows\System32\SHELL32.dll
0x00007ffd01a00000 - 0x00007ffd021a3000 	C:\Windows\SYSTEM32\windows.storage.dll
0x00007ffd053f0000 - 0x00007ffd05743000 	C:\Windows\System32\combase.dll
0x00007ffd03300000 - 0x00007ffd0332e000 	C:\Windows\SYSTEM32\Wldp.dll
0x00007ffd059b0000 - 0x00007ffd05a7d000 	C:\Windows\System32\OLEAUT32.dll
0x00007ffd05b60000 - 0x00007ffd05c0d000 	C:\Windows\System32\SHCORE.dll
0x00007ffd04a50000 - 0x00007ffd04aa5000 	C:\Windows\System32\shlwapi.dll
0x00007ffd038d0000 - 0x00007ffd038f4000 	C:\Windows\SYSTEM32\profapi.dll
0x00007ffcb1f60000 - 0x00007ffcb1f78000 	C:\Program Files\Java\jdk-20\bin\zip.dll
0x00007ffccdec0000 - 0x00007ffccded3000 	C:\Program Files\Java\jdk-20\bin\net.dll
0x00007ffcfb670000 - 0x00007ffcfb77d000 	C:\Windows\SYSTEM32\WINHTTP.dll
0x00007ffd03060000 - 0x00007ffd030ca000 	C:\Windows\system32\mswsock.dll
0x00007ffcc79a0000 - 0x00007ffcc79b6000 	C:\Program Files\Java\jdk-20\bin\nio.dll
0x00007ffcd3df0000 - 0x00007ffcd3e0a000 	C:\Program Files\JetBrains\IntelliJ IDEA Community Edition 2024.2.2\bin\breakgen64.dll
0x00007ffcd0230000 - 0x00007ffcd0237000 	C:\Program Files\Java\jdk-20\bin\extnet.dll
0x00007ffd02bd0000 - 0x00007ffd02c03000 	C:\Windows\SYSTEM32\ntmarta.dll

dbghelp: loaded successfully - version: 4.0.5 - missing functions: none
symbol engine: initialized successfully - sym options: 0x614 - pdb path: .;C:\Program Files\Java\jdk-20\bin;C:\Windows\SYSTEM32;C:\Windows\WinSxS\amd64_microsoft.windows.common-controls_6595b64144ccf1df_6.0.19041.4355_none_60b8b9eb71f62e16;C:\Program Files\Java\jdk-20\bin\server;C:\Program Files\JetBrains\IntelliJ IDEA Community Edition 2024.2.2\bin

VM Arguments:
jvm_args: -javaagent:C:\Program Files\JetBrains\IntelliJ IDEA Community Edition 2024.2.2\lib\idea_rt.jar=54624:C:\Program Files\JetBrains\IntelliJ IDEA Community Edition 2024.2.2\bin -Dfile.encoding=UTF-8 -Dsun.stdout.encoding=UTF-8 -Dsun.stderr.encoding=UTF-8 
java_command: capital.valar.supertrend.application.ValarTrade
java_class_path (initial): C:\Users\HP\Downloads\Bollinger_20240809\target\classes;C:\Users\HP\.m2\repository\org\ta4j\ta4j-core\0.15\ta4j-core-0.15.jar;C:\Users\HP\.m2\repository\org\slf4j\slf4j-api\1.7.25\slf4j-api-1.7.25.jar
Launcher Type: SUN_STANDARD

[Global flags]
     intx CICompilerCount                          = 3                                         {product} {ergonomic}
     uint ConcGCThreads                            = 1                                         {product} {ergonomic}
     uint G1ConcRefinementThreads                  = 4                                         {product} {ergonomic}
   size_t G1HeapRegionSize                         = 1048576                                   {product} {ergonomic}
    uintx GCDrainStackTargetSize                   = 64                                        {product} {ergonomic}
   size_t InitialHeapSize                          = 67108864                                  {product} {ergonomic}
   size_t MarkStackSize                            = 4194304                                   {product} {ergonomic}
   size_t MaxHeapSize                              = 1050673152                                {product} {ergonomic}
   size_t MaxNewSize                               = 630194176                                 {product} {ergonomic}
   size_t MinHeapDeltaBytes                        = 1048576                                   {product} {ergonomic}
   size_t MinHeapSize                              = 8388608                                   {product} {ergonomic}
    uintx NonNMethodCodeHeapSize                   = 5832780                                {pd product} {ergonomic}
    uintx NonProfiledCodeHeapSize                  = 122912730                              {pd product} {ergonomic}
    uintx ProfiledCodeHeapSize                     = 122912730                              {pd product} {ergonomic}
    uintx ReservedCodeCacheSize                    = 251658240                              {pd product} {ergonomic}
     bool SegmentedCodeCache                       = true                                      {product} {ergonomic}
   size_t SoftMaxHeapSize                          = 1050673152                             {manageable} {ergonomic}
     bool UseCompressedClassPointers               = true                           {product lp64_product} {ergonomic}
     bool UseCompressedOops                        = true                           {product lp64_product} {ergonomic}
     bool UseG1GC                                  = true                                      {product} {ergonomic}
     bool UseLargePagesIndividualAllocation        = false                                  {pd product} {ergonomic}

Logging:
Log output configuration:
 #0: stdout all=warning uptime,level,tags foldmultilines=false
 #1: stderr all=off uptime,level,tags foldmultilines=false

Environment Variables:
JAVA_HOME=C:\Program Files\Java\jdk-20
PATH=C:\Program Files\Google\Chrome\Application;C:\Program Files\Python312\Scripts\;C:\Program Files\Python312\;C:\Python311\Scripts\;C:\Python311\;C:\Program Files\Common Files\Oracle\Java\javapath;C:\Windows\system32;C:\Windows;C:\Windows\System32\Wbem;C:\Windows\System32\WindowsPowerShell\v1.0\;C:\Windows\System32\OpenSSH\;C:\Program Files\Git\cmd;C:\apache-maven-3.9.1\bin;C:\Program Files\Java\jdk-20\bin;C:\Program Files\Java\jdk-20\bin;C:\ProgramData\chocolatey\bin;C:\Program Files\nodejs\;C:\Users\HP\AppData\Local\Microsoft\WindowsApps;C:\Users\HP\AppData\Local\Programs\Microsoft VS Code\bin;C:\Program Files\JetBrains\IntelliJ IDEA 2023.1.4\bin;;C:\Program Files\JetBrains\IntelliJ IDEA Community Edition 2023.1.4\bin;;C:\Program Files\MongoDB\Server\7.0\bin;C:\Users\HP\AppData\Roaming\npm
USERNAME=HP
OS=Windows_NT
PROCESSOR_IDENTIFIER=Intel64 Family 6 Model 142 Stepping 9, GenuineIntel
TMP=C:\Users\HP\AppData\Local\Temp
TEMP=C:\Users\HP\AppData\Local\Temp




---------------  S Y S T E M  ---------------

OS:
 Windows 10 , 64 bit Build 19041 (10.0.19041.4842)
OS uptime: 2 days 20:21 hours

CPU: total 4 (initial active 4) (2 cores per cpu, 2 threads per core) family 6 model 142 stepping 9 microcode 0xde, cx8, cmov, fxsr, ht, mmx, 3dnowpref, sse, sse2, sse3, ssse3, sse4.1, sse4.2, popcnt, lzcnt, tsc, tscinvbit, avx, avx2, aes, erms, clmul, bmi1, bmi2, adx, fma, vzeroupper, clflush, clflushopt, rdtscp, f16c

Memory: 4k page, system-wide physical 4007M (23M free)
TotalPageFile size 16295M (AvailPageFile size 45M)
current process WorkingSet (physical memory assigned to process): 198M, peak: 209M
current process commit charge ("private bytes"): 303M, peak: 500M

vm_info: Java HotSpot(TM) 64-Bit Server VM (20.0.1+9-29) for windows-amd64 JRE (20.0.1+9-29), built on 2023-03-07T13:56:11Z by "mach5one" with MS VC++ 17.1 (VS2022)

END.
