#
# There is insufficient memory for the Java Runtime Environment to continue.
# Native memory allocation (malloc) failed to allocate 1290800 bytes. Error detail: Chunk::new
# Possible reasons:
#   The system is out of physical RAM or swap space
#   This process is running with CompressedOops enabled, and the Java Heap may be blocking the growth of the native heap
# Possible solutions:
#   Reduce memory load on the system
#   Increase physical memory or swap space
#   Check if swap backing store is full
#   Decrease Java heap size (-Xmx/-Xms)
#   Decrease number of Java threads
#   Decrease Java thread stack sizes (-Xss)
#   Set larger code cache with -XX:ReservedCodeCacheSize=
#   JVM is running with Unscaled Compressed Oops mode in which the Java heap is
#     placed in the first 4GB address space. The Java Heap base address is the
#     maximum limit for the native heap growth. Please use -XX:HeapBaseMinAddress
#     to set the Java Heap base and to place the Java Heap above 4GB virtual address.
# This output file may be truncated or incomplete.
#
#  Out of Memory Error (arena.cpp:191), pid=5748, tid=15800
#
# JRE version: OpenJDK Runtime Environment Temurin-17.0.12+7 (17.0.12+7) (build 17.0.12+7)
# Java VM: OpenJDK 64-Bit Server VM Temurin-17.0.12+7 (17.0.12+7, mixed mode, tiered, compressed oops, compressed class ptrs, parallel gc, windows-amd64)
# No core dump will be written. Minidumps are not enabled by default on client versions of Windows
#

---------------  S U M M A R Y ------------

Command Line: --add-modules=ALL-SYSTEM --add-opens=java.base/java.util=ALL-UNNAMED --add-opens=java.base/java.lang=ALL-UNNAMED --add-opens=java.base/sun.nio.fs=ALL-UNNAMED -Declipse.application=org.eclipse.jdt.ls.core.id1 -Dosgi.bundles.defaultStartLevel=4 -Declipse.product=org.eclipse.jdt.ls.core.product -Djava.import.generatesMetadataFilesAtProjectRoot=false -DDetectVMInstallationsJob.disabled=true -Dfile.encoding=utf8 -XX:+UseParallelGC -XX:GCTimeRatio=4 -XX:AdaptiveSizePolicyWeight=90 -Dsun.zip.disableMemoryMapping=true -Xmx1G -Xms100m -Xlog:disable -javaagent:c:\Users\HP\.vscode\extensions\redhat.java-1.34.0-win32-x64\lombok\lombok-1.18.33.jar c:\Users\HP\.vscode\extensions\redhat.java-1.34.0-win32-x64\server\plugins\org.eclipse.equinox.launcher_1.6.900.v20240613-2009.jar -configuration c:\Users\HP\AppData\Roaming\Code\User\globalStorage\redhat.java\1.34.0\config_ss_win -data c:\Users\HP\AppData\Roaming\Code\User\workspaceStorage\045a78505f8d80708596433507aef1e3\redhat.java\ss_ws --pipe=\\.\pipe\lsp-cab359cee5a81977f92b626a883b31d6-sock

Host: Intel(R) Core(TM) i3-7100U CPU @ 2.40GHz, 4 cores, 3G,  Windows 10 , 64 bit Build 19041 (10.0.19041.4842)
Time: Thu Sep 26 12:15:20 2024 India Standard Time elapsed time: 9.080726 seconds (0d 0h 0m 9s)

---------------  T H R E A D  ---------------

Current thread (0x000002432e8743c0):  JavaThread "C2 CompilerThread0" daemon [_thread_in_native, id=15800, stack(0x00000050a4600000,0x00000050a4700000)]


Current CompileTask:
C2:   9080 2454       4       org.lombokweb.asm.ClassReader::readMethod (1066 bytes)

Stack: [0x00000050a4600000,0x00000050a4700000]
Native frames: (J=compiled Java code, j=interpreted, Vv=VM code, C=native code)
V  [jvm.dll+0x67f929]
V  [jvm.dll+0x8371ba]
V  [jvm.dll+0x838c7e]
V  [jvm.dll+0x8392e3]
V  [jvm.dll+0x24834f]
V  [jvm.dll+0xac9d4]
V  [jvm.dll+0xad01c]
V  [jvm.dll+0x3674a7]
V  [jvm.dll+0x33197a]
V  [jvm.dll+0x330e1a]
V  [jvm.dll+0x21a8b1]
V  [jvm.dll+0x219cf1]
V  [jvm.dll+0x1a58bd]
V  [jvm.dll+0x229a2d]
V  [jvm.dll+0x227bdc]
V  [jvm.dll+0x7ec1f7]
V  [jvm.dll+0x7e65dc]
V  [jvm.dll+0x67e7f7]
C  [ucrtbase.dll+0x21bb2]
C  [KERNEL32.DLL+0x17374]
C  [ntdll.dll+0x4cc91]


---------------  P R O C E S S  ---------------

Threads class SMR info:
_java_thread_list=0x000002432f34af90, length=22, elements={
0x000002431581cf50, 0x000002432965b750, 0x000002432965d180, 0x00000243296a2700,
0x000002432969b860, 0x000002432969c3f0, 0x000002432969ccc0, 0x000002432e8743c0,
0x00000243296addf0, 0x000002432e8e06a0, 0x000002431587f360, 0x000002432ebd9df0,
0x000002432f3b8ea0, 0x000002432f022c90, 0x000002432f3e9b50, 0x000002432f29b150,
0x000002432f2f65b0, 0x000002432f5f2fe0, 0x000002432f5f2ad0, 0x000002432f5f20b0,
0x000002432f5f3a00, 0x000002432f5f3f10
}

Java Threads: ( => current thread )
  0x000002431581cf50 JavaThread "main" [_thread_blocked, id=15356, stack(0x00000050a3d00000,0x00000050a3e00000)]
  0x000002432965b750 JavaThread "Reference Handler" daemon [_thread_blocked, id=15924, stack(0x00000050a4000000,0x00000050a4100000)]
  0x000002432965d180 JavaThread "Finalizer" daemon [_thread_blocked, id=11196, stack(0x00000050a4100000,0x00000050a4200000)]
  0x00000243296a2700 JavaThread "Signal Dispatcher" daemon [_thread_blocked, id=1740, stack(0x00000050a4200000,0x00000050a4300000)]
  0x000002432969b860 JavaThread "Attach Listener" daemon [_thread_blocked, id=5676, stack(0x00000050a4300000,0x00000050a4400000)]
  0x000002432969c3f0 JavaThread "Service Thread" daemon [_thread_blocked, id=15480, stack(0x00000050a4400000,0x00000050a4500000)]
  0x000002432969ccc0 JavaThread "Monitor Deflation Thread" daemon [_thread_blocked, id=15296, stack(0x00000050a4500000,0x00000050a4600000)]
=>0x000002432e8743c0 JavaThread "C2 CompilerThread0" daemon [_thread_in_native, id=15800, stack(0x00000050a4600000,0x00000050a4700000)]
  0x00000243296addf0 JavaThread "C1 CompilerThread0" daemon [_thread_blocked, id=15484, stack(0x00000050a4700000,0x00000050a4800000)]
  0x000002432e8e06a0 JavaThread "Sweeper thread" daemon [_thread_blocked, id=12292, stack(0x00000050a4800000,0x00000050a4900000)]
  0x000002431587f360 JavaThread "Common-Cleaner" daemon [_thread_blocked, id=6036, stack(0x00000050a4900000,0x00000050a4a00000)]
  0x000002432ebd9df0 JavaThread "Notification Thread" daemon [_thread_blocked, id=5784, stack(0x00000050a4a00000,0x00000050a4b00000)]
  0x000002432f3b8ea0 JavaThread "Active Thread: Equinox Container: 935be2b6-e476-419c-ae16-0a278752a1d8" [_thread_blocked, id=2336, stack(0x00000050a4f00000,0x00000050a5000000)]
  0x000002432f022c90 JavaThread "Framework Event Dispatcher: Equinox Container: 935be2b6-e476-419c-ae16-0a278752a1d8" daemon [_thread_blocked, id=13656, stack(0x00000050a5000000,0x00000050a5100000)]
  0x000002432f3e9b50 JavaThread "Start Level: Equinox Container: 935be2b6-e476-419c-ae16-0a278752a1d8" daemon [_thread_in_vm, id=14964, stack(0x00000050a5100000,0x00000050a5200000)]
  0x000002432f29b150 JavaThread "SCR Component Actor" daemon [_thread_blocked, id=12272, stack(0x00000050a5200000,0x00000050a5300000)]
  0x000002432f2f65b0 JavaThread "SCR Component Registry" daemon [_thread_blocked, id=9936, stack(0x00000050a5300000,0x00000050a5400000)]
  0x000002432f5f2fe0 JavaThread "Worker-JM" [_thread_blocked, id=11152, stack(0x00000050a5400000,0x00000050a5500000)]
  0x000002432f5f2ad0 JavaThread "JNA Cleaner" daemon [_thread_blocked, id=13928, stack(0x00000050a5500000,0x00000050a5600000)]
  0x000002432f5f20b0 JavaThread "Worker-0" [_thread_blocked, id=12868, stack(0x00000050a5600000,0x00000050a5700000)]
  0x000002432f5f3a00 JavaThread "Worker-1" [_thread_blocked, id=14620, stack(0x00000050a5700000,0x00000050a5800000)]
  0x000002432f5f3f10 JavaThread "Worker-2" [_thread_blocked, id=8760, stack(0x00000050a5800000,0x00000050a5900000)]

Other Threads:
  0x00000243158cea40 VMThread "VM Thread" [stack: 0x00000050a3f00000,0x00000050a4000000] [id=3728]
  0x000002432ec90b00 WatcherThread [stack: 0x00000050a4b00000,0x00000050a4c00000] [id=14540]
  0x0000024315832ee0 GCTaskThread "GC Thread#0" [stack: 0x00000050a3e00000,0x00000050a3f00000] [id=14984]
  0x000002432ee1f6a0 GCTaskThread "GC Thread#1" [stack: 0x00000050a4c00000,0x00000050a4d00000] [id=16224]
  0x000002432ef0e040 GCTaskThread "GC Thread#2" [stack: 0x00000050a4d00000,0x00000050a4e00000] [id=6816]
  0x000002432ef0e300 GCTaskThread "GC Thread#3" [stack: 0x00000050a4e00000,0x00000050a4f00000] [id=1484]

Threads with active compile tasks:
C2 CompilerThread0     9139 2454       4       org.lombokweb.asm.ClassReader::readMethod (1066 bytes)

VM state: not at safepoint (normal execution)

VM Mutex/Monitor currently owned by a thread: None

Heap address: 0x00000000c0000000, size: 1024 MB, Compressed Oops mode: 32-bit

CDS archive(s) not mapped
Compressed class space mapped at: 0x0000000100000000-0x0000000140000000, reserved size: 1073741824
Narrow klass base: 0x0000000000000000, Narrow klass shift: 3, Narrow klass range: 0x140000000

GC Precious Log:
 CPUs: 4 total, 4 available
 Memory: 4007M
 Large Page Support: Disabled
 NUMA Support: Disabled
 Compressed Oops: Enabled (32-bit)
 Alignments: Space 512K, Generation 512K, Heap 2M
 Heap Min Capacity: 100M
 Heap Initial Capacity: 100M
 Heap Max Capacity: 1G
 Pre-touch: Disabled
 Parallel Workers: 4

Heap:
 PSYoungGen      total 27136K, used 4118K [0x00000000eab00000, 0x00000000ec980000, 0x0000000100000000)
  eden space 24576K, 8% used [0x00000000eab00000,0x00000000ead047d0,0x00000000ec300000)
  from space 2560K, 80% used [0x00000000ec700000,0x00000000ec901030,0x00000000ec980000)
  to   space 2560K, 0% used [0x00000000ec480000,0x00000000ec480000,0x00000000ec700000)
 ParOldGen       total 68608K, used 6946K [0x00000000c0000000, 0x00000000c4300000, 0x00000000eab00000)
  object space 68608K, 10% used [0x00000000c0000000,0x00000000c06c88b0,0x00000000c4300000)
 Metaspace       used 28385K, committed 28928K, reserved 1114112K
  class space    used 2769K, committed 3008K, reserved 1048576K

Card table byte_map: [0x00000243151b0000,0x00000243153c0000] _byte_map_base: 0x0000024314bb0000

Marking Bits: (ParMarkBitMap*) 0x00007ffdfa2658b0
 Begin Bits: [0x00000243274b0000, 0x00000243284b0000)
 End Bits:   [0x00000243284b0000, 0x00000243294b0000)

Polling page: 0x0000024313750000

Metaspace:

Usage:
  Non-class:     25.02 MB used.
      Class:      2.70 MB used.
       Both:     27.72 MB used.

Virtual space:
  Non-class space:       64.00 MB reserved,      25.31 MB ( 40%) committed,  1 nodes.
      Class space:        1.00 GB reserved,       2.94 MB ( <1%) committed,  1 nodes.
             Both:        1.06 GB reserved,      28.25 MB (  3%) committed. 

Chunk freelists:
   Non-Class:  6.52 MB
       Class:  13.08 MB
        Both:  19.59 MB

MaxMetaspaceSize: unlimited
CompressedClassSpaceSize: 1.00 GB
Initial GC threshold: 21.00 MB
Current GC threshold: 35.00 MB
CDS: off
MetaspaceReclaimPolicy: balanced
 - commit_granule_bytes: 65536.
 - commit_granule_words: 8192.
 - virtual_space_node_default_size: 8388608.
 - enlarge_chunks_in_place: 1.
 - new_chunks_are_fully_committed: 0.
 - uncommit_free_chunks: 1.
 - use_allocation_guard: 0.
 - handle_deallocations: 1.


Internal statistics:

num_allocs_failed_limit: 3.
num_arena_births: 304.
num_arena_deaths: 14.
num_vsnodes_births: 2.
num_vsnodes_deaths: 0.
num_space_committed: 452.
num_space_uncommitted: 0.
num_chunks_returned_to_freelist: 17.
num_chunks_taken_from_freelist: 1082.
num_chunk_merges: 5.
num_chunk_splits: 699.
num_chunks_enlarged: 492.
num_inconsistent_stats: 0.

CodeHeap 'non-profiled nmethods': size=120000Kb used=977Kb max_used=977Kb free=119022Kb
 bounds [0x000002431ff80000, 0x00000243201f0000, 0x00000243274b0000]
CodeHeap 'profiled nmethods': size=120000Kb used=4919Kb max_used=4919Kb free=115080Kb
 bounds [0x00000243184b0000, 0x0000024318980000, 0x000002431f9e0000]
CodeHeap 'non-nmethods': size=5760Kb used=1234Kb max_used=1234Kb free=4525Kb
 bounds [0x000002431f9e0000, 0x000002431fc50000, 0x000002431ff80000]
 total_blobs=3021 nmethods=2473 adapters=462
 compilation: enabled
              stopped_count=0, restarted_count=0
 full_count=0

Compilation events (20 events):
Event: 8.970 Thread 0x00000243296addf0 2469       3       org.lombokweb.asm.Label::put (83 bytes)
Event: 8.970 Thread 0x00000243296addf0 nmethod 2469 0x0000024318970690 code [0x00000243189708a0, 0x0000024318970cd8]
Event: 8.970 Thread 0x00000243296addf0 2472       3       org.lombokweb.asm.MethodWriter::visitLabel (332 bytes)
Event: 8.971 Thread 0x00000243296addf0 nmethod 2472 0x0000024318970e90 code [0x00000243189710c0, 0x0000024318971a18]
Event: 8.971 Thread 0x00000243296addf0 2471       3       org.lombokweb.asm.MethodVisitor::visitInsn (16 bytes)
Event: 8.971 Thread 0x00000243296addf0 nmethod 2471 0x0000024318971c90 code [0x0000024318971e40, 0x0000024318972048]
Event: 8.971 Thread 0x00000243296addf0 2470       3       org.lombokweb.asm.MethodWriter::visitJumpInsn (495 bytes)
Event: 8.973 Thread 0x00000243296addf0 nmethod 2470 0x0000024318972110 code [0x0000024318972440, 0x00000243189734a8]
Event: 9.011 Thread 0x00000243296addf0 2473       3       org.lombokweb.asm.SymbolTable::<init> (536 bytes)
Event: 9.016 Thread 0x00000243296addf0 nmethod 2473 0x0000024318973a90 code [0x0000024318974000, 0x0000024318976888]
Event: 9.018 Thread 0x00000243296addf0 2474       3       org.lombokweb.asm.Label::addForwardReference (102 bytes)
Event: 9.019 Thread 0x00000243296addf0 nmethod 2474 0x0000024318977990 code [0x0000024318977b40, 0x0000024318977fc8]
Event: 9.019 Thread 0x00000243296addf0 2475       3       org.lombokweb.asm.MethodVisitor::visitJumpInsn (17 bytes)
Event: 9.019 Thread 0x00000243296addf0 nmethod 2475 0x0000024318978190 code [0x0000024318978340, 0x0000024318978548]
Event: 9.020 Thread 0x00000243296addf0 2476       3       java.lang.String::split (327 bytes)
Event: 9.026 Thread 0x00000243296addf0 nmethod 2476 0x0000024318978610 code [0x0000024318978ba0, 0x000002431897be78]
Event: 9.030 Thread 0x00000243296addf0 2477       3       org.lombokweb.asm.ByteVector::putByteArray (49 bytes)
Event: 9.031 Thread 0x00000243296addf0 nmethod 2477 0x000002431897d110 code [0x000002431897d2c0, 0x000002431897d598]
Event: 9.034 Thread 0x00000243296addf0 2478       3       java.lang.String::subSequence (7 bytes)
Event: 9.034 Thread 0x00000243296addf0 nmethod 2478 0x000002431897d690 code [0x000002431897d820, 0x000002431897d968]

GC Heap History (12 events):
Event: 2.663 GC heap before
{Heap before GC invocations=1 (full 0):
 PSYoungGen      total 29696K, used 25600K [0x00000000eab00000, 0x00000000ecc00000, 0x0000000100000000)
  eden space 25600K, 100% used [0x00000000eab00000,0x00000000ec400000,0x00000000ec400000)
  from space 4096K, 0% used [0x00000000ec800000,0x00000000ec800000,0x00000000ecc00000)
  to   space 4096K, 0% used [0x00000000ec400000,0x00000000ec400000,0x00000000ec800000)
 ParOldGen       total 68608K, used 0K [0x00000000c0000000, 0x00000000c4300000, 0x00000000eab00000)
  object space 68608K, 0% used [0x00000000c0000000,0x00000000c0000000,0x00000000c4300000)
 Metaspace       used 10978K, committed 11200K, reserved 1114112K
  class space    used 1093K, committed 1216K, reserved 1048576K
}
Event: 2.680 GC heap after
{Heap after GC invocations=1 (full 0):
 PSYoungGen      total 29696K, used 3133K [0x00000000eab00000, 0x00000000ecc00000, 0x0000000100000000)
  eden space 25600K, 0% used [0x00000000eab00000,0x00000000eab00000,0x00000000ec400000)
  from space 4096K, 76% used [0x00000000ec400000,0x00000000ec70f768,0x00000000ec800000)
  to   space 4096K, 0% used [0x00000000ec800000,0x00000000ec800000,0x00000000ecc00000)
 ParOldGen       total 68608K, used 8K [0x00000000c0000000, 0x00000000c4300000, 0x00000000eab00000)
  object space 68608K, 0% used [0x00000000c0000000,0x00000000c0002000,0x00000000c4300000)
 Metaspace       used 10978K, committed 11200K, reserved 1114112K
  class space    used 1093K, committed 1216K, reserved 1048576K
}
Event: 5.017 GC heap before
{Heap before GC invocations=2 (full 0):
 PSYoungGen      total 29696K, used 28733K [0x00000000eab00000, 0x00000000ecc00000, 0x0000000100000000)
  eden space 25600K, 99% used [0x00000000eab00000,0x00000000ec3fff48,0x00000000ec400000)
  from space 4096K, 76% used [0x00000000ec400000,0x00000000ec70f768,0x00000000ec800000)
  to   space 4096K, 0% used [0x00000000ec800000,0x00000000ec800000,0x00000000ecc00000)
 ParOldGen       total 68608K, used 8K [0x00000000c0000000, 0x00000000c4300000, 0x00000000eab00000)
  object space 68608K, 0% used [0x00000000c0000000,0x00000000c0002000,0x00000000c4300000)
 Metaspace       used 14734K, committed 15040K, reserved 1114112K
  class space    used 1493K, committed 1664K, reserved 1048576K
}
Event: 5.025 GC heap after
{Heap after GC invocations=2 (full 0):
 PSYoungGen      total 29696K, used 4067K [0x00000000eab00000, 0x00000000ecc00000, 0x0000000100000000)
  eden space 25600K, 0% used [0x00000000eab00000,0x00000000eab00000,0x00000000ec400000)
  from space 4096K, 99% used [0x00000000ec800000,0x00000000ecbf8fb0,0x00000000ecc00000)
  to   space 4096K, 0% used [0x00000000ec400000,0x00000000ec400000,0x00000000ec800000)
 ParOldGen       total 68608K, used 782K [0x00000000c0000000, 0x00000000c4300000, 0x00000000eab00000)
  object space 68608K, 1% used [0x00000000c0000000,0x00000000c00c3b60,0x00000000c4300000)
 Metaspace       used 14734K, committed 15040K, reserved 1114112K
  class space    used 1493K, committed 1664K, reserved 1048576K
}
Event: 6.051 GC heap before
{Heap before GC invocations=3 (full 0):
 PSYoungGen      total 29696K, used 29667K [0x00000000eab00000, 0x00000000ecc00000, 0x0000000100000000)
  eden space 25600K, 100% used [0x00000000eab00000,0x00000000ec400000,0x00000000ec400000)
  from space 4096K, 99% used [0x00000000ec800000,0x00000000ecbf8fb0,0x00000000ecc00000)
  to   space 4096K, 0% used [0x00000000ec400000,0x00000000ec400000,0x00000000ec800000)
 ParOldGen       total 68608K, used 782K [0x00000000c0000000, 0x00000000c4300000, 0x00000000eab00000)
  object space 68608K, 1% used [0x00000000c0000000,0x00000000c00c3b60,0x00000000c4300000)
 Metaspace       used 19751K, committed 20096K, reserved 1114112K
  class space    used 2020K, committed 2176K, reserved 1048576K
}
Event: 6.059 GC heap after
{Heap after GC invocations=3 (full 0):
 PSYoungGen      total 29696K, used 4064K [0x00000000eab00000, 0x00000000ecc00000, 0x0000000100000000)
  eden space 25600K, 0% used [0x00000000eab00000,0x00000000eab00000,0x00000000ec400000)
  from space 4096K, 99% used [0x00000000ec400000,0x00000000ec7f83a0,0x00000000ec800000)
  to   space 4096K, 0% used [0x00000000ec800000,0x00000000ec800000,0x00000000ecc00000)
 ParOldGen       total 68608K, used 2414K [0x00000000c0000000, 0x00000000c4300000, 0x00000000eab00000)
  object space 68608K, 3% used [0x00000000c0000000,0x00000000c025b8a0,0x00000000c4300000)
 Metaspace       used 19751K, committed 20096K, reserved 1114112K
  class space    used 2020K, committed 2176K, reserved 1048576K
}
Event: 6.621 GC heap before
{Heap before GC invocations=4 (full 0):
 PSYoungGen      total 29696K, used 11289K [0x00000000eab00000, 0x00000000ecc00000, 0x0000000100000000)
  eden space 25600K, 28% used [0x00000000eab00000,0x00000000eb20e140,0x00000000ec400000)
  from space 4096K, 99% used [0x00000000ec400000,0x00000000ec7f83a0,0x00000000ec800000)
  to   space 4096K, 0% used [0x00000000ec800000,0x00000000ec800000,0x00000000ecc00000)
 ParOldGen       total 68608K, used 2414K [0x00000000c0000000, 0x00000000c4300000, 0x00000000eab00000)
  object space 68608K, 3% used [0x00000000c0000000,0x00000000c025b8a0,0x00000000c4300000)
 Metaspace       used 21082K, committed 21504K, reserved 1114112K
  class space    used 2154K, committed 2368K, reserved 1048576K
}
Event: 6.631 GC heap after
{Heap after GC invocations=4 (full 0):
 PSYoungGen      total 29696K, used 4086K [0x00000000eab00000, 0x00000000ecc00000, 0x0000000100000000)
  eden space 25600K, 0% used [0x00000000eab00000,0x00000000eab00000,0x00000000ec400000)
  from space 4096K, 99% used [0x00000000ec800000,0x00000000ecbfdaa0,0x00000000ecc00000)
  to   space 4096K, 0% used [0x00000000ec400000,0x00000000ec400000,0x00000000ec800000)
 ParOldGen       total 68608K, used 2964K [0x00000000c0000000, 0x00000000c4300000, 0x00000000eab00000)
  object space 68608K, 4% used [0x00000000c0000000,0x00000000c02e5038,0x00000000c4300000)
 Metaspace       used 21082K, committed 21504K, reserved 1114112K
  class space    used 2154K, committed 2368K, reserved 1048576K
}
Event: 6.631 GC heap before
{Heap before GC invocations=5 (full 1):
 PSYoungGen      total 29696K, used 4086K [0x00000000eab00000, 0x00000000ecc00000, 0x0000000100000000)
  eden space 25600K, 0% used [0x00000000eab00000,0x00000000eab00000,0x00000000ec400000)
  from space 4096K, 99% used [0x00000000ec800000,0x00000000ecbfdaa0,0x00000000ecc00000)
  to   space 4096K, 0% used [0x00000000ec400000,0x00000000ec400000,0x00000000ec800000)
 ParOldGen       total 68608K, used 2964K [0x00000000c0000000, 0x00000000c4300000, 0x00000000eab00000)
  object space 68608K, 4% used [0x00000000c0000000,0x00000000c02e5038,0x00000000c4300000)
 Metaspace       used 21082K, committed 21504K, reserved 1114112K
  class space    used 2154K, committed 2368K, reserved 1048576K
}
Event: 6.674 GC heap after
{Heap after GC invocations=5 (full 1):
 PSYoungGen      total 29696K, used 0K [0x00000000eab00000, 0x00000000ecc00000, 0x0000000100000000)
  eden space 25600K, 0% used [0x00000000eab00000,0x00000000eab00000,0x00000000ec400000)
  from space 4096K, 0% used [0x00000000ec800000,0x00000000ec800000,0x00000000ecc00000)
  to   space 4096K, 0% used [0x00000000ec400000,0x00000000ec400000,0x00000000ec800000)
 ParOldGen       total 68608K, used 6938K [0x00000000c0000000, 0x00000000c4300000, 0x00000000eab00000)
  object space 68608K, 10% used [0x00000000c0000000,0x00000000c06c68b0,0x00000000c4300000)
 Metaspace       used 21069K, committed 21504K, reserved 1114112K
  class space    used 2151K, committed 2368K, reserved 1048576K
}
Event: 8.475 GC heap before
{Heap before GC invocations=6 (full 1):
 PSYoungGen      total 29696K, used 25600K [0x00000000eab00000, 0x00000000ecc00000, 0x0000000100000000)
  eden space 25600K, 100% used [0x00000000eab00000,0x00000000ec400000,0x00000000ec400000)
  from space 4096K, 0% used [0x00000000ec800000,0x00000000ec800000,0x00000000ecc00000)
  to   space 4096K, 0% used [0x00000000ec400000,0x00000000ec400000,0x00000000ec800000)
 ParOldGen       total 68608K, used 6938K [0x00000000c0000000, 0x00000000c4300000, 0x00000000eab00000)
  object space 68608K, 10% used [0x00000000c0000000,0x00000000c06c68b0,0x00000000c4300000)
 Metaspace       used 24098K, committed 24640K, reserved 1114112K
  class space    used 2461K, committed 2688K, reserved 1048576K
}
Event: 8.477 GC heap after
{Heap after GC invocations=6 (full 1):
 PSYoungGen      total 27648K, used 2149K [0x00000000eab00000, 0x00000000eca80000, 0x0000000100000000)
  eden space 25088K, 0% used [0x00000000eab00000,0x00000000eab00000,0x00000000ec380000)
  from space 2560K, 83% used [0x00000000ec400000,0x00000000ec619448,0x00000000ec680000)
  to   space 3584K, 0% used [0x00000000ec700000,0x00000000ec700000,0x00000000eca80000)
 ParOldGen       total 68608K, used 6946K [0x00000000c0000000, 0x00000000c4300000, 0x00000000eab00000)
  object space 68608K, 10% used [0x00000000c0000000,0x00000000c06c88b0,0x00000000c4300000)
 Metaspace       used 24098K, committed 24640K, reserved 1114112K
  class space    used 2461K, committed 2688K, reserved 1048576K
}

Dll operation events (10 events):
Event: 0.016 Loaded shared library c:\Users\HP\.vscode\extensions\redhat.java-1.34.0-win32-x64\jre\17.0.12-win32-x86_64\bin\java.dll
Event: 0.374 Loaded shared library c:\Users\HP\.vscode\extensions\redhat.java-1.34.0-win32-x64\jre\17.0.12-win32-x86_64\bin\zip.dll
Event: 0.379 Loaded shared library C:\Users\HP\.vscode\extensions\redhat.java-1.34.0-win32-x64\jre\17.0.12-win32-x86_64\bin\instrument.dll
Event: 0.402 Loaded shared library C:\Users\HP\.vscode\extensions\redhat.java-1.34.0-win32-x64\jre\17.0.12-win32-x86_64\bin\net.dll
Event: 0.405 Loaded shared library C:\Users\HP\.vscode\extensions\redhat.java-1.34.0-win32-x64\jre\17.0.12-win32-x86_64\bin\nio.dll
Event: 0.422 Loaded shared library C:\Users\HP\.vscode\extensions\redhat.java-1.34.0-win32-x64\jre\17.0.12-win32-x86_64\bin\zip.dll
Event: 0.461 Loaded shared library C:\Users\HP\.vscode\extensions\redhat.java-1.34.0-win32-x64\jre\17.0.12-win32-x86_64\bin\jimage.dll
Event: 0.575 Loaded shared library c:\Users\HP\.vscode\extensions\redhat.java-1.34.0-win32-x64\jre\17.0.12-win32-x86_64\bin\verify.dll
Event: 4.588 Loaded shared library C:\Users\HP\AppData\Roaming\Code\User\globalStorage\redhat.java\1.34.0\config_ss_win\org.eclipse.equinox.launcher\org.eclipse.equinox.launcher.win32.win32.x86_64_1.2.1100.v20240722-2106\eclipse_11904.dll
Event: 7.687 Loaded shared library C:\Users\HP\AppData\Local\Temp\jna-2312\jna10550547107671233682.dll

Deoptimization events (20 events):
Event: 7.824 Thread 0x000002432f3e9b50 Uncommon trap: trap_request=0xffffffde fr.pc=0x0000024320060fc4 relative=0x0000000000000124
Event: 7.824 Thread 0x000002432f3e9b50 Uncommon trap: reason=class_check action=maybe_recompile pc=0x0000024320060fc4 method=jdk.internal.misc.Unsafe.allocateUninitializedArray(Ljava/lang/Class;I)Ljava/lang/Object; @ 51 c2
Event: 7.824 Thread 0x000002432f3e9b50 DEOPT PACKING pc=0x0000024320060fc4 sp=0x00000050a51f89f0
Event: 7.824 Thread 0x000002432f3e9b50 DEOPT UNPACKING pc=0x000002431fa366a3 sp=0x00000050a51f8978 mode 2
Event: 7.871 Thread 0x000002432f3e9b50 Uncommon trap: trap_request=0xffffff45 fr.pc=0x000002431ffd1bf4 relative=0x0000000000000074
Event: 7.871 Thread 0x000002432f3e9b50 Uncommon trap: reason=unstable_if action=reinterpret pc=0x000002431ffd1bf4 method=jdk.internal.misc.Unsafe.convEndian(ZJ)J @ 4 c2
Event: 7.871 Thread 0x000002432f3e9b50 DEOPT PACKING pc=0x000002431ffd1bf4 sp=0x00000050a51f7cf0
Event: 7.871 Thread 0x000002432f3e9b50 DEOPT UNPACKING pc=0x000002431fa366a3 sp=0x00000050a51f7c18 mode 2
Event: 7.914 Thread 0x000002432f3e9b50 Uncommon trap: trap_request=0xffffff45 fr.pc=0x000002431ffa7ac8 relative=0x0000000000000048
Event: 7.914 Thread 0x000002432f3e9b50 Uncommon trap: reason=unstable_if action=reinterpret pc=0x000002431ffa7ac8 method=java.lang.CharacterData.of(I)Ljava/lang/CharacterData; @ 4 c2
Event: 7.914 Thread 0x000002432f3e9b50 DEOPT PACKING pc=0x000002431ffa7ac8 sp=0x00000050a51f8c60
Event: 7.914 Thread 0x000002432f3e9b50 DEOPT UNPACKING pc=0x000002431fa366a3 sp=0x00000050a51f8bf8 mode 2
Event: 8.969 Thread 0x000002432f3e9b50 Uncommon trap: trap_request=0xffffff45 fr.pc=0x000002432007253c relative=0x000000000000013c
Event: 8.969 Thread 0x000002432f3e9b50 Uncommon trap: reason=unstable_if action=reinterpret pc=0x000002432007253c method=org.lombokweb.asm.ByteVector.putByteArray([BII)Lorg/lombokweb/asm/ByteVector; @ 20 c2
Event: 8.969 Thread 0x000002432f3e9b50 DEOPT PACKING pc=0x000002432007253c sp=0x00000050a51eeda0
Event: 8.969 Thread 0x000002432f3e9b50 DEOPT UNPACKING pc=0x000002431fa366a3 sp=0x00000050a51eed70 mode 2
Event: 8.969 Thread 0x000002432f3e9b50 Uncommon trap: trap_request=0xffffff45 fr.pc=0x0000024320071ef4 relative=0x0000000000000354
Event: 8.969 Thread 0x000002432f3e9b50 Uncommon trap: reason=unstable_if action=reinterpret pc=0x0000024320071ef4 method=org.lombokweb.asm.Label.resolve([BLorg/lombokweb/asm/ByteVector;I)Z @ 81 c2
Event: 8.969 Thread 0x000002432f3e9b50 DEOPT PACKING pc=0x0000024320071ef4 sp=0x00000050a51eee20
Event: 8.969 Thread 0x000002432f3e9b50 DEOPT UNPACKING pc=0x000002431fa366a3 sp=0x00000050a51eed28 mode 2

Classes loaded (20 events):
Event: 8.165 Loading class java/util/zip/GZIPInputStream
Event: 8.166 Loading class java/util/zip/GZIPInputStream done
Event: 8.172 Loading class java/net/SocketTimeoutException
Event: 8.172 Loading class java/io/InterruptedIOException
Event: 8.172 Loading class java/io/InterruptedIOException done
Event: 8.172 Loading class java/net/SocketTimeoutException done
Event: 8.172 Loading class java/net/SocketException
Event: 8.172 Loading class java/net/SocketException done
Event: 8.172 Loading class java/net/UnknownHostException
Event: 8.172 Loading class java/net/UnknownHostException done
Event: 8.172 Loading class java/net/ProtocolException
Event: 8.172 Loading class java/net/ProtocolException done
Event: 8.206 Loading class java/lang/ThreadLocal$SuppliedThreadLocal
Event: 8.206 Loading class java/lang/ThreadLocal$SuppliedThreadLocal done
Event: 8.224 Loading class java/io/FileWriter
Event: 8.224 Loading class java/io/FileWriter done
Event: 8.513 Loading class java/lang/NegativeArraySizeException
Event: 8.513 Loading class java/lang/NegativeArraySizeException done
Event: 8.525 Loading class java/lang/invoke/MethodHandle$1
Event: 8.525 Loading class java/lang/invoke/MethodHandle$1 done

Classes unloaded (7 events):
Event: 6.638 Thread 0x00000243158cea40 Unloading class 0x000000010021a400 'java/lang/invoke/LambdaForm$MH+0x000000010021a400'
Event: 6.638 Thread 0x00000243158cea40 Unloading class 0x000000010021a000 'java/lang/invoke/LambdaForm$MH+0x000000010021a000'
Event: 6.638 Thread 0x00000243158cea40 Unloading class 0x0000000100219c00 'java/lang/invoke/LambdaForm$MH+0x0000000100219c00'
Event: 6.638 Thread 0x00000243158cea40 Unloading class 0x0000000100219800 'java/lang/invoke/LambdaForm$MH+0x0000000100219800'
Event: 6.638 Thread 0x00000243158cea40 Unloading class 0x0000000100219400 'java/lang/invoke/LambdaForm$BMH+0x0000000100219400'
Event: 6.638 Thread 0x00000243158cea40 Unloading class 0x0000000100219000 'java/lang/invoke/LambdaForm$DMH+0x0000000100219000'
Event: 6.638 Thread 0x00000243158cea40 Unloading class 0x0000000100214400 'java/lang/invoke/LambdaForm$DMH+0x0000000100214400'

Classes redefined (0 events):
No events

Internal exceptions (20 events):
Event: 6.025 Thread 0x000002432f3e9b50 Exception <a 'java/io/FileNotFoundException'{0x00000000ec323768}> (0x00000000ec323768) 
thrown [s\src\hotspot\share\prims\jni.cpp, line 516]
Event: 6.175 Thread 0x000002432f3e9b50 Exception <a 'java/lang/NoSuchMethodError'{0x00000000ead58668}: 'java.lang.Object java.lang.invoke.DirectMethodHandle$Holder.newInvokeSpecial(java.lang.Object, java.lang.Object, java.lang.Object, java.lang.Object, java.lang.Object)'> (0x00000000ead58668) 
thrown [s\src\hotspot\share\interpreter\linkResolver.cpp, line 759]
Event: 6.341 Thread 0x000002432f3e9b50 Exception <a 'java/lang/NoSuchMethodError'{0x00000000eaf11950}: 'java.lang.Object java.lang.invoke.DirectMethodHandle$Holder.invokeStaticInit(java.lang.Object, int)'> (0x00000000eaf11950) 
thrown [s\src\hotspot\share\interpreter\linkResolver.cpp, line 759]
Event: 6.691 Thread 0x000002432f3e9b50 Exception <a 'java/lang/NoSuchMethodError'{0x00000000eab52a58}: 'java.lang.Object java.lang.invoke.DirectMethodHandle$Holder.invokeStaticInit(java.lang.Object, int, int, int, int)'> (0x00000000eab52a58) 
thrown [s\src\hotspot\share\interpreter\linkResolver.cpp, line 759]
Event: 6.938 Thread 0x000002432f3e9b50 Exception <a 'java/lang/NoSuchMethodError'{0x00000000eaca9a40}: 'java.lang.Object java.lang.invoke.DirectMethodHandle$Holder.invokeStaticInit(java.lang.Object, java.lang.Object, int, int, int, int)'> (0x00000000eaca9a40) 
thrown [s\src\hotspot\share\interpreter\linkResolver.cpp, line 759]
Event: 7.827 Thread 0x000002432f3e9b50 Exception <a 'java/lang/NoSuchMethodError'{0x00000000eaf99618}: 'java.lang.Object java.lang.invoke.DirectMethodHandle$Holder.invokeSpecial(java.lang.Object, java.lang.Object, java.lang.Object, long, java.lang.Object)'> (0x00000000eaf99618) 
thrown [s\src\hotspot\share\interpreter\linkResolver.cpp, line 759]
Event: 7.828 Thread 0x000002432f3e9b50 Exception <a 'java/lang/NoSuchMethodError'{0x00000000eafa1a40}: 'java.lang.Object java.lang.invoke.DirectMethodHandle$Holder.newInvokeSpecial(java.lang.Object, java.lang.Object, java.lang.Object, long)'> (0x00000000eafa1a40) 
thrown [s\src\hotspot\share\interpreter\linkResolver.cpp, line 759]
Event: 7.829 Thread 0x000002432f3e9b50 Exception <a 'java/lang/NoSuchMethodError'{0x00000000eafa5fe0}: 'java.lang.Object java.lang.invoke.DirectMethodHandle$Holder.invokeSpecial(java.lang.Object, java.lang.Object, java.lang.Object, java.lang.Object, long)'> (0x00000000eafa5fe0) 
thrown [s\src\hotspot\share\interpreter\linkResolver.cpp, line 759]
Event: 7.830 Thread 0x000002432f3e9b50 Exception <a 'java/lang/NoSuchMethodError'{0x00000000eafa9e58}: 'java.lang.Object java.lang.invoke.Invokers$Holder.linkToTargetMethod(java.lang.Object, java.lang.Object, long, java.lang.Object)'> (0x00000000eafa9e58) 
thrown [s\src\hotspot\share\interpreter\linkResolver.cpp, line 759]
Event: 7.848 Thread 0x000002432f3e9b50 Exception <a 'java/lang/NoSuchMethodError'{0x00000000eaffdf00}: 'int java.lang.invoke.DirectMethodHandle$Holder.invokeStaticInit(java.lang.Object, java.lang.Object, java.lang.Object)'> (0x00000000eaffdf00) 
thrown [s\src\hotspot\share\interpreter\linkResolver.cpp, line 759]
Event: 7.939 Thread 0x000002432f3e9b50 Exception <a 'java/lang/IncompatibleClassChangeError'{0x00000000eb249f38}: Found class java.lang.Object, but interface was expected> (0x00000000eb249f38) 
thrown [s\src\hotspot\share\interpreter\linkResolver.cpp, line 826]
Event: 7.950 Thread 0x000002432f3e9b50 Exception <a 'java/lang/NoSuchMethodError'{0x00000000eb261868}: 'java.lang.Object java.lang.invoke.DirectMethodHandle$Holder.invokeSpecial(java.lang.Object, java.lang.Object, java.lang.Object, int, java.lang.Object, java.lang.Object)'> (0x00000000eb261868) 
thrown [s\src\hotspot\share\interpreter\linkResolver.cpp, line 759]
Event: 7.951 Thread 0x000002432f3e9b50 Exception <a 'java/lang/NoSuchMethodError'{0x00000000eb269ff0}: 'java.lang.Object java.lang.invoke.DirectMethodHandle$Holder.newInvokeSpecial(java.lang.Object, java.lang.Object, java.lang.Object, int, java.lang.Object)'> (0x00000000eb269ff0) 
thrown [s\src\hotspot\share\interpreter\linkResolver.cpp, line 759]
Event: 7.953 Thread 0x000002432f3e9b50 Exception <a 'java/lang/NoSuchMethodError'{0x00000000eb26e448}: 'java.lang.Object java.lang.invoke.DirectMethodHandle$Holder.invokeSpecial(java.lang.Object, java.lang.Object, java.lang.Object, java.lang.Object, int, java.lang.Object)'> (0x00000000eb26e448) 
thrown [s\src\hotspot\share\interpreter\linkResolver.cpp, line 759]
Event: 7.954 Thread 0x000002432f5f20b0 Exception <a 'java/lang/NoSuchMethodError'{0x00000000eb02af58}: 'java.lang.Object java.lang.invoke.DirectMethodHandle$Holder.invokeSpecial(java.lang.Object, java.lang.Object, int, java.lang.Object, java.lang.Object)'> (0x00000000eb02af58) 
thrown [s\src\hotspot\share\interpreter\linkResolver.cpp, line 759]
Event: 7.955 Thread 0x000002432f5f20b0 Exception <a 'java/lang/NoSuchMethodError'{0x00000000eb032628}: 'java.lang.Object java.lang.invoke.DirectMethodHandle$Holder.newInvokeSpecial(java.lang.Object, java.lang.Object, int, java.lang.Object)'> (0x00000000eb032628) 
thrown [s\src\hotspot\share\interpreter\linkResolver.cpp, line 759]
Event: 7.956 Thread 0x000002432f5f20b0 Exception <a 'java/lang/NoSuchMethodError'{0x00000000eb036138}: 'java.lang.Object java.lang.invoke.DirectMethodHandle$Holder.invokeSpecial(java.lang.Object, java.lang.Object, java.lang.Object, int, java.lang.Object)'> (0x00000000eb036138) 
thrown [s\src\hotspot\share\interpreter\linkResolver.cpp, line 759]
Event: 8.088 Thread 0x000002432f3e9b50 Exception <a 'java/lang/NoSuchMethodError'{0x00000000eb691fa0}: 'double java.lang.invoke.DirectMethodHandle$Holder.invokeStatic(java.lang.Object, java.lang.Object)'> (0x00000000eb691fa0) 
thrown [s\src\hotspot\share\interpreter\linkResolver.cpp, line 759]
Event: 8.088 Thread 0x000002432f3e9b50 Exception <a 'java/lang/NoSuchMethodError'{0x00000000eb6958b8}: 'double java.lang.invoke.DirectMethodHandle$Holder.invokeStaticInit(java.lang.Object, java.lang.Object)'> (0x00000000eb6958b8) 
thrown [s\src\hotspot\share\interpreter\linkResolver.cpp, line 759]
Event: 8.969 Thread 0x000002432f3e9b50 Implicit null exception at 0x0000024320072449 to 0x000002432007251c

VM Operations (20 events):
Event: 5.643 Executing VM operation: HandshakeAllThreads
Event: 5.643 Executing VM operation: HandshakeAllThreads done
Event: 5.879 Executing VM operation: HandshakeAllThreads
Event: 5.879 Executing VM operation: HandshakeAllThreads done
Event: 6.051 Executing VM operation: ParallelGCFailedAllocation
Event: 6.059 Executing VM operation: ParallelGCFailedAllocation done
Event: 6.621 Executing VM operation: CollectForMetadataAllocation
Event: 6.675 Executing VM operation: CollectForMetadataAllocation done
Event: 6.726 Executing VM operation: HandshakeAllThreads
Event: 6.726 Executing VM operation: HandshakeAllThreads done
Event: 7.704 Executing VM operation: HandshakeAllThreads
Event: 7.704 Executing VM operation: HandshakeAllThreads done
Event: 7.704 Executing VM operation: Cleanup
Event: 7.704 Executing VM operation: Cleanup done
Event: 7.868 Executing VM operation: HandshakeAllThreads
Event: 7.868 Executing VM operation: HandshakeAllThreads done
Event: 7.915 Executing VM operation: HandshakeAllThreads
Event: 7.915 Executing VM operation: HandshakeAllThreads done
Event: 8.475 Executing VM operation: ParallelGCFailedAllocation
Event: 8.477 Executing VM operation: ParallelGCFailedAllocation done

Events (20 events):
Event: 0.105 Thread 0x000002432965d180 Thread added: 0x000002432965d180
Event: 0.150 Thread 0x00000243296a2700 Thread added: 0x00000243296a2700
Event: 0.150 Thread 0x000002432969b860 Thread added: 0x000002432969b860
Event: 0.150 Thread 0x000002432969c3f0 Thread added: 0x000002432969c3f0
Event: 0.150 Thread 0x000002432969ccc0 Thread added: 0x000002432969ccc0
Event: 0.150 Thread 0x000002432e8743c0 Thread added: 0x000002432e8743c0
Event: 0.154 Thread 0x00000243296addf0 Thread added: 0x00000243296addf0
Event: 0.158 Thread 0x000002432e8e06a0 Thread added: 0x000002432e8e06a0
Event: 0.292 Thread 0x000002431587f360 Thread added: 0x000002431587f360
Event: 0.724 Thread 0x000002432ebd9df0 Thread added: 0x000002432ebd9df0
Event: 3.906 Thread 0x000002432f3b8ea0 Thread added: 0x000002432f3b8ea0
Event: 4.532 Thread 0x000002432f022c90 Thread added: 0x000002432f022c90
Event: 4.561 Thread 0x000002432f3e9b50 Thread added: 0x000002432f3e9b50
Event: 4.692 Thread 0x000002432f29b150 Thread added: 0x000002432f29b150
Event: 5.156 Thread 0x000002432f2f65b0 Thread added: 0x000002432f2f65b0
Event: 5.728 Thread 0x000002432f5f2fe0 Thread added: 0x000002432f5f2fe0
Event: 7.743 Thread 0x000002432f5f2ad0 Thread added: 0x000002432f5f2ad0
Event: 7.836 Thread 0x000002432f5f20b0 Thread added: 0x000002432f5f20b0
Event: 7.957 Thread 0x000002432f5f3a00 Thread added: 0x000002432f5f3a00
Event: 8.142 Thread 0x000002432f5f3f10 Thread added: 0x000002432f5f3f10


Dynamic libraries:
0x00007ff614390000 - 0x00007ff61439e000 	c:\Users\HP\.vscode\extensions\redhat.java-1.34.0-win32-x64\jre\17.0.12-win32-x86_64\bin\java.exe
0x00007ffe83bf0000 - 0x00007ffe83de8000 	C:\Windows\SYSTEM32\ntdll.dll
0x00007ffe83370000 - 0x00007ffe83431000 	C:\Windows\System32\KERNEL32.DLL
0x00007ffe816b0000 - 0x00007ffe819ad000 	C:\Windows\System32\KERNELBASE.dll
0x00007ffe7def0000 - 0x00007ffe7df84000 	C:\Windows\SYSTEM32\apphelp.dll
0x00007ffe81510000 - 0x00007ffe81610000 	C:\Windows\System32\ucrtbase.dll
0x00007ffe5bbb0000 - 0x00007ffe5bbc7000 	c:\Users\HP\.vscode\extensions\redhat.java-1.34.0-win32-x64\jre\17.0.12-win32-x86_64\bin\jli.dll
0x00007ffe83880000 - 0x00007ffe83a1d000 	C:\Windows\System32\USER32.dll
0x00007ffe81450000 - 0x00007ffe81472000 	C:\Windows\System32\win32u.dll
0x00007ffe82ee0000 - 0x00007ffe82f0b000 	C:\Windows\System32\GDI32.dll
0x00007ffe819b0000 - 0x00007ffe81ac7000 	C:\Windows\System32\gdi32full.dll
0x00007ffe81610000 - 0x00007ffe816ad000 	C:\Windows\System32\msvcp_win.dll
0x00007ffe5b660000 - 0x00007ffe5b67b000 	c:\Users\HP\.vscode\extensions\redhat.java-1.34.0-win32-x64\jre\17.0.12-win32-x86_64\bin\VCRUNTIME140.dll
0x00007ffe6fd40000 - 0x00007ffe6ffda000 	C:\Windows\WinSxS\amd64_microsoft.windows.common-controls_6595b64144ccf1df_6.0.19041.4355_none_60b8b9eb71f62e16\COMCTL32.dll
0x00007ffe82540000 - 0x00007ffe825de000 	C:\Windows\System32\msvcrt.dll
0x00007ffe82e00000 - 0x00007ffe82e2f000 	C:\Windows\System32\IMM32.DLL
0x00007ffe7bda0000 - 0x00007ffe7bdac000 	c:\Users\HP\.vscode\extensions\redhat.java-1.34.0-win32-x64\jre\17.0.12-win32-x86_64\bin\vcruntime140_1.dll
0x00007ffe34c30000 - 0x00007ffe34cbd000 	c:\Users\HP\.vscode\extensions\redhat.java-1.34.0-win32-x64\jre\17.0.12-win32-x86_64\bin\msvcp140.dll
0x00007ffdf96c0000 - 0x00007ffdfa32a000 	c:\Users\HP\.vscode\extensions\redhat.java-1.34.0-win32-x64\jre\17.0.12-win32-x86_64\bin\server\jvm.dll
0x00007ffe82e30000 - 0x00007ffe82ee0000 	C:\Windows\System32\ADVAPI32.dll
0x00007ffe825e0000 - 0x00007ffe82680000 	C:\Windows\System32\sechost.dll
0x00007ffe81c20000 - 0x00007ffe81d43000 	C:\Windows\System32\RPCRT4.dll
0x00007ffe81b40000 - 0x00007ffe81b67000 	C:\Windows\System32\bcrypt.dll
0x00007ffe82ba0000 - 0x00007ffe82c0b000 	C:\Windows\System32\WS2_32.dll
0x00007ffe81100000 - 0x00007ffe8114b000 	C:\Windows\SYSTEM32\POWRPROF.dll
0x00007ffe6a530000 - 0x00007ffe6a557000 	C:\Windows\SYSTEM32\WINMM.dll
0x00007ffe7a990000 - 0x00007ffe7a99a000 	C:\Windows\SYSTEM32\VERSION.dll
0x00007ffe810e0000 - 0x00007ffe810f2000 	C:\Windows\SYSTEM32\UMPDC.dll
0x00007ffe7fac0000 - 0x00007ffe7fad2000 	C:\Windows\SYSTEM32\kernel.appcore.dll
0x00007ffe74fb0000 - 0x00007ffe74fba000 	c:\Users\HP\.vscode\extensions\redhat.java-1.34.0-win32-x64\jre\17.0.12-win32-x86_64\bin\jimage.dll
0x00007ffe7f020000 - 0x00007ffe7f204000 	C:\Windows\SYSTEM32\DBGHELP.DLL
0x00007ffe6a430000 - 0x00007ffe6a464000 	C:\Windows\SYSTEM32\dbgcore.DLL
0x00007ffe81480000 - 0x00007ffe81502000 	C:\Windows\System32\bcryptPrimitives.dll
0x00007ffe705b0000 - 0x00007ffe705be000 	c:\Users\HP\.vscode\extensions\redhat.java-1.34.0-win32-x64\jre\17.0.12-win32-x86_64\bin\instrument.dll
0x00007ffe4f770000 - 0x00007ffe4f795000 	c:\Users\HP\.vscode\extensions\redhat.java-1.34.0-win32-x64\jre\17.0.12-win32-x86_64\bin\java.dll
0x00007ffe5d980000 - 0x00007ffe5d998000 	c:\Users\HP\.vscode\extensions\redhat.java-1.34.0-win32-x64\jre\17.0.12-win32-x86_64\bin\zip.dll
0x00007ffe81d50000 - 0x00007ffe824bf000 	C:\Windows\System32\SHELL32.dll
0x00007ffe7f300000 - 0x00007ffe7faa3000 	C:\Windows\SYSTEM32\windows.storage.dll
0x00007ffe83450000 - 0x00007ffe837a3000 	C:\Windows\System32\combase.dll
0x00007ffe80c00000 - 0x00007ffe80c2e000 	C:\Windows\SYSTEM32\Wldp.dll
0x00007ffe837b0000 - 0x00007ffe8387d000 	C:\Windows\System32\OLEAUT32.dll
0x00007ffe83b00000 - 0x00007ffe83bad000 	C:\Windows\System32\SHCORE.dll
0x00007ffe830f0000 - 0x00007ffe83145000 	C:\Windows\System32\shlwapi.dll
0x00007ffe811d0000 - 0x00007ffe811f4000 	C:\Windows\SYSTEM32\profapi.dll
0x00007ffe4f6b0000 - 0x00007ffe4f6c9000 	C:\Users\HP\.vscode\extensions\redhat.java-1.34.0-win32-x64\jre\17.0.12-win32-x86_64\bin\net.dll
0x00007ffe77ef0000 - 0x00007ffe77ffd000 	C:\Windows\SYSTEM32\WINHTTP.dll
0x00007ffe80960000 - 0x00007ffe809ca000 	C:\Windows\system32\mswsock.dll
0x00007ffe4f500000 - 0x00007ffe4f516000 	C:\Users\HP\.vscode\extensions\redhat.java-1.34.0-win32-x64\jre\17.0.12-win32-x86_64\bin\nio.dll
0x00007ffe70580000 - 0x00007ffe70590000 	c:\Users\HP\.vscode\extensions\redhat.java-1.34.0-win32-x64\jre\17.0.12-win32-x86_64\bin\verify.dll
0x00007ffe387e0000 - 0x00007ffe38825000 	C:\Users\HP\AppData\Roaming\Code\User\globalStorage\redhat.java\1.34.0\config_ss_win\org.eclipse.equinox.launcher\org.eclipse.equinox.launcher.win32.win32.x86_64_1.2.1100.v20240722-2106\eclipse_11904.dll
0x00007ffe82c10000 - 0x00007ffe82d3b000 	C:\Windows\System32\ole32.dll
0x00007ffe80b60000 - 0x00007ffe80b78000 	C:\Windows\SYSTEM32\CRYPTSP.dll
0x00007ffe80280000 - 0x00007ffe802b4000 	C:\Windows\system32\rsaenh.dll
0x00007ffe81150000 - 0x00007ffe8117e000 	C:\Windows\SYSTEM32\USERENV.dll
0x00007ffe80b50000 - 0x00007ffe80b5c000 	C:\Windows\SYSTEM32\CRYPTBASE.dll
0x00007ffe80640000 - 0x00007ffe8067b000 	C:\Windows\SYSTEM32\IPHLPAPI.DLL
0x00007ffe83150000 - 0x00007ffe83158000 	C:\Windows\System32\NSI.dll
0x00007ffe7a0d0000 - 0x00007ffe7a0e7000 	C:\Windows\SYSTEM32\dhcpcsvc6.DLL
0x00007ffe7a2c0000 - 0x00007ffe7a2dd000 	C:\Windows\SYSTEM32\dhcpcsvc.DLL
0x00007ffe80680000 - 0x00007ffe8074a000 	C:\Windows\SYSTEM32\DNSAPI.dll
0x00007ffe34be0000 - 0x00007ffe34c25000 	C:\Users\HP\AppData\Local\Temp\jna-2312\jna10550547107671233682.dll
0x00007ffe83440000 - 0x00007ffe83448000 	C:\Windows\System32\PSAPI.DLL

dbghelp: loaded successfully - version: 4.0.5 - missing functions: none
symbol engine: initialized successfully - sym options: 0x614 - pdb path: .;c:\Users\HP\.vscode\extensions\redhat.java-1.34.0-win32-x64\jre\17.0.12-win32-x86_64\bin;C:\Windows\SYSTEM32;C:\Windows\WinSxS\amd64_microsoft.windows.common-controls_6595b64144ccf1df_6.0.19041.4355_none_60b8b9eb71f62e16;c:\Users\HP\.vscode\extensions\redhat.java-1.34.0-win32-x64\jre\17.0.12-win32-x86_64\bin\server;C:\Users\HP\AppData\Roaming\Code\User\globalStorage\redhat.java\1.34.0\config_ss_win\org.eclipse.equinox.launcher\org.eclipse.equinox.launcher.win32.win32.x86_64_1.2.1100.v20240722-2106;C:\Users\HP\AppData\Local\Temp\jna-2312

VM Arguments:
jvm_args: --add-modules=ALL-SYSTEM --add-opens=java.base/java.util=ALL-UNNAMED --add-opens=java.base/java.lang=ALL-UNNAMED --add-opens=java.base/sun.nio.fs=ALL-UNNAMED -Declipse.application=org.eclipse.jdt.ls.core.id1 -Dosgi.bundles.defaultStartLevel=4 -Declipse.product=org.eclipse.jdt.ls.core.product -Djava.import.generatesMetadataFilesAtProjectRoot=false -DDetectVMInstallationsJob.disabled=true -Dfile.encoding=utf8 -XX:+UseParallelGC -XX:GCTimeRatio=4 -XX:AdaptiveSizePolicyWeight=90 -Dsun.zip.disableMemoryMapping=true -Xmx1G -Xms100m -Xlog:disable -javaagent:c:\Users\HP\.vscode\extensions\redhat.java-1.34.0-win32-x64\lombok\lombok-1.18.33.jar 
java_command: c:\Users\HP\.vscode\extensions\redhat.java-1.34.0-win32-x64\server\plugins\org.eclipse.equinox.launcher_1.6.900.v20240613-2009.jar -configuration c:\Users\HP\AppData\Roaming\Code\User\globalStorage\redhat.java\1.34.0\config_ss_win -data c:\Users\HP\AppData\Roaming\Code\User\workspaceStorage\045a78505f8d80708596433507aef1e3\redhat.java\ss_ws --pipe=\\.\pipe\lsp-cab359cee5a81977f92b626a883b31d6-sock
java_class_path (initial): c:\Users\HP\.vscode\extensions\redhat.java-1.34.0-win32-x64\server\plugins\org.eclipse.equinox.launcher_1.6.900.v20240613-2009.jar
Launcher Type: SUN_STANDARD

[Global flags]
    uintx AdaptiveSizePolicyWeight                 = 90                                        {product} {command line}
     intx CICompilerCount                          = 3                                         {product} {ergonomic}
    uintx GCTimeRatio                              = 4                                         {product} {command line}
   size_t InitialHeapSize                          = 104857600                                 {product} {command line}
   size_t MaxHeapSize                              = 1073741824                                {product} {command line}
   size_t MaxNewSize                               = 357564416                                 {product} {ergonomic}
   size_t MinHeapDeltaBytes                        = 524288                                    {product} {ergonomic}
   size_t MinHeapSize                              = 104857600                                 {product} {command line}
   size_t NewSize                                  = 34603008                                  {product} {ergonomic}
    uintx NonNMethodCodeHeapSize                   = 5832780                                {pd product} {ergonomic}
    uintx NonProfiledCodeHeapSize                  = 122912730                              {pd product} {ergonomic}
   size_t OldSize                                  = 70254592                                  {product} {ergonomic}
    uintx ProfiledCodeHeapSize                     = 122912730                              {pd product} {ergonomic}
    uintx ReservedCodeCacheSize                    = 251658240                              {pd product} {ergonomic}
     bool SegmentedCodeCache                       = true                                      {product} {ergonomic}
   size_t SoftMaxHeapSize                          = 1073741824                             {manageable} {ergonomic}
     bool UseCompressedClassPointers               = true                           {product lp64_product} {ergonomic}
     bool UseCompressedOops                        = true                           {product lp64_product} {ergonomic}
     bool UseLargePagesIndividualAllocation        = false                                  {pd product} {ergonomic}
     bool UseParallelGC                            = true                                      {product} {command line}

Logging:
Log output configuration:
 #0: stdout all=off uptime,level,tags
 #1: stderr all=off uptime,level,tags

Environment Variables:
JAVA_HOME=C:\Program Files\Java\jdk-20
PATH=C:\Program Files\Python312\Scripts\;C:\Program Files\Python312\;C:\Python311\Scripts\;C:\Python311\;C:\Program Files\Common Files\Oracle\Java\javapath;C:\Windows\system32;C:\Windows;C:\Windows\System32\Wbem;C:\Windows\System32\WindowsPowerShell\v1.0\;C:\Windows\System32\OpenSSH\;C:\Program Files\Git\cmd;C:\apache-maven-3.9.1\bin;C:\Program Files\Java\jdk-20\bin;C:\Program Files\Java\jdk-20\bin;C:\ProgramData\chocolatey\bin;C:\Program Files\nodejs\;C:\Users\HP\AppData\Local\Microsoft\WindowsApps;C:\Users\HP\AppData\Local\Programs\Microsoft VS Code\bin;C:\Program Files\JetBrains\IntelliJ IDEA 2023.1.4\bin;;C:\Program Files\JetBrains\IntelliJ IDEA Community Edition 2023.1.4\bin;;C:\Program Files\MongoDB\Server\7.0\bin;C:\Users\HP\AppData\Roaming\npm
USERNAME=HP
OS=Windows_NT
PROCESSOR_IDENTIFIER=Intel64 Family 6 Model 142 Stepping 9, GenuineIntel
TMP=C:\Users\HP\AppData\Local\Temp
TEMP=C:\Users\HP\AppData\Local\Temp



Periodic native trim disabled


---------------  S Y S T E M  ---------------

OS:
 Windows 10 , 64 bit Build 19041 (10.0.19041.4842)
OS uptime: 0 days 13:53 hours

CPU: total 4 (initial active 4) (2 cores per cpu, 2 threads per core) family 6 model 142 stepping 9 microcode 0xde, cx8, cmov, fxsr, ht, mmx, 3dnowpref, sse, sse2, sse3, ssse3, sse4.1, sse4.2, popcnt, lzcnt, tsc, tscinvbit, avx, avx2, aes, erms, clmul, bmi1, bmi2, adx, fma, vzeroupper, clflush, clflushopt
Processor Information for all 4 processors :
  Max Mhz: 2401, Current Mhz: 2401, Mhz Limit: 2401

Memory: 4k page, system-wide physical 4007M (211M free)
TotalPageFile size 16295M (AvailPageFile size 6M)
current process WorkingSet (physical memory assigned to process): 126M, peak: 127M
current process commit charge ("private bytes"): 220M, peak: 222M

vm_info: OpenJDK 64-Bit Server VM (17.0.12+7) for windows-amd64 JRE (17.0.12+7), built on Jul 16 2024 22:08:24 by "admin" with MS VC++ 16.10 / 16.11 (VS2019)

END.
