#
# There is insufficient memory for the Java Runtime Environment to continue.
# Native memory allocation (malloc) failed to allocate 352544 bytes for Chunk::new
# Possible reasons:
#   The system is out of physical RAM or swap space
#   The process is running with CompressedOops enabled, and the Java Heap may be blocking the growth of the native heap
# Possible solutions:
#   Reduce memory load on the system
#   Increase physical memory or swap space
#   Check if swap backing store is full
#   Decrease Java heap size (-Xmx/-Xms)
#   Decrease number of Java threads
#   Decrease Java thread stack sizes (-Xss)
#   Set larger code cache with -XX:ReservedCodeCacheSize=
#   JVM is running with Unscaled Compressed Oops mode in which the Java heap is
#     placed in the first 4GB address space. The Java Heap base address is the
#     maximum limit for the native heap growth. Please use -XX:HeapBaseMinAddress
#     to set the Java Heap base and to place the Java Heap above 4GB virtual address.
# This output file may be truncated or incomplete.
#
#  Out of Memory Error (arena.cpp:184), pid=18612, tid=15464
#
# JRE version: Java(TM) SE Runtime Environment (20.0.1+9) (build 20.0.1+9-29)
# Java VM: Java HotSpot(TM) 64-Bit Server VM (20.0.1+9-29, mixed mode, sharing, tiered, compressed oops, compressed class ptrs, g1 gc, windows-amd64)
# No core dump will be written. Minidumps are not enabled by default on client versions of Windows
#

---------------  S U M M A R Y ------------

Command Line: -javaagent:C:\Program Files\JetBrains\IntelliJ IDEA Community Edition 2024.2.2\lib\idea_rt.jar=54375:C:\Program Files\JetBrains\IntelliJ IDEA Community Edition 2024.2.2\bin -Dfile.encoding=UTF-8 -Dsun.stdout.encoding=UTF-8 -Dsun.stderr.encoding=UTF-8 capital.valar.supertrend.application.ValarTrade

Host: Intel(R) Core(TM) i3-7100U CPU @ 2.40GHz, 4 cores, 3G,  Windows 10 , 64 bit Build 19041 (10.0.19041.4842)
Time: Wed Sep 25 17:16:46 2024 India Standard Time elapsed time: 3.141448 seconds (0d 0h 0m 3s)

---------------  T H R E A D  ---------------

Current thread (0x000001b0feb5b9e0):  JavaThread "C2 CompilerThread0" daemon [_thread_in_native, id=15464, stack(0x0000001521c00000,0x0000001521d00000)]


Current CompileTask:
C2:   3141  802  s    4       sun.nio.ch.ChannelInputStream::read (77 bytes)

Stack: [0x0000001521c00000,0x0000001521d00000]
Native frames: (J=compiled Java code, j=interpreted, Vv=VM code, C=native code)
V  [jvm.dll+0x6bb95a]
V  [jvm.dll+0x8485fa]
V  [jvm.dll+0x84a1f5]
V  [jvm.dll+0x84a8f3]
V  [jvm.dll+0x280b0f]
V  [jvm.dll+0xc2b11]
V  [jvm.dll+0xc2e35]
V  [jvm.dll+0x3bb17c]
V  [jvm.dll+0x1e6c43]
V  [jvm.dll+0x24b3ab]
V  [jvm.dll+0x24a651]
V  [jvm.dll+0x1ce491]
V  [jvm.dll+0x259e1b]
V  [jvm.dll+0x2584f0]
V  [jvm.dll+0x3f2895]
V  [jvm.dll+0x7f4b56]
V  [jvm.dll+0x6ba5cb]
C  [ucrtbase.dll+0x21bb2]
C  [KERNEL32.DLL+0x17374]
C  [ntdll.dll+0x4cc91]


---------------  P R O C E S S  ---------------

Threads class SMR info:
_java_thread_list=0x000001b0fee47b80, length=12, elements={
0x000001b0e6079610, 0x000001b0feb470d0, 0x000001b0feb49440, 0x000001b0feb4f060,
0x000001b0feb4f9a0, 0x000001b0feb50af0, 0x000001b0feb56d50, 0x000001b0feb5b9e0,
0x000001b0feb64370, 0x000001b0feb1c940, 0x000001b0fee2dc30, 0x000001b0fee474c0
}

Java Threads: ( => current thread )
  0x000001b0e6079610 JavaThread "main" [_thread_in_native, id=19444, stack(0x0000001520f00000,0x0000001521000000)]
  0x000001b0feb470d0 JavaThread "Reference Handler" daemon [_thread_blocked, id=5972, stack(0x0000001521600000,0x0000001521700000)]
  0x000001b0feb49440 JavaThread "Finalizer" daemon [_thread_blocked, id=13480, stack(0x0000001521700000,0x0000001521800000)]
  0x000001b0feb4f060 JavaThread "Signal Dispatcher" daemon [_thread_blocked, id=14644, stack(0x0000001521800000,0x0000001521900000)]
  0x000001b0feb4f9a0 JavaThread "Attach Listener" daemon [_thread_blocked, id=13140, stack(0x0000001521900000,0x0000001521a00000)]
  0x000001b0feb50af0 JavaThread "Service Thread" daemon [_thread_blocked, id=14504, stack(0x0000001521a00000,0x0000001521b00000)]
  0x000001b0feb56d50 JavaThread "Monitor Deflation Thread" daemon [_thread_blocked, id=2460, stack(0x0000001521b00000,0x0000001521c00000)]
=>0x000001b0feb5b9e0 JavaThread "C2 CompilerThread0" daemon [_thread_in_native, id=15464, stack(0x0000001521c00000,0x0000001521d00000)]
  0x000001b0feb64370 JavaThread "C1 CompilerThread0" daemon [_thread_blocked, id=12760, stack(0x0000001521d00000,0x0000001521e00000)]
  0x000001b0feb1c940 JavaThread "Common-Cleaner" daemon [_thread_blocked, id=10768, stack(0x0000001521e00000,0x0000001521f00000)]
  0x000001b0fee2dc30 JavaThread "Monitor Ctrl-Break" daemon [_thread_in_native, id=8392, stack(0x0000001521f00000,0x0000001522000000)]
  0x000001b0fee474c0 JavaThread "Notification Thread" daemon [_thread_blocked, id=14988, stack(0x0000001522000000,0x0000001522100000)]

Other Threads:
  0x000001b0feb299d0 VMThread "VM Thread" [stack: 0x0000001521500000,0x0000001521600000] [id=13620]
  0x000001b0fee2e180 WatcherThread "VM Periodic Task Thread" [stack: 0x0000001522100000,0x0000001522200000] [id=17760]
  0x000001b0e60b4bc0 WorkerThread "GC Thread#0" [stack: 0x0000001521000000,0x0000001521100000] [id=13316]
  0x000001b0fef99e80 WorkerThread "GC Thread#1" [stack: 0x0000001522200000,0x0000001522300000] [id=17128]
  0x000001b0fefaab10 WorkerThread "GC Thread#2" [stack: 0x0000001522300000,0x0000001522400000] [id=15884]
  0x000001b0fefaade0 WorkerThread "GC Thread#3" [stack: 0x0000001522400000,0x0000001522500000] [id=1192]
  0x000001b0e3e9d250 ConcurrentGCThread "G1 Main Marker" [stack: 0x0000001521100000,0x0000001521200000] [id=5480]
  0x000001b0e3e9e330 WorkerThread "G1 Conc#0" [stack: 0x0000001521200000,0x0000001521300000] [id=11184]
  0x000001b0e61150e0 ConcurrentGCThread "G1 Refine#0" [stack: 0x0000001521300000,0x0000001521400000] [id=15096]
  0x000001b0e6116a30 ConcurrentGCThread "G1 Service" [stack: 0x0000001521400000,0x0000001521500000] [id=15488]

Threads with active compile tasks:
C2 CompilerThread0     3218  802  s    4       sun.nio.ch.ChannelInputStream::read (77 bytes)

VM state: not at safepoint (normal execution)

VM Mutex/Monitor currently owned by a thread: None

Heap address: 0x00000000c1600000, size: 1002 MB, Compressed Oops mode: 32-bit

CDS archive(s) mapped at: [0x0000000800000000-0x0000000800c60000-0x0000000800c60000), size 12976128, SharedBaseAddress: 0x0000000800000000, ArchiveRelocationMode: 0.
Compressed class space mapped at: 0x0000000801000000-0x0000000841000000, reserved size: 1073741824
Narrow klass base: 0x0000000800000000, Narrow klass shift: 0, Narrow klass range: 0x100000000

GC Precious Log:
 CardTable entry size: 512
 Card Set container configuration: InlinePtr #cards 5 size 8 Array Of Cards #cards 12 size 40 Howl #buckets 4 coarsen threshold 1843 Howl Bitmap #cards 512 size 80 coarsen threshold 460 Card regions per heap region 1 cards per card region 2048
 CPUs: 4 total, 4 available
 Memory: 4007M
 Large Page Support: Disabled
 NUMA Support: Disabled
 Compressed Oops: Enabled (32-bit)
 Heap Region Size: 1M
 Heap Min Capacity: 8M
 Heap Initial Capacity: 64M
 Heap Max Capacity: 1002M
 Pre-touch: Disabled
 Parallel Workers: 4
 Concurrent Workers: 1
 Concurrent Refinement Workers: 4
 Periodic GC: Disabled

Heap:
 garbage-first heap   total 155648K, used 103424K [0x00000000c1600000, 0x0000000100000000)
  region size 1024K, 10 young (10240K), 4 survivors (4096K)
 Metaspace       used 1778K, committed 1984K, reserved 1114112K
  class space    used 147K, committed 256K, reserved 1048576K

Heap Regions: E=young(eden), S=young(survivor), O=old, HS=humongous(starts), HC=humongous(continues), CS=collection set, F=free, OA=open archive, CA=closed archive, TAMS=top-at-mark-start, PB=parsable bottom
|   0|0x00000000c1600000, 0x00000000c1700000, 0x00000000c1700000|100%| O|  |TAMS 0x00000000c1600000| PB 0x00000000c1600000| Untracked 
|   1|0x00000000c1700000, 0x00000000c1800000, 0x00000000c1800000|100%| O|  |TAMS 0x00000000c1700000| PB 0x00000000c1700000| Untracked 
|   2|0x00000000c1800000, 0x00000000c1900000, 0x00000000c1900000|100%| O|  |TAMS 0x00000000c1800000| PB 0x00000000c1800000| Untracked 
|   3|0x00000000c1900000, 0x00000000c1a00000, 0x00000000c1a00000|100%| O|  |TAMS 0x00000000c1900000| PB 0x00000000c1900000| Untracked 
|   4|0x00000000c1a00000, 0x00000000c1b00000, 0x00000000c1b00000|100%| O|  |TAMS 0x00000000c1a00000| PB 0x00000000c1a00000| Untracked 
|   5|0x00000000c1b00000, 0x00000000c1c00000, 0x00000000c1c00000|100%| O|  |TAMS 0x00000000c1b00000| PB 0x00000000c1b00000| Untracked 
|   6|0x00000000c1c00000, 0x00000000c1d00000, 0x00000000c1d00000|100%| O|  |TAMS 0x00000000c1c00000| PB 0x00000000c1c00000| Untracked 
|   7|0x00000000c1d00000, 0x00000000c1e00000, 0x00000000c1e00000|100%| O|  |TAMS 0x00000000c1d00000| PB 0x00000000c1d00000| Untracked 
|   8|0x00000000c1e00000, 0x00000000c1f00000, 0x00000000c1f00000|100%| O|  |TAMS 0x00000000c1e00000| PB 0x00000000c1e00000| Untracked 
|   9|0x00000000c1f00000, 0x00000000c2000000, 0x00000000c2000000|100%| O|  |TAMS 0x00000000c1f00000| PB 0x00000000c1f00000| Untracked 
|  10|0x00000000c2000000, 0x00000000c2100000, 0x00000000c2100000|100%| O|  |TAMS 0x00000000c2000000| PB 0x00000000c2000000| Untracked 
|  11|0x00000000c2100000, 0x00000000c2200000, 0x00000000c2200000|100%| O|  |TAMS 0x00000000c2100000| PB 0x00000000c2100000| Untracked 
|  12|0x00000000c2200000, 0x00000000c2300000, 0x00000000c2300000|100%| O|  |TAMS 0x00000000c2200000| PB 0x00000000c2200000| Untracked 
|  13|0x00000000c2300000, 0x00000000c2400000, 0x00000000c2400000|100%| O|  |TAMS 0x00000000c2300000| PB 0x00000000c2300000| Untracked 
|  14|0x00000000c2400000, 0x00000000c2500000, 0x00000000c2500000|100%| O|  |TAMS 0x00000000c2400000| PB 0x00000000c2400000| Untracked 
|  15|0x00000000c2500000, 0x00000000c2600000, 0x00000000c2600000|100%| O|  |TAMS 0x00000000c2500000| PB 0x00000000c2500000| Untracked 
|  16|0x00000000c2600000, 0x00000000c2600000, 0x00000000c2700000|  0%| F|  |TAMS 0x00000000c2600000| PB 0x00000000c2600000| Untracked 
|  17|0x00000000c2700000, 0x00000000c2800000, 0x00000000c2800000|100%|HS|  |TAMS 0x00000000c2700000| PB 0x00000000c2700000| Complete 
|  18|0x00000000c2800000, 0x00000000c2900000, 0x00000000c2900000|100%|HC|  |TAMS 0x00000000c2800000| PB 0x00000000c2800000| Complete 
|  19|0x00000000c2900000, 0x00000000c2a00000, 0x00000000c2a00000|100%| O|  |TAMS 0x00000000c2900000| PB 0x00000000c2900000| Untracked 
|  20|0x00000000c2a00000, 0x00000000c2b00000, 0x00000000c2b00000|100%| O|  |TAMS 0x00000000c2a00000| PB 0x00000000c2a00000| Untracked 
|  21|0x00000000c2b00000, 0x00000000c2c00000, 0x00000000c2c00000|100%| O|  |TAMS 0x00000000c2b00000| PB 0x00000000c2b00000| Untracked 
|  22|0x00000000c2c00000, 0x00000000c2d00000, 0x00000000c2d00000|100%| O|  |TAMS 0x00000000c2c00000| PB 0x00000000c2c00000| Untracked 
|  23|0x00000000c2d00000, 0x00000000c2e00000, 0x00000000c2e00000|100%| O|  |TAMS 0x00000000c2d00000| PB 0x00000000c2d00000| Untracked 
|  24|0x00000000c2e00000, 0x00000000c2f00000, 0x00000000c2f00000|100%| O|  |TAMS 0x00000000c2e00000| PB 0x00000000c2e00000| Untracked 
|  25|0x00000000c2f00000, 0x00000000c3000000, 0x00000000c3000000|100%| O|  |TAMS 0x00000000c2f00000| PB 0x00000000c2f00000| Untracked 
|  26|0x00000000c3000000, 0x00000000c3100000, 0x00000000c3100000|100%| O|  |TAMS 0x00000000c3000000| PB 0x00000000c3000000| Untracked 
|  27|0x00000000c3100000, 0x00000000c3200000, 0x00000000c3200000|100%| O|  |TAMS 0x00000000c3100000| PB 0x00000000c3100000| Untracked 
|  28|0x00000000c3200000, 0x00000000c3300000, 0x00000000c3300000|100%| O|  |TAMS 0x00000000c3200000| PB 0x00000000c3200000| Untracked 
|  29|0x00000000c3300000, 0x00000000c3400000, 0x00000000c3400000|100%| O|  |TAMS 0x00000000c3300000| PB 0x00000000c3300000| Untracked 
|  30|0x00000000c3400000, 0x00000000c3500000, 0x00000000c3500000|100%| O|  |TAMS 0x00000000c3400000| PB 0x00000000c3400000| Untracked 
|  31|0x00000000c3500000, 0x00000000c3600000, 0x00000000c3600000|100%| O|  |TAMS 0x00000000c3500000| PB 0x00000000c3500000| Untracked 
|  32|0x00000000c3600000, 0x00000000c3700000, 0x00000000c3700000|100%| O|  |TAMS 0x00000000c3600000| PB 0x00000000c3600000| Untracked 
|  33|0x00000000c3700000, 0x00000000c3800000, 0x00000000c3800000|100%| O|  |TAMS 0x00000000c3700000| PB 0x00000000c3700000| Untracked 
|  34|0x00000000c3800000, 0x00000000c3900000, 0x00000000c3900000|100%| O|  |TAMS 0x00000000c3800000| PB 0x00000000c3800000| Untracked 
|  35|0x00000000c3900000, 0x00000000c3a00000, 0x00000000c3a00000|100%| O|  |TAMS 0x00000000c3900000| PB 0x00000000c3900000| Untracked 
|  36|0x00000000c3a00000, 0x00000000c3b00000, 0x00000000c3b00000|100%| O|  |TAMS 0x00000000c3a00000| PB 0x00000000c3a00000| Untracked 
|  37|0x00000000c3b00000, 0x00000000c3c00000, 0x00000000c3c00000|100%| O|  |TAMS 0x00000000c3b00000| PB 0x00000000c3b00000| Untracked 
|  38|0x00000000c3c00000, 0x00000000c3d00000, 0x00000000c3d00000|100%|HS|  |TAMS 0x00000000c3c00000| PB 0x00000000c3c00000| Complete 
|  39|0x00000000c3d00000, 0x00000000c3e00000, 0x00000000c3e00000|100%|HC|  |TAMS 0x00000000c3d00000| PB 0x00000000c3d00000| Complete 
|  40|0x00000000c3e00000, 0x00000000c3f00000, 0x00000000c3f00000|100%|HC|  |TAMS 0x00000000c3e00000| PB 0x00000000c3e00000| Complete 
|  41|0x00000000c3f00000, 0x00000000c4000000, 0x00000000c4000000|100%| O|  |TAMS 0x00000000c3f00000| PB 0x00000000c3f00000| Untracked 
|  42|0x00000000c4000000, 0x00000000c4100000, 0x00000000c4100000|100%| O|  |TAMS 0x00000000c4000000| PB 0x00000000c4000000| Untracked 
|  43|0x00000000c4100000, 0x00000000c4200000, 0x00000000c4200000|100%| O|  |TAMS 0x00000000c4100000| PB 0x00000000c4100000| Untracked 
|  44|0x00000000c4200000, 0x00000000c4300000, 0x00000000c4300000|100%| O|  |TAMS 0x00000000c4200000| PB 0x00000000c4200000| Untracked 
|  45|0x00000000c4300000, 0x00000000c4400000, 0x00000000c4400000|100%| O|  |TAMS 0x00000000c4300000| PB 0x00000000c4300000| Untracked 
|  46|0x00000000c4400000, 0x00000000c4500000, 0x00000000c4500000|100%| O|  |TAMS 0x00000000c4400000| PB 0x00000000c4400000| Untracked 
|  47|0x00000000c4500000, 0x00000000c4600000, 0x00000000c4600000|100%|HS|  |TAMS 0x00000000c4500000| PB 0x00000000c4500000| Complete 
|  48|0x00000000c4600000, 0x00000000c4700000, 0x00000000c4700000|100%|HC|  |TAMS 0x00000000c4600000| PB 0x00000000c4600000| Complete 
|  49|0x00000000c4700000, 0x00000000c4800000, 0x00000000c4800000|100%|HC|  |TAMS 0x00000000c4700000| PB 0x00000000c4700000| Complete 
|  50|0x00000000c4800000, 0x00000000c4900000, 0x00000000c4900000|100%|HC|  |TAMS 0x00000000c4800000| PB 0x00000000c4800000| Complete 
|  51|0x00000000c4900000, 0x00000000c4a00000, 0x00000000c4a00000|100%| O|  |TAMS 0x00000000c4900000| PB 0x00000000c4900000| Untracked 
|  52|0x00000000c4a00000, 0x00000000c4b00000, 0x00000000c4b00000|100%| O|  |TAMS 0x00000000c4a00000| PB 0x00000000c4a00000| Untracked 
|  53|0x00000000c4b00000, 0x00000000c4c00000, 0x00000000c4c00000|100%| O|  |TAMS 0x00000000c4b00000| PB 0x00000000c4b00000| Untracked 
|  54|0x00000000c4c00000, 0x00000000c4d00000, 0x00000000c4d00000|100%| O|  |TAMS 0x00000000c4c00000| PB 0x00000000c4c00000| Untracked 
|  55|0x00000000c4d00000, 0x00000000c4e00000, 0x00000000c4e00000|100%| O|  |TAMS 0x00000000c4d00000| PB 0x00000000c4d00000| Untracked 
|  56|0x00000000c4e00000, 0x00000000c4f00000, 0x00000000c4f00000|100%| O|  |TAMS 0x00000000c4e00000| PB 0x00000000c4e00000| Untracked 
|  57|0x00000000c4f00000, 0x00000000c5000000, 0x00000000c5000000|100%| O|  |TAMS 0x00000000c4f00000| PB 0x00000000c4f00000| Untracked 
|  58|0x00000000c5000000, 0x00000000c5100000, 0x00000000c5100000|100%| O|  |TAMS 0x00000000c5000000| PB 0x00000000c5000000| Untracked 
|  59|0x00000000c5100000, 0x00000000c5200000, 0x00000000c5200000|100%| O|  |TAMS 0x00000000c5100000| PB 0x00000000c5100000| Untracked 
|  60|0x00000000c5200000, 0x00000000c5300000, 0x00000000c5300000|100%| O|  |TAMS 0x00000000c5200000| PB 0x00000000c5200000| Untracked 
|  61|0x00000000c5300000, 0x00000000c5400000, 0x00000000c5400000|100%| O|  |TAMS 0x00000000c5300000| PB 0x00000000c5300000| Untracked 
|  62|0x00000000c5400000, 0x00000000c5500000, 0x00000000c5500000|100%| O|  |TAMS 0x00000000c5400000| PB 0x00000000c5400000| Untracked 
|  63|0x00000000c5500000, 0x00000000c5600000, 0x00000000c5600000|100%| O|  |TAMS 0x00000000c5500000| PB 0x00000000c5500000| Untracked 
|  64|0x00000000c5600000, 0x00000000c5700000, 0x00000000c5700000|100%| O|  |TAMS 0x00000000c5600000| PB 0x00000000c5600000| Untracked 
|  65|0x00000000c5700000, 0x00000000c5800000, 0x00000000c5800000|100%| O|  |TAMS 0x00000000c5700000| PB 0x00000000c5700000| Untracked 
|  66|0x00000000c5800000, 0x00000000c5900000, 0x00000000c5900000|100%| O|  |TAMS 0x00000000c5800000| PB 0x00000000c5800000| Untracked 
|  67|0x00000000c5900000, 0x00000000c5a00000, 0x00000000c5a00000|100%|HS|  |TAMS 0x00000000c5900000| PB 0x00000000c5900000| Complete 
|  68|0x00000000c5a00000, 0x00000000c5b00000, 0x00000000c5b00000|100%|HC|  |TAMS 0x00000000c5a00000| PB 0x00000000c5a00000| Complete 
|  69|0x00000000c5b00000, 0x00000000c5c00000, 0x00000000c5c00000|100%|HC|  |TAMS 0x00000000c5b00000| PB 0x00000000c5b00000| Complete 
|  70|0x00000000c5c00000, 0x00000000c5d00000, 0x00000000c5d00000|100%|HC|  |TAMS 0x00000000c5c00000| PB 0x00000000c5c00000| Complete 
|  71|0x00000000c5d00000, 0x00000000c5e00000, 0x00000000c5e00000|100%|HC|  |TAMS 0x00000000c5d00000| PB 0x00000000c5d00000| Complete 
|  72|0x00000000c5e00000, 0x00000000c5f00000, 0x00000000c5f00000|100%| O|  |TAMS 0x00000000c5e00000| PB 0x00000000c5e00000| Untracked 
|  73|0x00000000c5f00000, 0x00000000c6000000, 0x00000000c6000000|100%| O|  |TAMS 0x00000000c5f00000| PB 0x00000000c5f00000| Untracked 
|  74|0x00000000c6000000, 0x00000000c6100000, 0x00000000c6100000|100%| O|  |TAMS 0x00000000c6000000| PB 0x00000000c6000000| Untracked 
|  75|0x00000000c6100000, 0x00000000c6200000, 0x00000000c6200000|100%| O|  |TAMS 0x00000000c6100000| PB 0x00000000c6100000| Untracked 
|  76|0x00000000c6200000, 0x00000000c6300000, 0x00000000c6300000|100%| O|  |TAMS 0x00000000c6200000| PB 0x00000000c6200000| Untracked 
|  77|0x00000000c6300000, 0x00000000c6400000, 0x00000000c6400000|100%| O|  |TAMS 0x00000000c6300000| PB 0x00000000c6300000| Untracked 
|  78|0x00000000c6400000, 0x00000000c6500000, 0x00000000c6500000|100%| O|  |TAMS 0x00000000c6400000| PB 0x00000000c6400000| Untracked 
|  79|0x00000000c6500000, 0x00000000c6600000, 0x00000000c6600000|100%| O|  |TAMS 0x00000000c6500000| PB 0x00000000c6500000| Untracked 
|  80|0x00000000c6600000, 0x00000000c6700000, 0x00000000c6700000|100%| O|  |TAMS 0x00000000c6600000| PB 0x00000000c6600000| Untracked 
|  81|0x00000000c6700000, 0x00000000c6800000, 0x00000000c6800000|100%| O|  |TAMS 0x00000000c6700000| PB 0x00000000c6700000| Untracked 
|  82|0x00000000c6800000, 0x00000000c6900000, 0x00000000c6900000|100%| O|  |TAMS 0x00000000c6800000| PB 0x00000000c6800000| Untracked 
|  83|0x00000000c6900000, 0x00000000c6a00000, 0x00000000c6a00000|100%| O|  |TAMS 0x00000000c6900000| PB 0x00000000c6900000| Untracked 
|  84|0x00000000c6a00000, 0x00000000c6b00000, 0x00000000c6b00000|100%| O|  |TAMS 0x00000000c6a00000| PB 0x00000000c6a00000| Untracked 
|  85|0x00000000c6b00000, 0x00000000c6c00000, 0x00000000c6c00000|100%| O|  |TAMS 0x00000000c6b00000| PB 0x00000000c6b00000| Untracked 
|  86|0x00000000c6c00000, 0x00000000c6d00000, 0x00000000c6d00000|100%| O|  |TAMS 0x00000000c6c00000| PB 0x00000000c6c00000| Untracked 
|  87|0x00000000c6d00000, 0x00000000c6e00000, 0x00000000c6e00000|100%| O|  |TAMS 0x00000000c6d00000| PB 0x00000000c6d00000| Untracked 
|  88|0x00000000c6e00000, 0x00000000c6f00000, 0x00000000c6f00000|100%| O|  |TAMS 0x00000000c6e00000| PB 0x00000000c6e00000| Untracked 
|  89|0x00000000c6f00000, 0x00000000c7000000, 0x00000000c7000000|100%| O|  |TAMS 0x00000000c6f00000| PB 0x00000000c6f00000| Untracked 
|  90|0x00000000c7000000, 0x00000000c7100000, 0x00000000c7100000|100%| O|  |TAMS 0x00000000c7000000| PB 0x00000000c7000000| Untracked 
|  91|0x00000000c7100000, 0x00000000c7200000, 0x00000000c7200000|100%| O|  |TAMS 0x00000000c7100000| PB 0x00000000c7100000| Untracked 
|  92|0x00000000c7200000, 0x00000000c7300000, 0x00000000c7300000|100%| O|  |TAMS 0x00000000c7200000| PB 0x00000000c7200000| Untracked 
|  93|0x00000000c7300000, 0x00000000c7300000, 0x00000000c7400000|  0%| F|  |TAMS 0x00000000c7300000| PB 0x00000000c7300000| Untracked 
|  94|0x00000000c7400000, 0x00000000c7400000, 0x00000000c7500000|  0%| F|  |TAMS 0x00000000c7400000| PB 0x00000000c7400000| Untracked 
|  95|0x00000000c7500000, 0x00000000c7500000, 0x00000000c7600000|  0%| F|  |TAMS 0x00000000c7500000| PB 0x00000000c7500000| Untracked 
|  96|0x00000000c7600000, 0x00000000c7600000, 0x00000000c7700000|  0%| F|  |TAMS 0x00000000c7600000| PB 0x00000000c7600000| Untracked 
|  97|0x00000000c7700000, 0x00000000c7700000, 0x00000000c7800000|  0%| F|  |TAMS 0x00000000c7700000| PB 0x00000000c7700000| Untracked 
|  98|0x00000000c7800000, 0x00000000c7800000, 0x00000000c7900000|  0%| F|  |TAMS 0x00000000c7800000| PB 0x00000000c7800000| Untracked 
|  99|0x00000000c7900000, 0x00000000c7900000, 0x00000000c7a00000|  0%| F|  |TAMS 0x00000000c7900000| PB 0x00000000c7900000| Untracked 
| 100|0x00000000c7a00000, 0x00000000c7a00000, 0x00000000c7b00000|  0%| F|  |TAMS 0x00000000c7a00000| PB 0x00000000c7a00000| Untracked 
| 101|0x00000000c7b00000, 0x00000000c7b00000, 0x00000000c7c00000|  0%| F|  |TAMS 0x00000000c7b00000| PB 0x00000000c7b00000| Untracked 
| 102|0x00000000c7c00000, 0x00000000c7c00000, 0x00000000c7d00000|  0%| F|  |TAMS 0x00000000c7c00000| PB 0x00000000c7c00000| Untracked 
| 103|0x00000000c7d00000, 0x00000000c7d00000, 0x00000000c7e00000|  0%| F|  |TAMS 0x00000000c7d00000| PB 0x00000000c7d00000| Untracked 
| 104|0x00000000c7e00000, 0x00000000c7e00000, 0x00000000c7f00000|  0%| F|  |TAMS 0x00000000c7e00000| PB 0x00000000c7e00000| Untracked 
| 105|0x00000000c7f00000, 0x00000000c7f00000, 0x00000000c8000000|  0%| F|  |TAMS 0x00000000c7f00000| PB 0x00000000c7f00000| Untracked 
| 106|0x00000000c8000000, 0x00000000c8000000, 0x00000000c8100000|  0%| F|  |TAMS 0x00000000c8000000| PB 0x00000000c8000000| Untracked 
| 107|0x00000000c8100000, 0x00000000c8100000, 0x00000000c8200000|  0%| F|  |TAMS 0x00000000c8100000| PB 0x00000000c8100000| Untracked 
| 108|0x00000000c8200000, 0x00000000c8200000, 0x00000000c8300000|  0%| F|  |TAMS 0x00000000c8200000| PB 0x00000000c8200000| Untracked 
| 109|0x00000000c8300000, 0x00000000c8300000, 0x00000000c8400000|  0%| F|  |TAMS 0x00000000c8300000| PB 0x00000000c8300000| Untracked 
| 110|0x00000000c8400000, 0x00000000c8400000, 0x00000000c8500000|  0%| F|  |TAMS 0x00000000c8400000| PB 0x00000000c8400000| Untracked 
| 111|0x00000000c8500000, 0x00000000c8500000, 0x00000000c8600000|  0%| F|  |TAMS 0x00000000c8500000| PB 0x00000000c8500000| Untracked 
| 112|0x00000000c8600000, 0x00000000c8600000, 0x00000000c8700000|  0%| F|  |TAMS 0x00000000c8600000| PB 0x00000000c8600000| Untracked 
| 113|0x00000000c8700000, 0x00000000c8700000, 0x00000000c8800000|  0%| F|  |TAMS 0x00000000c8700000| PB 0x00000000c8700000| Untracked 
| 114|0x00000000c8800000, 0x00000000c8800000, 0x00000000c8900000|  0%| F|  |TAMS 0x00000000c8800000| PB 0x00000000c8800000| Untracked 
| 115|0x00000000c8900000, 0x00000000c8900000, 0x00000000c8a00000|  0%| F|  |TAMS 0x00000000c8900000| PB 0x00000000c8900000| Untracked 
| 116|0x00000000c8a00000, 0x00000000c8a00000, 0x00000000c8b00000|  0%| F|  |TAMS 0x00000000c8a00000| PB 0x00000000c8a00000| Untracked 
| 117|0x00000000c8b00000, 0x00000000c8b00000, 0x00000000c8c00000|  0%| F|  |TAMS 0x00000000c8b00000| PB 0x00000000c8b00000| Untracked 
| 118|0x00000000c8c00000, 0x00000000c8c00000, 0x00000000c8d00000|  0%| F|  |TAMS 0x00000000c8c00000| PB 0x00000000c8c00000| Untracked 
| 119|0x00000000c8d00000, 0x00000000c8d00000, 0x00000000c8e00000|  0%| F|  |TAMS 0x00000000c8d00000| PB 0x00000000c8d00000| Untracked 
| 120|0x00000000c8e00000, 0x00000000c8e00000, 0x00000000c8f00000|  0%| F|  |TAMS 0x00000000c8e00000| PB 0x00000000c8e00000| Untracked 
| 121|0x00000000c8f00000, 0x00000000c8f00000, 0x00000000c9000000|  0%| F|  |TAMS 0x00000000c8f00000| PB 0x00000000c8f00000| Untracked 
| 122|0x00000000c9000000, 0x00000000c9000000, 0x00000000c9100000|  0%| F|  |TAMS 0x00000000c9000000| PB 0x00000000c9000000| Untracked 
| 123|0x00000000c9100000, 0x00000000c9200000, 0x00000000c9200000|100%| S|CS|TAMS 0x00000000c9100000| PB 0x00000000c9100000| Complete 
| 124|0x00000000c9200000, 0x00000000c9300000, 0x00000000c9300000|100%| S|CS|TAMS 0x00000000c9200000| PB 0x00000000c9200000| Complete 
| 125|0x00000000c9300000, 0x00000000c9400000, 0x00000000c9400000|100%| S|CS|TAMS 0x00000000c9300000| PB 0x00000000c9300000| Complete 
| 126|0x00000000c9400000, 0x00000000c9500000, 0x00000000c9500000|100%| S|CS|TAMS 0x00000000c9400000| PB 0x00000000c9400000| Complete 
| 127|0x00000000c9500000, 0x00000000c9500000, 0x00000000c9600000|  0%| F|  |TAMS 0x00000000c9500000| PB 0x00000000c9500000| Untracked 
| 128|0x00000000c9600000, 0x00000000c9600000, 0x00000000c9700000|  0%| F|  |TAMS 0x00000000c9600000| PB 0x00000000c9600000| Untracked 
| 129|0x00000000c9700000, 0x00000000c9700000, 0x00000000c9800000|  0%| F|  |TAMS 0x00000000c9700000| PB 0x00000000c9700000| Untracked 
| 130|0x00000000c9800000, 0x00000000c9800000, 0x00000000c9900000|  0%| F|  |TAMS 0x00000000c9800000| PB 0x00000000c9800000| Untracked 
| 131|0x00000000c9900000, 0x00000000c9900000, 0x00000000c9a00000|  0%| F|  |TAMS 0x00000000c9900000| PB 0x00000000c9900000| Untracked 
| 132|0x00000000c9a00000, 0x00000000c9a00000, 0x00000000c9b00000|  0%| F|  |TAMS 0x00000000c9a00000| PB 0x00000000c9a00000| Untracked 
| 133|0x00000000c9b00000, 0x00000000c9b00000, 0x00000000c9c00000|  0%| F|  |TAMS 0x00000000c9b00000| PB 0x00000000c9b00000| Untracked 
| 134|0x00000000c9c00000, 0x00000000c9c00000, 0x00000000c9d00000|  0%| F|  |TAMS 0x00000000c9c00000| PB 0x00000000c9c00000| Untracked 
| 135|0x00000000c9d00000, 0x00000000c9d00000, 0x00000000c9e00000|  0%| F|  |TAMS 0x00000000c9d00000| PB 0x00000000c9d00000| Untracked 
| 136|0x00000000c9e00000, 0x00000000c9e00000, 0x00000000c9f00000|  0%| F|  |TAMS 0x00000000c9e00000| PB 0x00000000c9e00000| Untracked 
| 137|0x00000000c9f00000, 0x00000000c9f00000, 0x00000000ca000000|  0%| F|  |TAMS 0x00000000c9f00000| PB 0x00000000c9f00000| Untracked 
| 138|0x00000000ca000000, 0x00000000ca000000, 0x00000000ca100000|  0%| F|  |TAMS 0x00000000ca000000| PB 0x00000000ca000000| Untracked 
| 139|0x00000000ca100000, 0x00000000ca100000, 0x00000000ca200000|  0%| F|  |TAMS 0x00000000ca100000| PB 0x00000000ca100000| Untracked 
| 140|0x00000000ca200000, 0x00000000ca200000, 0x00000000ca300000|  0%| F|  |TAMS 0x00000000ca200000| PB 0x00000000ca200000| Untracked 
| 141|0x00000000ca300000, 0x00000000ca300000, 0x00000000ca400000|  0%| F|  |TAMS 0x00000000ca300000| PB 0x00000000ca300000| Untracked 
| 142|0x00000000ca400000, 0x00000000ca400000, 0x00000000ca500000|  0%| F|  |TAMS 0x00000000ca400000| PB 0x00000000ca400000| Untracked 
| 143|0x00000000ca500000, 0x00000000ca500000, 0x00000000ca600000|  0%| F|  |TAMS 0x00000000ca500000| PB 0x00000000ca500000| Untracked 
| 144|0x00000000ca600000, 0x00000000ca600000, 0x00000000ca700000|  0%| F|  |TAMS 0x00000000ca600000| PB 0x00000000ca600000| Untracked 
| 145|0x00000000ca700000, 0x00000000ca700000, 0x00000000ca800000|  0%| F|  |TAMS 0x00000000ca700000| PB 0x00000000ca700000| Untracked 
| 146|0x00000000ca800000, 0x00000000ca8d69c0, 0x00000000ca900000| 83%| E|  |TAMS 0x00000000ca800000| PB 0x00000000ca800000| Complete 
| 147|0x00000000ca900000, 0x00000000caa00000, 0x00000000caa00000|100%| E|CS|TAMS 0x00000000ca900000| PB 0x00000000ca900000| Complete 
| 148|0x00000000caa00000, 0x00000000cab00000, 0x00000000cab00000|100%| E|CS|TAMS 0x00000000caa00000| PB 0x00000000caa00000| Complete 
| 149|0x00000000cab00000, 0x00000000cac00000, 0x00000000cac00000|100%| E|CS|TAMS 0x00000000cab00000| PB 0x00000000cab00000| Complete 
| 150|0x00000000cac00000, 0x00000000cad00000, 0x00000000cad00000|100%| E|CS|TAMS 0x00000000cac00000| PB 0x00000000cac00000| Complete 
| 151|0x00000000cad00000, 0x00000000cae00000, 0x00000000cae00000|100%| E|CS|TAMS 0x00000000cad00000| PB 0x00000000cad00000| Complete 

Card table byte_map: [0x000001b0fd320000,0x000001b0fd520000] _byte_map_base: 0x000001b0fcd15000

Marking Bits: (CMBitMap*) 0x000001b0e3e9c9a0
 Bits: [0x000001b0fd720000, 0x000001b0fe6c8000)

Polling page: 0x000001b0e3ff0000

Metaspace:

Usage:
  Non-class:      1.59 MB used.
      Class:    147.36 KB used.
       Both:      1.74 MB used.

Virtual space:
  Non-class space:       64.00 MB reserved,       1.69 MB (  3%) committed,  1 nodes.
      Class space:        1.00 GB reserved,     256.00 KB ( <1%) committed,  1 nodes.
             Both:        1.06 GB reserved,       1.94 MB ( <1%) committed. 

Chunk freelists:
   Non-Class:  3.75 MB
       Class:  3.67 MB
        Both:  7.42 MB

MaxMetaspaceSize: unlimited
CompressedClassSpaceSize: 1.00 GB
Initial GC threshold: 21.00 MB
Current GC threshold: 21.00 MB
CDS: on
MetaspaceReclaimPolicy: balanced
 - commit_granule_bytes: 65536.
 - commit_granule_words: 8192.
 - virtual_space_node_default_size: 8388608.
 - enlarge_chunks_in_place: 1.
 - new_chunks_are_fully_committed: 0.
 - uncommit_free_chunks: 1.
 - use_allocation_guard: 0.


Internal statistics:

num_allocs_failed_limit: 0.
num_arena_births: 130.
num_arena_deaths: 0.
num_vsnodes_births: 2.
num_vsnodes_deaths: 0.
num_space_committed: 31.
num_space_uncommitted: 0.
num_chunks_returned_to_freelist: 0.
num_chunks_taken_from_freelist: 167.
num_chunk_merges: 0.
num_chunk_splits: 99.
num_chunks_enlarged: 43.
num_inconsistent_stats: 0.

CodeHeap 'non-profiled nmethods': size=120000Kb used=303Kb max_used=303Kb free=119696Kb
 bounds [0x000001b0f5bf0000, 0x000001b0f5e60000, 0x000001b0fd120000]
CodeHeap 'profiled nmethods': size=120000Kb used=1197Kb max_used=1197Kb free=118802Kb
 bounds [0x000001b0ee120000, 0x000001b0ee390000, 0x000001b0f5650000]
CodeHeap 'non-nmethods': size=5760Kb used=1436Kb max_used=1462Kb free=4323Kb
 bounds [0x000001b0f5650000, 0x000001b0f58c0000, 0x000001b0f5bf0000]
 total_blobs=1277 nmethods=801 adapters=387
 compilation: enabled
              stopped_count=0, restarted_count=0
 full_count=0

Compilation events (20 events):
Event: 2.949 Thread 0x000001b0feb64370  793       3       java.util.concurrent.locks.ReentrantLock$Sync::tryRelease (51 bytes)
Event: 2.949 Thread 0x000001b0feb64370 nmethod 793 0x000001b0ee24a190 code [0x000001b0ee24a340, 0x000001b0ee24a670]
Event: 2.958 Thread 0x000001b0feb64370  795       3       java.io.BufferedReader::fill (170 bytes)
Event: 2.959 Thread 0x000001b0feb64370 nmethod 795 0x000001b0ee24a710 code [0x000001b0ee24a8e0, 0x000001b0ee24af80]
Event: 2.960 Thread 0x000001b0feb64370  796       3       java.nio.Buffer::limit (65 bytes)
Event: 2.960 Thread 0x000001b0feb64370 nmethod 796 0x000001b0ee24b110 code [0x000001b0ee24b2c0, 0x000001b0ee24b578]
Event: 2.989 Thread 0x000001b0feb5b9e0 nmethod 792% 0x000001b0f5c37310 code [0x000001b0f5c37500, 0x000001b0f5c38300]
Event: 2.989 Thread 0x000001b0feb5b9e0  794       4       jdk.internal.misc.Unsafe::checkNativeAddress (28 bytes)
Event: 2.990 Thread 0x000001b0feb5b9e0 nmethod 794 0x000001b0f5c38b10 code [0x000001b0f5c38c80, 0x000001b0f5c38d08]
Event: 2.990 Thread 0x000001b0feb5b9e0  797       4       java.io.BufferedReader::implReadLine (302 bytes)
Event: 3.021 Thread 0x000001b0feb5b9e0 nmethod 797 0x000001b0f5c38e10 code [0x000001b0f5c38fe0, 0x000001b0f5c39af8]
Event: 3.049 Thread 0x000001b0feb5b9e0  798       4       java.nio.Buffer::<init> (105 bytes)
Event: 3.056 Thread 0x000001b0feb5b9e0 nmethod 798 0x000001b0f5c3a210 code [0x000001b0f5c3a3a0, 0x000001b0f5c3a6f0]
Event: 3.059 Thread 0x000001b0feb5b9e0  799       4       jdk.internal.misc.Unsafe::checkSize (32 bytes)
Event: 3.059 Thread 0x000001b0feb5b9e0 nmethod 799 0x000001b0f5c3a990 code [0x000001b0f5c3ab00, 0x000001b0f5c3abb8]
Event: 3.059 Thread 0x000001b0feb5b9e0  800       4       java.nio.CharBuffer::<init> (24 bytes)
Event: 3.065 Thread 0x000001b0feb5b9e0 nmethod 800 0x000001b0f5c3ac90 code [0x000001b0f5c3ae00, 0x000001b0f5c3b1c0]
Event: 3.065 Thread 0x000001b0feb5b9e0  801       4       jdk.internal.misc.Unsafe::copyMemory (33 bytes)
Event: 3.070 Thread 0x000001b0feb5b9e0 nmethod 801 0x000001b0f5c3b490 code [0x000001b0f5c3b600, 0x000001b0f5c3b970]
Event: 3.088 Thread 0x000001b0feb5b9e0  802  s    4       sun.nio.ch.ChannelInputStream::read (77 bytes)

GC Heap History (14 events):
Event: 1.131 GC heap before
{Heap before GC invocations=0 (full 0):
 garbage-first heap   total 65536K, used 12288K [0x00000000c1600000, 0x0000000100000000)
  region size 1024K, 13 young (13312K), 0 survivors (0K)
 Metaspace       used 1340K, committed 1536K, reserved 1114112K
  class space    used 110K, committed 192K, reserved 1048576K
}
Event: 1.154 GC heap after
{Heap after GC invocations=1 (full 0):
 garbage-first heap   total 65536K, used 10496K [0x00000000c1600000, 0x0000000100000000)
  region size 1024K, 2 young (2048K), 2 survivors (2048K)
 Metaspace       used 1340K, committed 1536K, reserved 1114112K
  class space    used 110K, committed 192K, reserved 1048576K
}
Event: 1.259 GC heap before
{Heap before GC invocations=1 (full 0):
 garbage-first heap   total 65536K, used 19712K [0x00000000c1600000, 0x0000000100000000)
  region size 1024K, 9 young (9216K), 2 survivors (2048K)
 Metaspace       used 1341K, committed 1536K, reserved 1114112K
  class space    used 110K, committed 192K, reserved 1048576K
}
Event: 1.277 GC heap after
{Heap after GC invocations=2 (full 0):
 garbage-first heap   total 65536K, used 19456K [0x00000000c1600000, 0x0000000100000000)
  region size 1024K, 2 young (2048K), 2 survivors (2048K)
 Metaspace       used 1341K, committed 1536K, reserved 1114112K
  class space    used 110K, committed 192K, reserved 1048576K
}
Event: 1.410 GC heap before
{Heap before GC invocations=2 (full 0):
 garbage-first heap   total 65536K, used 31744K [0x00000000c1600000, 0x0000000100000000)
  region size 1024K, 12 young (12288K), 2 survivors (2048K)
 Metaspace       used 1341K, committed 1536K, reserved 1114112K
  class space    used 110K, committed 192K, reserved 1048576K
}
Event: 1.435 GC heap after
{Heap after GC invocations=3 (full 0):
 garbage-first heap   total 65536K, used 32256K [0x00000000c1600000, 0x0000000100000000)
  region size 1024K, 2 young (2048K), 2 survivors (2048K)
 Metaspace       used 1341K, committed 1536K, reserved 1114112K
  class space    used 110K, committed 192K, reserved 1048576K
}
Event: 1.540 GC heap before
{Heap before GC invocations=3 (full 0):
 garbage-first heap   total 65536K, used 39424K [0x00000000c1600000, 0x0000000100000000)
  region size 1024K, 10 young (10240K), 2 survivors (2048K)
 Metaspace       used 1341K, committed 1536K, reserved 1114112K
  class space    used 110K, committed 192K, reserved 1048576K
}
Event: 1.557 GC heap after
{Heap after GC invocations=4 (full 0):
 garbage-first heap   total 65536K, used 40960K [0x00000000c1600000, 0x0000000100000000)
  region size 1024K, 2 young (2048K), 2 survivors (2048K)
 Metaspace       used 1341K, committed 1536K, reserved 1114112K
  class space    used 110K, committed 192K, reserved 1048576K
}
Event: 1.652 GC heap before
{Heap before GC invocations=4 (full 0):
 garbage-first heap   total 78848K, used 48128K [0x00000000c1600000, 0x0000000100000000)
  region size 1024K, 8 young (8192K), 2 survivors (2048K)
 Metaspace       used 1341K, committed 1536K, reserved 1114112K
  class space    used 110K, committed 192K, reserved 1048576K
}
Event: 1.734 GC heap after
{Heap after GC invocations=5 (full 0):
 garbage-first heap   total 155648K, used 48640K [0x00000000c1600000, 0x0000000100000000)
  region size 1024K, 1 young (1024K), 1 survivors (1024K)
 Metaspace       used 1341K, committed 1536K, reserved 1114112K
  class space    used 110K, committed 192K, reserved 1048576K
}
Event: 1.979 GC heap before
{Heap before GC invocations=6 (full 0):
 garbage-first heap   total 155648K, used 71168K [0x00000000c1600000, 0x0000000100000000)
  region size 1024K, 19 young (19456K), 1 survivors (1024K)
 Metaspace       used 1341K, committed 1536K, reserved 1114112K
  class space    used 110K, committed 192K, reserved 1048576K
}
Event: 2.002 GC heap after
{Heap after GC invocations=7 (full 0):
 garbage-first heap   total 155648K, used 71680K [0x00000000c1600000, 0x0000000100000000)
  region size 1024K, 3 young (3072K), 3 survivors (3072K)
 Metaspace       used 1341K, committed 1536K, reserved 1114112K
  class space    used 110K, committed 192K, reserved 1048576K
}
Event: 2.826 GC heap before
{Heap before GC invocations=7 (full 0):
 garbage-first heap   total 155648K, used 99328K [0x00000000c1600000, 0x0000000100000000)
  region size 1024K, 25 young (25600K), 3 survivors (3072K)
 Metaspace       used 1634K, committed 1856K, reserved 1114112K
  class space    used 134K, committed 256K, reserved 1048576K
}
Event: 2.865 GC heap after
{Heap after GC invocations=8 (full 0):
 garbage-first heap   total 155648K, used 98304K [0x00000000c1600000, 0x0000000100000000)
  region size 1024K, 4 young (4096K), 4 survivors (4096K)
 Metaspace       used 1634K, committed 1856K, reserved 1114112K
  class space    used 134K, committed 256K, reserved 1048576K
}

Dll operation events (10 events):
Event: 0.084 Loaded shared library C:\Program Files\Java\jdk-20\bin\java.dll
Event: 0.210 Loaded shared library C:\Program Files\Java\jdk-20\bin\jsvml.dll
Event: 0.564 Loaded shared library C:\Program Files\Java\jdk-20\bin\zip.dll
Event: 0.577 Loaded shared library C:\Program Files\Java\jdk-20\bin\instrument.dll
Event: 0.606 Loaded shared library C:\Program Files\Java\jdk-20\bin\net.dll
Event: 0.611 Loaded shared library C:\Program Files\Java\jdk-20\bin\nio.dll
Event: 0.624 Loaded shared library C:\Program Files\Java\jdk-20\bin\zip.dll
Event: 0.672 Loaded shared library C:\Program Files\JetBrains\IntelliJ IDEA Community Edition 2024.2.2\bin\breakgen64.dll
Event: 0.703 Loaded shared library C:\Program Files\Java\jdk-20\bin\extnet.dll
Event: 0.750 Loaded shared library C:\Program Files\Java\jdk-20\bin\jimage.dll

Deoptimization events (20 events):
Event: 2.929 Thread 0x000001b0e6079610 DEOPT PACKING pc=0x000001b0f5c2c0f8 sp=0x0000001520fff1b0
Event: 2.929 Thread 0x000001b0e6079610 DEOPT UNPACKING pc=0x000001b0f56b9d22 sp=0x0000001520ffef50 mode 2
Event: 2.990 Thread 0x000001b0e6079610 DEOPT PACKING pc=0x000001b0ee249793 sp=0x0000001520fff2a0
Event: 2.990 Thread 0x000001b0e6079610 DEOPT UNPACKING pc=0x000001b0f56ba4c2 sp=0x0000001520ffe7a8 mode 0
Event: 2.997 Thread 0x000001b0e6079610 DEOPT PACKING pc=0x000001b0ee249793 sp=0x0000001520fff2a0
Event: 2.997 Thread 0x000001b0e6079610 DEOPT UNPACKING pc=0x000001b0f56ba4c2 sp=0x0000001520ffe7a8 mode 0
Event: 3.000 Thread 0x000001b0e6079610 DEOPT PACKING pc=0x000001b0ee249793 sp=0x0000001520fff2a0
Event: 3.000 Thread 0x000001b0e6079610 DEOPT UNPACKING pc=0x000001b0f56ba4c2 sp=0x0000001520ffe7a8 mode 0
Event: 3.002 Thread 0x000001b0e6079610 DEOPT PACKING pc=0x000001b0ee249793 sp=0x0000001520fff2a0
Event: 3.002 Thread 0x000001b0e6079610 DEOPT UNPACKING pc=0x000001b0f56ba4c2 sp=0x0000001520ffe7a8 mode 0
Event: 3.007 Thread 0x000001b0e6079610 DEOPT PACKING pc=0x000001b0ee249793 sp=0x0000001520fff2a0
Event: 3.008 Thread 0x000001b0e6079610 DEOPT UNPACKING pc=0x000001b0f56ba4c2 sp=0x0000001520ffe7a8 mode 0
Event: 3.012 Thread 0x000001b0e6079610 DEOPT PACKING pc=0x000001b0ee249793 sp=0x0000001520fff2a0
Event: 3.012 Thread 0x000001b0e6079610 DEOPT UNPACKING pc=0x000001b0f56ba4c2 sp=0x0000001520ffe7a8 mode 0
Event: 3.013 Thread 0x000001b0e6079610 DEOPT PACKING pc=0x000001b0ee249793 sp=0x0000001520fff2a0
Event: 3.013 Thread 0x000001b0e6079610 DEOPT UNPACKING pc=0x000001b0f56ba4c2 sp=0x0000001520ffe7a8 mode 0
Event: 3.018 Thread 0x000001b0e6079610 DEOPT PACKING pc=0x000001b0ee249793 sp=0x0000001520fff2a0
Event: 3.018 Thread 0x000001b0e6079610 DEOPT UNPACKING pc=0x000001b0f56ba4c2 sp=0x0000001520ffe7a8 mode 0
Event: 3.019 Thread 0x000001b0e6079610 DEOPT PACKING pc=0x000001b0ee249793 sp=0x0000001520fff2a0
Event: 3.019 Thread 0x000001b0e6079610 DEOPT UNPACKING pc=0x000001b0f56ba4c2 sp=0x0000001520ffe7a8 mode 0

Classes loaded (20 events):
Event: 2.706 Loading class sun/net/www/protocol/jrt/Handler
Event: 2.707 Loading class sun/net/www/protocol/jrt/Handler done
Event: 2.877 Loading class sun/util/resources/LocaleData$CommonResourceBundleProvider
Event: 2.877 Loading class sun/util/resources/LocaleData$LocaleDataResourceBundleProvider
Event: 2.877 Loading class java/util/spi/ResourceBundleProvider
Event: 2.877 Loading class java/util/spi/ResourceBundleProvider done
Event: 2.877 Loading class sun/util/resources/LocaleData$LocaleDataResourceBundleProvider done
Event: 2.878 Loading class sun/util/resources/LocaleData$CommonResourceBundleProvider done
Event: 2.878 Loading class java/util/ArrayList$SubList$1
Event: 2.879 Loading class java/util/ArrayList$SubList$1 done
Event: 2.879 Loading class sun/text/resources/cldr/FormatData_en
Event: 2.880 Loading class sun/text/resources/cldr/FormatData_en done
Event: 2.881 Loading class sun/util/resources/Bundles$2
Event: 2.881 Loading class sun/util/resources/Bundles$2 done
Event: 2.882 Loading class java/lang/InstantiationException
Event: 2.883 Loading class java/lang/InstantiationException done
Event: 2.883 Loading class java/lang/IllegalAccessException
Event: 2.883 Loading class java/lang/IllegalAccessException done
Event: 3.048 Loading class java/lang/foreign/MemorySegment
Event: 3.048 Loading class java/lang/foreign/MemorySegment done

Classes unloaded (0 events):
No events

Classes redefined (0 events):
No events

Internal exceptions (4 events):
Event: 0.640 Thread 0x000001b0e6079610 Exception <a 'java/lang/NoSuchMethodError'{0x00000000c5309c68}: 'void java.lang.invoke.DirectMethodHandle$Holder.invokeStatic(java.lang.Object, java.lang.Object, java.lang.Object)'> (0x00000000c5309c68) 
thrown [s\open\src\hotspot\share\interpreter\linkResolver.cpp, line 773]
Event: 0.651 Thread 0x000001b0e6079610 Exception <a 'java/lang/NoSuchMethodError'{0x00000000c5321170}: 'java.lang.Object java.lang.invoke.Invokers$Holder.invokeExact_MT(java.lang.Object, java.lang.Object, java.lang.Object, java.lang.Object, java.lang.Object)'> (0x00000000c5321170) 
thrown [s\open\src\hotspot\share\interpreter\linkResolver.cpp, line 773]
Event: 0.708 Thread 0x000001b0fee2dc30 Exception <a 'java/lang/NoSuchMethodError'{0x00000000c534a170}: 'void java.lang.invoke.DirectMethodHandle$Holder.invokeStatic(java.lang.Object, java.lang.Object)'> (0x00000000c534a170) 
thrown [s\open\src\hotspot\share\interpreter\linkResolver.cpp, line 773]
Event: 0.830 Thread 0x000001b0e6079610 Exception <a 'sun/nio/fs/WindowsException'{0x00000000c52b0e88}> (0x00000000c52b0e88) 
thrown [s\open\src\hotspot\share\prims\jni.cpp, line 519]

VM Operations (20 events):
Event: 1.130 Executing VM operation: G1CollectForAllocation
Event: 1.154 Executing VM operation: G1CollectForAllocation done
Event: 1.259 Executing VM operation: G1CollectForAllocation
Event: 1.277 Executing VM operation: G1CollectForAllocation done
Event: 1.410 Executing VM operation: G1CollectForAllocation
Event: 1.435 Executing VM operation: G1CollectForAllocation done
Event: 1.540 Executing VM operation: G1TryInitiateConcMark
Event: 1.557 Executing VM operation: G1TryInitiateConcMark done
Event: 1.629 Executing VM operation: G1PauseRemark
Event: 1.630 Executing VM operation: G1PauseRemark done
Event: 1.652 Executing VM operation: G1CollectForAllocation
Event: 1.734 Executing VM operation: G1CollectForAllocation done
Event: 1.743 Executing VM operation: G1PauseCleanup
Event: 1.743 Executing VM operation: G1PauseCleanup done
Event: 1.979 Executing VM operation: G1CollectForAllocation
Event: 2.002 Executing VM operation: G1CollectForAllocation done
Event: 2.823 Executing VM operation: HandshakeAllThreads
Event: 2.823 Executing VM operation: HandshakeAllThreads done
Event: 2.826 Executing VM operation: G1CollectForAllocation
Event: 2.865 Executing VM operation: G1CollectForAllocation done

Events (12 events):
Event: 0.211 Thread 0x000001b0e6079610 Thread added: 0x000001b0e6079610
Event: 0.271 Thread 0x000001b0feb470d0 Thread added: 0x000001b0feb470d0
Event: 0.272 Thread 0x000001b0feb49440 Thread added: 0x000001b0feb49440
Event: 0.272 Thread 0x000001b0feb4f060 Thread added: 0x000001b0feb4f060
Event: 0.272 Thread 0x000001b0feb4f9a0 Thread added: 0x000001b0feb4f9a0
Event: 0.272 Thread 0x000001b0feb50af0 Thread added: 0x000001b0feb50af0
Event: 0.273 Thread 0x000001b0feb56d50 Thread added: 0x000001b0feb56d50
Event: 0.273 Thread 0x000001b0feb5b9e0 Thread added: 0x000001b0feb5b9e0
Event: 0.273 Thread 0x000001b0feb64370 Thread added: 0x000001b0feb64370
Event: 0.470 Thread 0x000001b0feb1c940 Thread added: 0x000001b0feb1c940
Event: 0.674 Thread 0x000001b0fee2dc30 Thread added: 0x000001b0fee2dc30
Event: 0.674 Thread 0x000001b0fee474c0 Thread added: 0x000001b0fee474c0


Dynamic libraries:
0x00007ff6b46f0000 - 0x00007ff6b4700000 	C:\Program Files\Java\jdk-20\bin\java.exe
0x00007ffd062f0000 - 0x00007ffd064e8000 	C:\Windows\SYSTEM32\ntdll.dll
0x00007ffd05870000 - 0x00007ffd05931000 	C:\Windows\System32\KERNEL32.DLL
0x00007ffd03dc0000 - 0x00007ffd040bd000 	C:\Windows\System32\KERNELBASE.dll
0x00007ffd00ad0000 - 0x00007ffd00b64000 	C:\Windows\SYSTEM32\apphelp.dll
0x00007ffd039d0000 - 0x00007ffd03ad0000 	C:\Windows\System32\ucrtbase.dll
0x00007ffcfaa30000 - 0x00007ffcfaa49000 	C:\Program Files\Java\jdk-20\bin\jli.dll
0x00007ffd057b0000 - 0x00007ffd05860000 	C:\Windows\System32\ADVAPI32.dll
0x00007ffd049b0000 - 0x00007ffd04a4e000 	C:\Windows\System32\msvcrt.dll
0x00007ffd046b0000 - 0x00007ffd04750000 	C:\Windows\System32\sechost.dll
0x00007ffd04b40000 - 0x00007ffd04c63000 	C:\Windows\System32\RPCRT4.dll
0x00007ffd03b40000 - 0x00007ffd03b67000 	C:\Windows\System32\bcrypt.dll
0x00007ffd04810000 - 0x00007ffd049ad000 	C:\Windows\System32\USER32.dll
0x00007ffd039a0000 - 0x00007ffd039c2000 	C:\Windows\System32\win32u.dll
0x00007ffd06280000 - 0x00007ffd062ab000 	C:\Windows\System32\GDI32.dll
0x00007ffd04170000 - 0x00007ffd04287000 	C:\Windows\System32\gdi32full.dll
0x00007ffd03b70000 - 0x00007ffd03c0d000 	C:\Windows\System32\msvcp_win.dll
0x00007ffce16a0000 - 0x00007ffce193a000 	C:\Windows\WinSxS\amd64_microsoft.windows.common-controls_6595b64144ccf1df_6.0.19041.4355_none_60b8b9eb71f62e16\COMCTL32.dll
0x00007ffcd3f90000 - 0x00007ffcd3fab000 	C:\Program Files\Java\jdk-20\bin\VCRUNTIME140.dll
0x00007ffcfdfe0000 - 0x00007ffcfdfea000 	C:\Windows\SYSTEM32\VERSION.dll
0x00007ffd04ab0000 - 0x00007ffd04adf000 	C:\Windows\System32\IMM32.DLL
0x00007ffcfcfa0000 - 0x00007ffcfcfac000 	C:\Program Files\Java\jdk-20\bin\vcruntime140_1.dll
0x00007ffcb1800000 - 0x00007ffcb188e000 	C:\Program Files\Java\jdk-20\bin\msvcp140.dll
0x00007ffc71710000 - 0x00007ffc723a7000 	C:\Program Files\Java\jdk-20\bin\server\jvm.dll
0x00007ffcf1370000 - 0x00007ffcf1379000 	C:\Windows\SYSTEM32\WSOCK32.dll
0x00007ffd05940000 - 0x00007ffd059ab000 	C:\Windows\System32\WS2_32.dll
0x00007ffcf5590000 - 0x00007ffcf55b7000 	C:\Windows\SYSTEM32\WINMM.dll
0x00007ffd021c0000 - 0x00007ffd021d2000 	C:\Windows\SYSTEM32\kernel.appcore.dll
0x00007ffcd0ee0000 - 0x00007ffcd0eea000 	C:\Program Files\Java\jdk-20\bin\jimage.dll
0x00007ffd015b0000 - 0x00007ffd01794000 	C:\Windows\SYSTEM32\DBGHELP.DLL
0x00007ffcfb630000 - 0x00007ffcfb664000 	C:\Windows\SYSTEM32\dbgcore.DLL
0x00007ffd04290000 - 0x00007ffd04312000 	C:\Windows\System32\bcryptPrimitives.dll
0x00007ffcff8e0000 - 0x00007ffcff8ee000 	C:\Program Files\Java\jdk-20\bin\instrument.dll
0x00007ffcb17d0000 - 0x00007ffcb17f6000 	C:\Program Files\Java\jdk-20\bin\java.dll
0x00007ffcaf220000 - 0x00007ffcaf2f7000 	C:\Program Files\Java\jdk-20\bin\jsvml.dll
0x00007ffd04c70000 - 0x00007ffd053df000 	C:\Windows\System32\SHELL32.dll
0x00007ffd01a00000 - 0x00007ffd021a3000 	C:\Windows\SYSTEM32\windows.storage.dll
0x00007ffd053f0000 - 0x00007ffd05743000 	C:\Windows\System32\combase.dll
0x00007ffd03300000 - 0x00007ffd0332e000 	C:\Windows\SYSTEM32\Wldp.dll
0x00007ffd059b0000 - 0x00007ffd05a7d000 	C:\Windows\System32\OLEAUT32.dll
0x00007ffd05b60000 - 0x00007ffd05c0d000 	C:\Windows\System32\SHCORE.dll
0x00007ffd04a50000 - 0x00007ffd04aa5000 	C:\Windows\System32\shlwapi.dll
0x00007ffd038d0000 - 0x00007ffd038f4000 	C:\Windows\SYSTEM32\profapi.dll
0x00007ffcb1f60000 - 0x00007ffcb1f78000 	C:\Program Files\Java\jdk-20\bin\zip.dll
0x00007ffccdec0000 - 0x00007ffccded3000 	C:\Program Files\Java\jdk-20\bin\net.dll
0x00007ffcfb670000 - 0x00007ffcfb77d000 	C:\Windows\SYSTEM32\WINHTTP.dll
0x00007ffd03060000 - 0x00007ffd030ca000 	C:\Windows\system32\mswsock.dll
0x00007ffcc79a0000 - 0x00007ffcc79b6000 	C:\Program Files\Java\jdk-20\bin\nio.dll
0x00007ffcfac30000 - 0x00007ffcfac4a000 	C:\Program Files\JetBrains\IntelliJ IDEA Community Edition 2024.2.2\bin\breakgen64.dll
0x00007ffcd0230000 - 0x00007ffcd0237000 	C:\Program Files\Java\jdk-20\bin\extnet.dll
0x00007ffd02bd0000 - 0x00007ffd02c03000 	C:\Windows\SYSTEM32\ntmarta.dll

dbghelp: loaded successfully - version: 4.0.5 - missing functions: none
symbol engine: initialized successfully - sym options: 0x614 - pdb path: .;C:\Program Files\Java\jdk-20\bin;C:\Windows\SYSTEM32;C:\Windows\WinSxS\amd64_microsoft.windows.common-controls_6595b64144ccf1df_6.0.19041.4355_none_60b8b9eb71f62e16;C:\Program Files\Java\jdk-20\bin\server;C:\Program Files\JetBrains\IntelliJ IDEA Community Edition 2024.2.2\bin

VM Arguments:
jvm_args: -javaagent:C:\Program Files\JetBrains\IntelliJ IDEA Community Edition 2024.2.2\lib\idea_rt.jar=54375:C:\Program Files\JetBrains\IntelliJ IDEA Community Edition 2024.2.2\bin -Dfile.encoding=UTF-8 -Dsun.stdout.encoding=UTF-8 -Dsun.stderr.encoding=UTF-8 
java_command: capital.valar.supertrend.application.ValarTrade
java_class_path (initial): C:\Users\HP\Downloads\Bollinger_20240809\target\classes;C:\Users\HP\.m2\repository\org\ta4j\ta4j-core\0.15\ta4j-core-0.15.jar;C:\Users\HP\.m2\repository\org\slf4j\slf4j-api\1.7.25\slf4j-api-1.7.25.jar
Launcher Type: SUN_STANDARD

[Global flags]
     intx CICompilerCount                          = 3                                         {product} {ergonomic}
     uint ConcGCThreads                            = 1                                         {product} {ergonomic}
     uint G1ConcRefinementThreads                  = 4                                         {product} {ergonomic}
   size_t G1HeapRegionSize                         = 1048576                                   {product} {ergonomic}
    uintx GCDrainStackTargetSize                   = 64                                        {product} {ergonomic}
   size_t InitialHeapSize                          = 67108864                                  {product} {ergonomic}
   size_t MarkStackSize                            = 4194304                                   {product} {ergonomic}
   size_t MaxHeapSize                              = 1050673152                                {product} {ergonomic}
   size_t MaxNewSize                               = 630194176                                 {product} {ergonomic}
   size_t MinHeapDeltaBytes                        = 1048576                                   {product} {ergonomic}
   size_t MinHeapSize                              = 8388608                                   {product} {ergonomic}
    uintx NonNMethodCodeHeapSize                   = 5832780                                {pd product} {ergonomic}
    uintx NonProfiledCodeHeapSize                  = 122912730                              {pd product} {ergonomic}
    uintx ProfiledCodeHeapSize                     = 122912730                              {pd product} {ergonomic}
    uintx ReservedCodeCacheSize                    = 251658240                              {pd product} {ergonomic}
     bool SegmentedCodeCache                       = true                                      {product} {ergonomic}
   size_t SoftMaxHeapSize                          = 1050673152                             {manageable} {ergonomic}
     bool UseCompressedClassPointers               = true                           {product lp64_product} {ergonomic}
     bool UseCompressedOops                        = true                           {product lp64_product} {ergonomic}
     bool UseG1GC                                  = true                                      {product} {ergonomic}
     bool UseLargePagesIndividualAllocation        = false                                  {pd product} {ergonomic}

Logging:
Log output configuration:
 #0: stdout all=warning uptime,level,tags foldmultilines=false
 #1: stderr all=off uptime,level,tags foldmultilines=false

Environment Variables:
JAVA_HOME=C:\Program Files\Java\jdk-20
PATH=C:\Program Files\Google\Chrome\Application;C:\Program Files\Python312\Scripts\;C:\Program Files\Python312\;C:\Python311\Scripts\;C:\Python311\;C:\Program Files\Common Files\Oracle\Java\javapath;C:\Windows\system32;C:\Windows;C:\Windows\System32\Wbem;C:\Windows\System32\WindowsPowerShell\v1.0\;C:\Windows\System32\OpenSSH\;C:\Program Files\Git\cmd;C:\apache-maven-3.9.1\bin;C:\Program Files\Java\jdk-20\bin;C:\Program Files\Java\jdk-20\bin;C:\ProgramData\chocolatey\bin;C:\Program Files\nodejs\;C:\Users\HP\AppData\Local\Microsoft\WindowsApps;C:\Users\HP\AppData\Local\Programs\Microsoft VS Code\bin;C:\Program Files\JetBrains\IntelliJ IDEA 2023.1.4\bin;;C:\Program Files\JetBrains\IntelliJ IDEA Community Edition 2023.1.4\bin;;C:\Program Files\MongoDB\Server\7.0\bin;C:\Users\HP\AppData\Roaming\npm
USERNAME=HP
OS=Windows_NT
PROCESSOR_IDENTIFIER=Intel64 Family 6 Model 142 Stepping 9, GenuineIntel
TMP=C:\Users\HP\AppData\Local\Temp
TEMP=C:\Users\HP\AppData\Local\Temp




---------------  S Y S T E M  ---------------

OS:
 Windows 10 , 64 bit Build 19041 (10.0.19041.4842)
OS uptime: 2 days 20:19 hours

CPU: total 4 (initial active 4) (2 cores per cpu, 2 threads per core) family 6 model 142 stepping 9 microcode 0xde, cx8, cmov, fxsr, ht, mmx, 3dnowpref, sse, sse2, sse3, ssse3, sse4.1, sse4.2, popcnt, lzcnt, tsc, tscinvbit, avx, avx2, aes, erms, clmul, bmi1, bmi2, adx, fma, vzeroupper, clflush, clflushopt, rdtscp, f16c

Memory: 4k page, system-wide physical 4007M (63M free)
TotalPageFile size 16295M (AvailPageFile size 3M)
current process WorkingSet (physical memory assigned to process): 166M, peak: 167M
current process commit charge ("private bytes"): 236M, peak: 238M

vm_info: Java HotSpot(TM) 64-Bit Server VM (20.0.1+9-29) for windows-amd64 JRE (20.0.1+9-29), built on 2023-03-07T13:56:11Z by "mach5one" with MS VC++ 17.1 (VS2022)

END.
